Log file open, 01/04/19 23:21:58
LogWindows: Failed to load 'aqProf.dll' (GetLastError=126)
LogWindows: File 'aqProf.dll' does not exist
LogWindows: Failed to load 'VtuneApi.dll' (GetLastError=126)
LogWindows: File 'VtuneApi.dll' does not exist
LogWindows: Failed to load 'VtuneApi32e.dll' (GetLastError=126)
LogWindows: File 'VtuneApi32e.dll' does not exist
LogInit: Display: Running engine for game: Warframe_A
LogPlatformFile: Not using cached read wrapper
LogTaskGraph: Started task graph with 5 named threads and 35 total threads with 3 sets of task threads.
LogStats: Stats thread started at 0.390326
LogD3D11RHI: Loaded GFSDK_Aftermath_Lib.x64.dll
LogICUInternationalization: Display: ICU TimeZone Detection - Raw Offset: +8:00, Platform Override: ''
LogPluginManager: Mounting plugin Paper2D
LogPluginManager: Mounting plugin AISupport
LogPluginManager: Mounting plugin LightPropagationVolume
LogPluginManager: Mounting plugin CLionSourceCodeAccess
LogPluginManager: Mounting plugin CodeLiteSourceCodeAccess
LogPluginManager: Mounting plugin GitSourceControl
LogPluginManager: Mounting plugin KDevelopSourceCodeAccess
LogPluginManager: Mounting plugin NullSourceCodeAccess
LogPluginManager: Mounting plugin PerforceSourceControl
LogPluginManager: Mounting plugin SubversionSourceControl
LogPluginManager: Mounting plugin UObjectPlugin
LogPluginManager: Mounting plugin VisualStudioCodeSourceCodeAccess
LogPluginManager: Mounting plugin VisualStudioSourceCodeAccess
LogPluginManager: Mounting plugin XCodeSourceCodeAccess
LogPluginManager: Mounting plugin AssetManagerEditor
LogPluginManager: Mounting plugin CryptoKeys
LogPluginManager: Mounting plugin DataValidation
LogPluginManager: Mounting plugin FacialAnimation
LogPluginManager: Mounting plugin GameplayTagsEditor
LogPluginManager: Mounting plugin MacGraphicsSwitching
LogPluginManager: Mounting plugin MeshEditor
LogPluginManager: Mounting plugin MobileLauncherProfileWizard
LogPluginManager: Mounting plugin PluginBrowser
LogPluginManager: Mounting plugin SpeedTreeImporter
LogPluginManager: Mounting plugin DatasmithContent
LogPluginManager: Mounting plugin AlembicImporter
LogPluginManager: Mounting plugin AppleImageUtils
LogPluginManager: Mounting plugin AppleVision
LogPluginManager: Mounting plugin BackChannel
LogPluginManager: Mounting plugin CharacterAI
LogPluginManager: Mounting plugin GeometryCache
LogPluginManager: Mounting plugin HTML5Networking
LogPluginManager: Mounting plugin ProxyLODPlugin
LogPluginManager: Mounting plugin MagicLeap
LogPluginManager: Mounting plugin MagicLeapEmulator
LogPluginManager: Mounting plugin MagicLeapMedia
LogPluginManager: Mounting plugin AndroidMedia
LogPluginManager: Mounting plugin AvfMedia
LogPluginManager: Mounting plugin ImgMedia
LogPluginManager: Mounting plugin LinearTimecode
LogPluginManager: Mounting plugin MediaCompositing
LogPluginManager: Mounting plugin MediaPlayerEditor
LogPluginManager: Mounting plugin WmfMedia
LogPluginManager: Mounting plugin TcpMessaging
LogPluginManager: Mounting plugin UdpMessaging
LogPluginManager: Mounting plugin ActorSequence
LogPluginManager: Mounting plugin LevelSequenceEditor
LogPluginManager: Mounting plugin MatineeToLevelSequence
LogPluginManager: Mounting plugin NetcodeUnitTest
LogPluginManager: Mounting plugin NUTUnrealEngine4
LogPluginManager: Mounting plugin OnlineSubsystemGooglePlay
LogPluginManager: Mounting plugin OnlineSubsystemIOS
LogPluginManager: Mounting plugin OnlineSubsystem
LogPluginManager: Mounting plugin OnlineSubsystemNull
LogPluginManager: Mounting plugin OnlineSubsystemUtils
LogPluginManager: Mounting plugin LauncherChunkInstaller
LogPluginManager: Mounting plugin AndroidDeviceProfileSelector
LogPluginManager: Mounting plugin AndroidMoviePlayer
LogPluginManager: Mounting plugin AndroidPermission
LogPluginManager: Mounting plugin AppleMoviePlayer
LogPluginManager: Mounting plugin ArchVisCharacter
LogPluginManager: Mounting plugin AudioCapture
LogPluginManager: Mounting plugin CableComponent
LogPluginManager: Mounting plugin CustomMeshComponent
LogPluginManager: Mounting plugin EditableMesh
LogPluginManager: Mounting plugin ExampleDeviceProfileSelector
LogPluginManager: Mounting plugin GoogleCloudMessaging
LogPluginManager: Mounting plugin ImmediatePhysics
LogPluginManager: Mounting plugin IOSDeviceProfileSelector
LogPluginManager: Mounting plugin LinuxDeviceProfileSelector
LogPluginManager: Mounting plugin LocationServicesBPLibrary
LogPluginManager: Mounting plugin MobilePatchingUtils
LogPluginManager: Mounting plugin OculusVR
LogPluginManager: Plugin shader directory ../../../Engine/Plugins/Runtime/Oculus/OculusVR/Shaders found
LogPluginManager: Mapping shader source directory ../../../Engine/Plugins/Runtime/Oculus/OculusVR/Shaders to virtual directory /Plugin/OculusVR
LogPluginManager: Mounting plugin PhysXVehicles
LogPluginManager: Mounting plugin ProceduralMeshComponent
LogPluginManager: Mounting plugin RuntimePhysXCooking
LogPluginManager: Mounting plugin SteamVR
LogPluginManager: Mounting plugin WindowsMoviePlayer
LogStreaming: Display: Took  0.282s to configure plugins.
LogInit: Using libcurl 7.55.1-DEV
LogInit:  - built for x86_64-pc-win32
LogInit:  - supports SSL with OpenSSL/1.0.2h
LogInit:  - supports HTTP deflate (compression) using libz 1.2.8
LogInit:  - other features:
LogInit:      CURL_VERSION_SSL
LogInit:      CURL_VERSION_LIBZ
LogInit:      CURL_VERSION_IPV6
LogInit:      CURL_VERSION_ASYNCHDNS
LogInit:      CURL_VERSION_LARGEFILE
LogInit:      CURL_VERSION_IDN
LogInit:  CurlRequestOptions (configurable via config and command line):
LogInit:  - bVerifyPeer = false  - Libcurl will NOT verify peer certificate
LogInit:  - bUseHttpProxy = false  - Libcurl will NOT use HTTP proxy
LogInit:  - bDontReuseConnections = false  - Libcurl will reuse connections
LogInit:  - CertBundlePath = nullptr  - Libcurl will use whatever was configured at build time.
LogInit:  - MaxHostConnections = 16  - Libcurl will limit the number of connections to a host
LogInit:  - LocalHostAddr = Default
LogInit:  - BufferSize = 65536
LogInit: WinSock: version 1.1 (2.2), MaxSocks=32767, MaxUdp=65467
LogInit: Build: UE4-CL-0
LogInit: Engine Version: 4.21.0-0+UE4
LogInit: Compatible Engine Version: 4.21.0-0+UE4
LogInit: Net CL: 0
LogInit: OS: Windows 10 (), CPU: Intel(R) Core(TM) i7-8700 CPU @ 3.20GHz, GPU: NVIDIA GeForce GTX 1060 6GB
LogInit: Compiled (64-bit): Dec 27 2018 13:45:39
LogInit: Compiled with Visual C++: 19.16.27025.01
LogInit: Build Configuration: Development
LogInit: Branch Name: UE4
LogInit: Command Line: 
LogInit: Base Directory: Q:/UnrealEngine-staging-4.20/Engine/Binaries/Win64/
LogInit: Installed Engine Build: 0
LogDevObjectVersion: Number of dev versions registered: 20
LogDevObjectVersion:   Dev-Blueprints (B0D832E4-1F89-4F0D-ACCF-7EB736FD4AA2): 10
LogDevObjectVersion:   Dev-Build (E1C64328-A22C-4D53-A36C-8E866417BD8C): 0
LogDevObjectVersion:   Dev-Core (375EC13C-06E4-48FB-B500-84F0262A717E): 2
LogDevObjectVersion:   Dev-Editor (E4B068ED-F494-42E9-A231-DA0B2E46BB41): 24
LogDevObjectVersion:   Dev-Framework (CFFC743F-43B0-4480-9391-14DF171D2073): 34
LogDevObjectVersion:   Dev-Mobile (B02B49B5-BB20-44E9-A304-32B752E40360): 2
LogDevObjectVersion:   Dev-Networking (A4E4105C-59A1-49B5-A7C5-40C4547EDFEE): 0
LogDevObjectVersion:   Dev-Online (39C831C9-5AE6-47DC-9A44-9C173E1C8E7C): 0
LogDevObjectVersion:   Dev-Physics (78F01B33-EBEA-4F98-B9B4-84EACCB95AA2): 0
LogDevObjectVersion:   Dev-Platform (6631380F-2D4D-43E0-8009-CF276956A95A): 0
LogDevObjectVersion:   Dev-Rendering (12F88B9F-8875-4AFC-A67C-D90C383ABD29): 26
LogDevObjectVersion:   Dev-Sequencer (7B5AE74C-D270-4C10-A958-57980B212A5A): 9
LogDevObjectVersion:   Dev-VR (D7296918-1DD6-4BDD-9DE2-64A83CC13884): 2
LogDevObjectVersion:   Dev-LoadTimes (C2A15278-BFE7-4AFE-6C17-90FF531DF755): 1
LogDevObjectVersion:   Private-Geometry (6EACA3D4-40EC-4CC1-B786-8BED09428FC5): 3
LogDevObjectVersion:   Dev-AnimPhys (29E575DD-E0A3-4627-9D10-D276232CDCEA): 17
LogDevObjectVersion:   Dev-ReflectionCapture (6B266CEC-1EC7-4B8F-A30B-E4D90942FC07): 1
LogDevObjectVersion:   Dev-Automation (0DF73D61-A23F-47EA-B727-89E90C41499A): 1
LogDevObjectVersion:   FortniteMain (601D1886-AC64-4F84-AA16-D3DE0DEAC7D6): 12
LogDevObjectVersion:   Dev-Enterprise (9DFFBCD6-494F-0158-E221-12823C92A888): 1
LogStreaming: Display: Took  0.061s to delete old logs.
LogInit: Presizing for max 8388607 objects, including 0 objects not considered by GC, pre-allocating 0 bytes for permanent pool.
LogInit: Object subsystem initialized
[2019.01.04-15.21.58:577][  0]LogInit: Selected Device Profile: [Windows]
[2019.01.04-15.21.58:577][  0]LogInit: Applying CVar settings loaded from the selected device profile: [Windows]
[2019.01.04-15.21.58:652][  0]LogHAL: Display: Platform has ~ 16 GB [17088872448 / 17179869184 / 16], which maps to Larger [LargestMinGB=32, LargerMinGB=12, DefaultMinGB=8, SmallerMinGB=6, SmallestMinGB=0)
[2019.01.04-15.21.58:652][  0]LogInit: Setting Device Profile CVar: [[r.Vulkan.UseRealUBs:1]]
[2019.01.04-15.21.58:652][  0]LogInit: Going up to parent DeviceProfile []
[2019.01.04-15.21.58:652][  0]LogInit: Computer: DESKTOP-0U9IS5D
[2019.01.04-15.21.58:652][  0]LogInit: User: aer
[2019.01.04-15.21.58:652][  0]LogInit: CPU Page size=4096, Cores=6
[2019.01.04-15.21.58:652][  0]LogInit: High frequency timer resolution =3.117187 MHz
[2019.01.04-15.21.58:653][  0]LogMemory: Memory total: Physical=15.9GB (16GB approx)
[2019.01.04-15.21.58:653][  0]LogMemory: Platform Memory Stats for Windows
[2019.01.04-15.21.58:653][  0]LogMemory: Process Physical Memory: 100.55 MB used, 100.55 MB peak
[2019.01.04-15.21.58:653][  0]LogMemory: Process Virtual Memory: 85.81 MB used, 85.81 MB peak
[2019.01.04-15.21.58:653][  0]LogMemory: Physical Memory: 4417.75 MB used,  11879.46 MB free, 16297.22 MB total
[2019.01.04-15.21.58:653][  0]LogMemory: Virtual Memory: 4649.77 MB used,  11879.46 MB free, 134217728.00 MB total
[2019.01.04-15.21.58:666][  0]LogInit: Overriding language with editor language configuration option (en).
[2019.01.04-15.21.58:666][  0]LogInit: Overriding locale with editor locale configuration option (en).
[2019.01.04-15.21.58:933][  0]LogStreaming: Display: Took  0.266s to InitEngineTextLocalization.
[2019.01.04-15.21.58:933][  0]LogInit: Setting process to per monitor DPI aware
[2019.01.04-15.21.58:959][  0]LogSlate: New Slate User Created.  User Index 0, Is Virtual User: 0
[2019.01.04-15.21.58:960][  0]LogSlate: Slate User Registered.  User Index 0, Is Virtual User: 0
[2019.01.04-15.21.59:084][  0]LogHMD: Failed to initialize OpenVR with code 110
[2019.01.04-15.21.59:084][  0]LogD3D11RHI: D3D11 adapters:
[2019.01.04-15.21.59:139][  0]LogD3D11RHI:    0. 'NVIDIA GeForce GTX 1060 6GB' (Feature Level 11_0)
[2019.01.04-15.21.59:139][  0]LogD3D11RHI:       6052/0/8148 MB DedicatedVideo/DedicatedSystem/SharedSystem, Outputs:2, VendorId:0x10de
[2019.01.04-15.21.59:140][  0]LogD3D11RHI:    1. 'Microsoft Basic Render Driver' (Feature Level 11_0)
[2019.01.04-15.21.59:140][  0]LogD3D11RHI:       0/0/8148 MB DedicatedVideo/DedicatedSystem/SharedSystem, Outputs:0, VendorId:0x1414
[2019.01.04-15.21.59:140][  0]LogD3D11RHI: Chosen D3D11 Adapter: 0
[2019.01.04-15.21.59:147][  0]LogD3D11RHI: Creating new Direct3DDevice
[2019.01.04-15.21.59:147][  0]LogD3D11RHI:     GPU DeviceId: 0x1c03 (for the marketing name, search the web for "GPU Device Id")
[2019.01.04-15.21.59:147][  0]LogWindows: EnumDisplayDevices:
[2019.01.04-15.21.59:147][  0]LogWindows:    0. 'NVIDIA GeForce GTX 1060 6GB' (P:0 D:1)
[2019.01.04-15.21.59:147][  0]LogWindows:    1. 'NVIDIA GeForce GTX 1060 6GB' (P:1 D:1)
[2019.01.04-15.21.59:147][  0]LogWindows:    2. 'NVIDIA GeForce GTX 1060 6GB' (P:0 D:0)
[2019.01.04-15.21.59:147][  0]LogWindows:    3. 'NVIDIA GeForce GTX 1060 6GB' (P:0 D:0)
[2019.01.04-15.21.59:148][  0]LogWindows: DebugString: FoundDriverCount:4 
[2019.01.04-15.21.59:148][  0]LogD3D11RHI:     Adapter Name: NVIDIA GeForce GTX 1060 6GB
[2019.01.04-15.21.59:148][  0]LogD3D11RHI:   Driver Version: 397.31 (internal:24.21.13.9731, unified:397.31)
[2019.01.04-15.21.59:148][  0]LogD3D11RHI:      Driver Date: 4-22-2018
[2019.01.04-15.21.59:148][  0]LogRHI: Texture pool is 4236 MB (70% of 6052 MB)
[2019.01.04-15.21.59:177][  0]LogD3D11RHI: Async texture creation enabled
[2019.01.04-15.21.59:221][  0]LogD3D11RHI: GPU Timing Frequency: 1000.000000 (Debug: 2 2)
[2019.01.04-15.21.59:317][  0]LogShaderCompilers: Guid format shader working directory is 16 characters bigger than the processId version (../../../../Work/Warframe_A/Intermediate/Shaders/WorkingDirectory/14016/).
[2019.01.04-15.21.59:318][  0]LogShaderCompilers: Cleaned the shader compiler working directory 'C:/Users/aer/AppData/Local/Temp/UnrealShaderWorkingDir/1BA62F854C910EDA7475369D1668A279/'.
[2019.01.04-15.21.59:484][  0]LogTemp: Display: Loaded TP AllDesktopTargetPlatform
[2019.01.04-15.21.59:492][  0]LogTemp: Display: Loaded TP MacClientTargetPlatform
[2019.01.04-15.21.59:499][  0]LogTemp: Display: Loaded TP MacNoEditorTargetPlatform
[2019.01.04-15.21.59:506][  0]LogTemp: Display: Loaded TP MacServerTargetPlatform
[2019.01.04-15.21.59:513][  0]LogTemp: Display: Loaded TP MacTargetPlatform
[2019.01.04-15.21.59:520][  0]LogTemp: Display: Loaded TP WindowsClientTargetPlatform
[2019.01.04-15.21.59:527][  0]LogTemp: Display: Loaded TP WindowsNoEditorTargetPlatform
[2019.01.04-15.21.59:534][  0]LogTemp: Display: Loaded TP WindowsServerTargetPlatform
[2019.01.04-15.21.59:537][  0]LogTemp: Display: Loaded TP WindowsTargetPlatform
[2019.01.04-15.21.59:574][  0]LogTemp: Display: Loaded TP AndroidTargetPlatform
[2019.01.04-15.21.59:574][  0]LogTemp: Display: Loaded TP AndroidTargetPlatform
[2019.01.04-15.21.59:574][  0]LogTemp: Display: Loaded TP AndroidTargetPlatform
[2019.01.04-15.21.59:574][  0]LogTemp: Display: Loaded TP AndroidTargetPlatform
[2019.01.04-15.21.59:574][  0]LogTemp: Display: Loaded TP AndroidTargetPlatform
[2019.01.04-15.21.59:574][  0]LogTemp: Display: Loaded TP AndroidTargetPlatform
[2019.01.04-15.21.59:574][  0]LogTemp: Display: Loaded TP AndroidTargetPlatform
[2019.01.04-15.21.59:574][  0]LogTemp: Display: Loaded TP AndroidTargetPlatform
[2019.01.04-15.21.59:574][  0]LogTemp: Display: Loaded TP AndroidTargetPlatform
[2019.01.04-15.21.59:574][  0]LogTemp: Display: Loaded TP AndroidTargetPlatform
[2019.01.04-15.21.59:574][  0]LogTemp: Display: Loaded TP AndroidTargetPlatform
[2019.01.04-15.21.59:575][  0]LogTemp: Display: Loaded TP AndroidTargetPlatform
[2019.01.04-15.21.59:575][  0]LogTemp: Display: Loaded TP AndroidTargetPlatform
[2019.01.04-15.21.59:575][  0]LogTemp: Display: Loaded TP AndroidTargetPlatform
[2019.01.04-15.21.59:575][  0]LogTemp: Display: Loaded TP AndroidTargetPlatform
[2019.01.04-15.21.59:575][  0]LogTemp: Display: Loaded TP AndroidTargetPlatform
[2019.01.04-15.21.59:575][  0]LogTemp: Display: Loaded TP AndroidTargetPlatform
[2019.01.04-15.21.59:575][  0]LogTemp: Display: Loaded TP AndroidTargetPlatform
[2019.01.04-15.21.59:575][  0]LogTemp: Display: Loaded TP HTML5TargetPlatform
[2019.01.04-15.21.59:624][  0]LogTemp: Display: Loaded TP IOSTargetPlatform
[2019.01.04-15.21.59:624][  0]LogTemp: Display: Loaded TP IOSTargetPlatform
[2019.01.04-15.21.59:637][  0]LogTemp: Display: Loaded TP TVOSTargetPlatform
[2019.01.04-15.21.59:637][  0]LogTemp: Display: Loaded TP TVOSTargetPlatform
[2019.01.04-15.21.59:641][  0]LogTemp: Display: Loaded TP LuminTargetPlatform
[2019.01.04-15.21.59:641][  0]LogTargetPlatformManager: Display: Building Assets For Windows
[2019.01.04-15.21.59:674][  0]LogXGEController: Cannot use XGE Controller as Incredibuild is not installed on this machine.
[2019.01.04-15.21.59:674][  0]LogShaderCompilers: Cannot use XGE Shader Compiler as Incredibuild is not installed on this machine.
[2019.01.04-15.21.59:674][  0]LogShaderCompilers: Display: Using Local Shader Compiler.
[2019.01.04-15.22.00:179][  0]LogDerivedDataCache: Display: Max Cache Size: 512 MB
[2019.01.04-15.22.00:672][  0]LogDerivedDataCache: Loaded boot cache 0.47s 71MB ../../../../Work/Warframe_A/DerivedDataCache/Boot.ddc.
[2019.01.04-15.22.00:672][  0]LogDerivedDataCache: Display: Loaded Boot cache: ../../../../Work/Warframe_A/DerivedDataCache/Boot.ddc
[2019.01.04-15.22.00:672][  0]LogDerivedDataCache: FDerivedDataBackendGraph:  Pak pak cache file ../../../../Work/Warframe_A/DerivedDataCache/DDC.ddp not found, will not use a pak cache.
[2019.01.04-15.22.00:672][  0]LogDerivedDataCache: Unable to find inner node Pak for hierarchical cache Hierarchy.
[2019.01.04-15.22.00:672][  0]LogDerivedDataCache: FDerivedDataBackendGraph:  EnginePak pak cache file ../../../Engine/DerivedDataCache/DDC.ddp not found, will not use a pak cache.
[2019.01.04-15.22.00:672][  0]LogDerivedDataCache: Unable to find inner node EnginePak for hierarchical cache Hierarchy.
[2019.01.04-15.22.00:684][  0]LogDerivedDataCache: Using Local data cache path ../../../Engine/DerivedDataCache: Writable
[2019.01.04-15.22.00:684][  0]LogDerivedDataCache: Shared data cache path not found in *engine.ini, will not use an Shared cache.
[2019.01.04-15.22.00:684][  0]LogDerivedDataCache: Unable to find inner node Shared for hierarchical cache Hierarchy.
[2019.01.04-15.22.00:702][  0]LogMaterial: Verifying Global Shaders for PCD3D_SM5
[2019.01.04-15.22.00:703][  0]LogSlate: Using FreeType 2.6.0
[2019.01.04-15.22.00:703][  0]LogSlate: SlateFontServices - WITH_FREETYPE: 1, WITH_HARFBUZZ: 1
[2019.01.04-15.22.00:762][  0]LogAssetRegistry: FAssetRegistry took 0.0243 seconds to start up
[2019.01.04-15.22.00:957][  0]LogInit: Selected Device Profile: [Windows]
[2019.01.04-15.22.01:055][  0]LogMeshReduction: Using ProxyLODMeshReduction for automatic mesh merging
[2019.01.04-15.22.01:055][  0]LogMeshReduction: Using QuadricMeshReduction for automatic static mesh reduction
[2019.01.04-15.22.01:055][  0]LogMeshReduction: No automatic skeletal mesh reduction module available
[2019.01.04-15.22.01:055][  0]LogMeshReduction: No distributed automatic mesh merging module available
[2019.01.04-15.22.01:055][  0]LogMeshMerging: No distributed automatic mesh merging module available
[2019.01.04-15.22.01:074][  0]LogNetVersion: Warframe_A 1.0.0, NetCL: 0, EngineNetVer: 5, GameNetVer: 0 (Checksum: 1079098011)
[2019.01.04-15.22.01:653][  0]LogPackageLocalizationCache: Processed 11 localized package path(s) for 1 prioritized culture(s) in 0.257502 seconds
[2019.01.04-15.22.01:657][  0]LogUObjectArray: 38381 objects as part of root set at end of initial load.
[2019.01.04-15.22.01:657][  0]LogUObjectAllocator: 6683944 out of 0 bytes used by permanent object pool.
[2019.01.04-15.22.01:657][  0]LogUObjectArray: CloseDisregardForGC: 0/0 objects in disregard for GC pool
[2019.01.04-15.22.01:984][  0]LogStreaming: Warning: Failed to read file '../../../Engine/Content/Editor/Slate/Launcher/Mac/Platform_Mac_24x.png' error.
[2019.01.04-15.22.01:984][  0]LogSlate: Could not find file for Slate resource: ../../../Engine/Content/Editor/Slate/Launcher/Mac/Platform_Mac_24x.png
[2019.01.04-15.22.01:984][  0]LogStreaming: Warning: Failed to read file '../../../Engine/Content/Editor/Slate/Launcher/Mac/Platform_Mac_128x.png' error.
[2019.01.04-15.22.01:984][  0]LogSlate: Could not find file for Slate resource: ../../../Engine/Content/Editor/Slate/Launcher/Mac/Platform_Mac_128x.png
[2019.01.04-15.22.01:984][  0]LogStreaming: Warning: Failed to read file '../../../Engine/Content/Editor/Slate/Launcher/Mac/Platform_Mac_128x.png' error.
[2019.01.04-15.22.01:984][  0]LogSlate: Could not find file for Slate resource: ../../../Engine/Content/Editor/Slate/Launcher/Mac/Platform_Mac_128x.png
[2019.01.04-15.22.01:984][  0]LogStreaming: Warning: Failed to read file '../../../Engine/Content/Editor/Slate/Launcher/Mac/Platform_Mac_24x.png' error.
[2019.01.04-15.22.01:984][  0]LogSlate: Could not find file for Slate resource: ../../../Engine/Content/Editor/Slate/Launcher/Mac/Platform_Mac_24x.png
[2019.01.04-15.22.01:984][  0]LogStreaming: Warning: Failed to read file '../../../Engine/Content/Editor/Slate/Launcher/Mac/Platform_Mac_128x.png' error.
[2019.01.04-15.22.01:984][  0]LogSlate: Could not find file for Slate resource: ../../../Engine/Content/Editor/Slate/Launcher/Mac/Platform_Mac_128x.png
[2019.01.04-15.22.01:984][  0]LogStreaming: Warning: Failed to read file '../../../Engine/Content/Editor/Slate/Launcher/Mac/Platform_Mac_128x.png' error.
[2019.01.04-15.22.01:984][  0]LogSlate: Could not find file for Slate resource: ../../../Engine/Content/Editor/Slate/Launcher/Mac/Platform_Mac_128x.png
[2019.01.04-15.22.01:984][  0]LogStreaming: Warning: Failed to read file '../../../Engine/Content/Editor/Slate/Launcher/Mac/Platform_Mac_24x.png' error.
[2019.01.04-15.22.01:984][  0]LogSlate: Could not find file for Slate resource: ../../../Engine/Content/Editor/Slate/Launcher/Mac/Platform_Mac_24x.png
[2019.01.04-15.22.01:984][  0]LogStreaming: Warning: Failed to read file '../../../Engine/Content/Editor/Slate/Launcher/Mac/Platform_Mac_128x.png' error.
[2019.01.04-15.22.01:984][  0]LogSlate: Could not find file for Slate resource: ../../../Engine/Content/Editor/Slate/Launcher/Mac/Platform_Mac_128x.png
[2019.01.04-15.22.01:984][  0]LogStreaming: Warning: Failed to read file '../../../Engine/Content/Editor/Slate/Launcher/Mac/Platform_Mac_128x.png' error.
[2019.01.04-15.22.01:984][  0]LogSlate: Could not find file for Slate resource: ../../../Engine/Content/Editor/Slate/Launcher/Mac/Platform_Mac_128x.png
[2019.01.04-15.22.01:985][  0]LogStreaming: Warning: Failed to read file '../../../Engine/Content/Editor/Slate/Launcher/Mac/Platform_Mac_24x.png' error.
[2019.01.04-15.22.01:985][  0]LogSlate: Could not find file for Slate resource: ../../../Engine/Content/Editor/Slate/Launcher/Mac/Platform_Mac_24x.png
[2019.01.04-15.22.01:985][  0]LogStreaming: Warning: Failed to read file '../../../Engine/Content/Editor/Slate/Launcher/Mac/Platform_Mac_128x.png' error.
[2019.01.04-15.22.01:985][  0]LogSlate: Could not find file for Slate resource: ../../../Engine/Content/Editor/Slate/Launcher/Mac/Platform_Mac_128x.png
[2019.01.04-15.22.01:985][  0]LogStreaming: Warning: Failed to read file '../../../Engine/Content/Editor/Slate/Launcher/Mac/Platform_Mac_128x.png' error.
[2019.01.04-15.22.01:985][  0]LogSlate: Could not find file for Slate resource: ../../../Engine/Content/Editor/Slate/Launcher/Mac/Platform_Mac_128x.png
[2019.01.04-15.22.01:985][  0]LogStreaming: Warning: Failed to read file '../../../Engine/Content/Editor/Slate/Launcher/Linux/Platform_Linux_24x.png' error.
[2019.01.04-15.22.01:985][  0]LogSlate: Could not find file for Slate resource: ../../../Engine/Content/Editor/Slate/Launcher/Linux/Platform_Linux_24x.png
[2019.01.04-15.22.01:985][  0]LogStreaming: Warning: Failed to read file '../../../Engine/Content/Editor/Slate/Launcher/Linux/Platform_Linux_128x.png' error.
[2019.01.04-15.22.01:985][  0]LogSlate: Could not find file for Slate resource: ../../../Engine/Content/Editor/Slate/Launcher/Linux/Platform_Linux_128x.png
[2019.01.04-15.22.01:985][  0]LogStreaming: Warning: Failed to read file '../../../Engine/Content/Editor/Slate/Launcher/Linux/Platform_Linux_128x.png' error.
[2019.01.04-15.22.01:985][  0]LogSlate: Could not find file for Slate resource: ../../../Engine/Content/Editor/Slate/Launcher/Linux/Platform_Linux_128x.png
[2019.01.04-15.22.01:985][  0]LogStreaming: Warning: Failed to read file '../../../Engine/Content/Editor/Slate/Launcher/Linux/Platform_Linux_24x.png' error.
[2019.01.04-15.22.01:985][  0]LogSlate: Could not find file for Slate resource: ../../../Engine/Content/Editor/Slate/Launcher/Linux/Platform_Linux_24x.png
[2019.01.04-15.22.01:985][  0]LogStreaming: Warning: Failed to read file '../../../Engine/Content/Editor/Slate/Launcher/Linux/Platform_Linux_128x.png' error.
[2019.01.04-15.22.01:985][  0]LogSlate: Could not find file for Slate resource: ../../../Engine/Content/Editor/Slate/Launcher/Linux/Platform_Linux_128x.png
[2019.01.04-15.22.01:985][  0]LogStreaming: Warning: Failed to read file '../../../Engine/Content/Editor/Slate/Launcher/Linux/Platform_Linux_128x.png' error.
[2019.01.04-15.22.01:985][  0]LogSlate: Could not find file for Slate resource: ../../../Engine/Content/Editor/Slate/Launcher/Linux/Platform_Linux_128x.png
[2019.01.04-15.22.01:985][  0]LogStreaming: Warning: Failed to read file '../../../Engine/Content/Editor/Slate/Launcher/Linux/Platform_Linux_24x.png' error.
[2019.01.04-15.22.01:985][  0]LogSlate: Could not find file for Slate resource: ../../../Engine/Content/Editor/Slate/Launcher/Linux/Platform_Linux_24x.png
[2019.01.04-15.22.01:985][  0]LogStreaming: Warning: Failed to read file '../../../Engine/Content/Editor/Slate/Launcher/Linux/Platform_Linux_128x.png' error.
[2019.01.04-15.22.01:985][  0]LogSlate: Could not find file for Slate resource: ../../../Engine/Content/Editor/Slate/Launcher/Linux/Platform_Linux_128x.png
[2019.01.04-15.22.01:985][  0]LogStreaming: Warning: Failed to read file '../../../Engine/Content/Editor/Slate/Launcher/Linux/Platform_Linux_128x.png' error.
[2019.01.04-15.22.01:985][  0]LogSlate: Could not find file for Slate resource: ../../../Engine/Content/Editor/Slate/Launcher/Linux/Platform_Linux_128x.png
[2019.01.04-15.22.01:985][  0]LogStreaming: Warning: Failed to read file '../../../Engine/Content/Editor/Slate/Launcher/Linux/Platform_Linux_24x.png' error.
[2019.01.04-15.22.01:985][  0]LogSlate: Could not find file for Slate resource: ../../../Engine/Content/Editor/Slate/Launcher/Linux/Platform_Linux_24x.png
[2019.01.04-15.22.01:985][  0]LogStreaming: Warning: Failed to read file '../../../Engine/Content/Editor/Slate/Launcher/Linux/Platform_Linux_128x.png' error.
[2019.01.04-15.22.01:985][  0]LogSlate: Could not find file for Slate resource: ../../../Engine/Content/Editor/Slate/Launcher/Linux/Platform_Linux_128x.png
[2019.01.04-15.22.01:985][  0]LogStreaming: Warning: Failed to read file '../../../Engine/Content/Editor/Slate/Launcher/Linux/Platform_Linux_128x.png' error.
[2019.01.04-15.22.01:985][  0]LogSlate: Could not find file for Slate resource: ../../../Engine/Content/Editor/Slate/Launcher/Linux/Platform_Linux_128x.png
[2019.01.04-15.22.01:985][  0]LogStreaming: Warning: Failed to read file '../../../Engine/Content/Editor/Slate/Launcher/Android/Platform_Android_24x.png' error.
[2019.01.04-15.22.01:985][  0]LogSlate: Could not find file for Slate resource: ../../../Engine/Content/Editor/Slate/Launcher/Android/Platform_Android_24x.png
[2019.01.04-15.22.01:985][  0]LogStreaming: Warning: Failed to read file '../../../Engine/Content/Editor/Slate/Launcher/Android/Platform_Android_128x.png' error.
[2019.01.04-15.22.01:985][  0]LogSlate: Could not find file for Slate resource: ../../../Engine/Content/Editor/Slate/Launcher/Android/Platform_Android_128x.png
[2019.01.04-15.22.01:986][  0]LogStreaming: Warning: Failed to read file '../../../Engine/Content/Editor/Slate/Launcher/Android/Platform_Android_128x.png' error.
[2019.01.04-15.22.01:986][  0]LogSlate: Could not find file for Slate resource: ../../../Engine/Content/Editor/Slate/Launcher/Android/Platform_Android_128x.png
[2019.01.04-15.22.01:986][  0]LogStreaming: Warning: Failed to read file '../../../Engine/Content/Editor/Slate/Launcher/Android/Platform_Android_24x.png' error.
[2019.01.04-15.22.01:986][  0]LogSlate: Could not find file for Slate resource: ../../../Engine/Content/Editor/Slate/Launcher/Android/Platform_Android_24x.png
[2019.01.04-15.22.01:986][  0]LogStreaming: Warning: Failed to read file '../../../Engine/Content/Editor/Slate/Launcher/Android/Platform_Android_128x.png' error.
[2019.01.04-15.22.01:986][  0]LogSlate: Could not find file for Slate resource: ../../../Engine/Content/Editor/Slate/Launcher/Android/Platform_Android_128x.png
[2019.01.04-15.22.01:986][  0]LogStreaming: Warning: Failed to read file '../../../Engine/Content/Editor/Slate/Launcher/Android/Platform_Android_128x.png' error.
[2019.01.04-15.22.01:986][  0]LogSlate: Could not find file for Slate resource: ../../../Engine/Content/Editor/Slate/Launcher/Android/Platform_Android_128x.png
[2019.01.04-15.22.01:986][  0]LogStreaming: Warning: Failed to read file '../../../Engine/Content/Editor/Slate/Launcher/Android/Platform_Android_ATC_24x.png' error.
[2019.01.04-15.22.01:986][  0]LogSlate: Could not find file for Slate resource: ../../../Engine/Content/Editor/Slate/Launcher/Android/Platform_Android_ATC_24x.png
[2019.01.04-15.22.01:986][  0]LogStreaming: Warning: Failed to read file '../../../Engine/Content/Editor/Slate/Launcher/Android/Platform_Android_128x.png' error.
[2019.01.04-15.22.01:986][  0]LogSlate: Could not find file for Slate resource: ../../../Engine/Content/Editor/Slate/Launcher/Android/Platform_Android_128x.png
[2019.01.04-15.22.01:986][  0]LogStreaming: Warning: Failed to read file '../../../Engine/Content/Editor/Slate/Launcher/Android/Platform_Android_128x.png' error.
[2019.01.04-15.22.01:986][  0]LogSlate: Could not find file for Slate resource: ../../../Engine/Content/Editor/Slate/Launcher/Android/Platform_Android_128x.png
[2019.01.04-15.22.01:986][  0]LogStreaming: Warning: Failed to read file '../../../Engine/Content/Editor/Slate/Launcher/Android/Platform_Android_DXT_24x.png' error.
[2019.01.04-15.22.01:986][  0]LogSlate: Could not find file for Slate resource: ../../../Engine/Content/Editor/Slate/Launcher/Android/Platform_Android_DXT_24x.png
[2019.01.04-15.22.01:986][  0]LogStreaming: Warning: Failed to read file '../../../Engine/Content/Editor/Slate/Launcher/Android/Platform_Android_128x.png' error.
[2019.01.04-15.22.01:986][  0]LogSlate: Could not find file for Slate resource: ../../../Engine/Content/Editor/Slate/Launcher/Android/Platform_Android_128x.png
[2019.01.04-15.22.01:986][  0]LogStreaming: Warning: Failed to read file '../../../Engine/Content/Editor/Slate/Launcher/Android/Platform_Android_128x.png' error.
[2019.01.04-15.22.01:986][  0]LogSlate: Could not find file for Slate resource: ../../../Engine/Content/Editor/Slate/Launcher/Android/Platform_Android_128x.png
[2019.01.04-15.22.01:986][  0]LogStreaming: Warning: Failed to read file '../../../Engine/Content/Editor/Slate/Launcher/Android/Platform_Android_ETC1_24x.png' error.
[2019.01.04-15.22.01:986][  0]LogSlate: Could not find file for Slate resource: ../../../Engine/Content/Editor/Slate/Launcher/Android/Platform_Android_ETC1_24x.png
[2019.01.04-15.22.01:986][  0]LogStreaming: Warning: Failed to read file '../../../Engine/Content/Editor/Slate/Launcher/Android/Platform_Android_128x.png' error.
[2019.01.04-15.22.01:986][  0]LogSlate: Could not find file for Slate resource: ../../../Engine/Content/Editor/Slate/Launcher/Android/Platform_Android_128x.png
[2019.01.04-15.22.01:986][  0]LogStreaming: Warning: Failed to read file '../../../Engine/Content/Editor/Slate/Launcher/Android/Platform_Android_128x.png' error.
[2019.01.04-15.22.01:986][  0]LogSlate: Could not find file for Slate resource: ../../../Engine/Content/Editor/Slate/Launcher/Android/Platform_Android_128x.png
[2019.01.04-15.22.01:986][  0]LogStreaming: Warning: Failed to read file '../../../Engine/Content/Editor/Slate/Launcher/Android/Platform_Android_ETC1_24x.png' error.
[2019.01.04-15.22.01:986][  0]LogSlate: Could not find file for Slate resource: ../../../Engine/Content/Editor/Slate/Launcher/Android/Platform_Android_ETC1_24x.png
[2019.01.04-15.22.01:986][  0]LogStreaming: Warning: Failed to read file '../../../Engine/Content/Editor/Slate/Launcher/Android/Platform_Android_128x.png' error.
[2019.01.04-15.22.01:986][  0]LogSlate: Could not find file for Slate resource: ../../../Engine/Content/Editor/Slate/Launcher/Android/Platform_Android_128x.png
[2019.01.04-15.22.01:986][  0]LogStreaming: Warning: Failed to read file '../../../Engine/Content/Editor/Slate/Launcher/Android/Platform_Android_128x.png' error.
[2019.01.04-15.22.01:986][  0]LogSlate: Could not find file for Slate resource: ../../../Engine/Content/Editor/Slate/Launcher/Android/Platform_Android_128x.png
[2019.01.04-15.22.01:986][  0]LogStreaming: Warning: Failed to read file '../../../Engine/Content/Editor/Slate/Launcher/Android/Platform_Android_ETC2_24x.png' error.
[2019.01.04-15.22.01:986][  0]LogSlate: Could not find file for Slate resource: ../../../Engine/Content/Editor/Slate/Launcher/Android/Platform_Android_ETC2_24x.png
[2019.01.04-15.22.01:986][  0]LogStreaming: Warning: Failed to read file '../../../Engine/Content/Editor/Slate/Launcher/Android/Platform_Android_128x.png' error.
[2019.01.04-15.22.01:986][  0]LogSlate: Could not find file for Slate resource: ../../../Engine/Content/Editor/Slate/Launcher/Android/Platform_Android_128x.png
[2019.01.04-15.22.01:986][  0]LogStreaming: Warning: Failed to read file '../../../Engine/Content/Editor/Slate/Launcher/Android/Platform_Android_128x.png' error.
[2019.01.04-15.22.01:986][  0]LogSlate: Could not find file for Slate resource: ../../../Engine/Content/Editor/Slate/Launcher/Android/Platform_Android_128x.png
[2019.01.04-15.22.01:986][  0]LogStreaming: Warning: Failed to read file '../../../Engine/Content/Editor/Slate/Launcher/Android/Platform_Android_PVRTC_24x.png' error.
[2019.01.04-15.22.01:986][  0]LogSlate: Could not find file for Slate resource: ../../../Engine/Content/Editor/Slate/Launcher/Android/Platform_Android_PVRTC_24x.png
[2019.01.04-15.22.01:986][  0]LogStreaming: Warning: Failed to read file '../../../Engine/Content/Editor/Slate/Launcher/Android/Platform_Android_128x.png' error.
[2019.01.04-15.22.01:986][  0]LogSlate: Could not find file for Slate resource: ../../../Engine/Content/Editor/Slate/Launcher/Android/Platform_Android_128x.png
[2019.01.04-15.22.01:986][  0]LogStreaming: Warning: Failed to read file '../../../Engine/Content/Editor/Slate/Launcher/Android/Platform_Android_128x.png' error.
[2019.01.04-15.22.01:986][  0]LogSlate: Could not find file for Slate resource: ../../../Engine/Content/Editor/Slate/Launcher/Android/Platform_Android_128x.png
[2019.01.04-15.22.01:986][  0]LogStreaming: Warning: Failed to read file '../../../Engine/Content/Editor/Slate/Launcher/Android/Platform_Android_ASTC_24x.png' error.
[2019.01.04-15.22.01:986][  0]LogSlate: Could not find file for Slate resource: ../../../Engine/Content/Editor/Slate/Launcher/Android/Platform_Android_ASTC_24x.png
[2019.01.04-15.22.01:986][  0]LogStreaming: Warning: Failed to read file '../../../Engine/Content/Editor/Slate/Launcher/Android/Platform_Android_128x.png' error.
[2019.01.04-15.22.01:986][  0]LogSlate: Could not find file for Slate resource: ../../../Engine/Content/Editor/Slate/Launcher/Android/Platform_Android_128x.png
[2019.01.04-15.22.01:986][  0]LogStreaming: Warning: Failed to read file '../../../Engine/Content/Editor/Slate/Launcher/Android/Platform_Android_128x.png' error.
[2019.01.04-15.22.01:986][  0]LogSlate: Could not find file for Slate resource: ../../../Engine/Content/Editor/Slate/Launcher/Android/Platform_Android_128x.png
[2019.01.04-15.22.01:986][  0]LogStreaming: Warning: Failed to read file '../../../Engine/Content/Editor/Slate/Launcher/Android/Platform_Android_24x.png' error.
[2019.01.04-15.22.01:986][  0]LogSlate: Could not find file for Slate resource: ../../../Engine/Content/Editor/Slate/Launcher/Android/Platform_Android_24x.png
[2019.01.04-15.22.01:986][  0]LogStreaming: Warning: Failed to read file '../../../Engine/Content/Editor/Slate/Launcher/Android/Platform_Android_128x.png' error.
[2019.01.04-15.22.01:986][  0]LogSlate: Could not find file for Slate resource: ../../../Engine/Content/Editor/Slate/Launcher/Android/Platform_Android_128x.png
[2019.01.04-15.22.01:986][  0]LogStreaming: Warning: Failed to read file '../../../Engine/Content/Editor/Slate/Launcher/Android/Platform_Android_128x.png' error.
[2019.01.04-15.22.01:986][  0]LogSlate: Could not find file for Slate resource: ../../../Engine/Content/Editor/Slate/Launcher/Android/Platform_Android_128x.png
[2019.01.04-15.22.01:986][  0]LogStreaming: Warning: Failed to read file '../../../Engine/Content/Editor/Slate/Launcher/Android/Platform_Android_24x.png' error.
[2019.01.04-15.22.01:987][  0]LogSlate: Could not find file for Slate resource: ../../../Engine/Content/Editor/Slate/Launcher/Android/Platform_Android_24x.png
[2019.01.04-15.22.01:987][  0]LogStreaming: Warning: Failed to read file '../../../Engine/Content/Editor/Slate/Launcher/Android/Platform_Android_128x.png' error.
[2019.01.04-15.22.01:987][  0]LogSlate: Could not find file for Slate resource: ../../../Engine/Content/Editor/Slate/Launcher/Android/Platform_Android_128x.png
[2019.01.04-15.22.01:987][  0]LogStreaming: Warning: Failed to read file '../../../Engine/Content/Editor/Slate/Launcher/Android/Platform_Android_128x.png' error.
[2019.01.04-15.22.01:987][  0]LogSlate: Could not find file for Slate resource: ../../../Engine/Content/Editor/Slate/Launcher/Android/Platform_Android_128x.png
[2019.01.04-15.22.01:987][  0]LogStreaming: Warning: Failed to read file '../../../Engine/Content/Editor/Slate/Launcher/Android/Platform_Android_ATC_24x.png' error.
[2019.01.04-15.22.01:987][  0]LogSlate: Could not find file for Slate resource: ../../../Engine/Content/Editor/Slate/Launcher/Android/Platform_Android_ATC_24x.png
[2019.01.04-15.22.01:987][  0]LogStreaming: Warning: Failed to read file '../../../Engine/Content/Editor/Slate/Launcher/Android/Platform_Android_128x.png' error.
[2019.01.04-15.22.01:987][  0]LogSlate: Could not find file for Slate resource: ../../../Engine/Content/Editor/Slate/Launcher/Android/Platform_Android_128x.png
[2019.01.04-15.22.01:987][  0]LogStreaming: Warning: Failed to read file '../../../Engine/Content/Editor/Slate/Launcher/Android/Platform_Android_128x.png' error.
[2019.01.04-15.22.01:987][  0]LogSlate: Could not find file for Slate resource: ../../../Engine/Content/Editor/Slate/Launcher/Android/Platform_Android_128x.png
[2019.01.04-15.22.01:987][  0]LogStreaming: Warning: Failed to read file '../../../Engine/Content/Editor/Slate/Launcher/Android/Platform_Android_DXT_24x.png' error.
[2019.01.04-15.22.01:987][  0]LogSlate: Could not find file for Slate resource: ../../../Engine/Content/Editor/Slate/Launcher/Android/Platform_Android_DXT_24x.png
[2019.01.04-15.22.01:987][  0]LogStreaming: Warning: Failed to read file '../../../Engine/Content/Editor/Slate/Launcher/Android/Platform_Android_128x.png' error.
[2019.01.04-15.22.01:987][  0]LogSlate: Could not find file for Slate resource: ../../../Engine/Content/Editor/Slate/Launcher/Android/Platform_Android_128x.png
[2019.01.04-15.22.01:987][  0]LogStreaming: Warning: Failed to read file '../../../Engine/Content/Editor/Slate/Launcher/Android/Platform_Android_128x.png' error.
[2019.01.04-15.22.01:987][  0]LogSlate: Could not find file for Slate resource: ../../../Engine/Content/Editor/Slate/Launcher/Android/Platform_Android_128x.png
[2019.01.04-15.22.01:987][  0]LogStreaming: Warning: Failed to read file '../../../Engine/Content/Editor/Slate/Launcher/Android/Platform_Android_ETC1_24x.png' error.
[2019.01.04-15.22.01:987][  0]LogSlate: Could not find file for Slate resource: ../../../Engine/Content/Editor/Slate/Launcher/Android/Platform_Android_ETC1_24x.png
[2019.01.04-15.22.01:987][  0]LogStreaming: Warning: Failed to read file '../../../Engine/Content/Editor/Slate/Launcher/Android/Platform_Android_128x.png' error.
[2019.01.04-15.22.01:987][  0]LogSlate: Could not find file for Slate resource: ../../../Engine/Content/Editor/Slate/Launcher/Android/Platform_Android_128x.png
[2019.01.04-15.22.01:987][  0]LogStreaming: Warning: Failed to read file '../../../Engine/Content/Editor/Slate/Launcher/Android/Platform_Android_128x.png' error.
[2019.01.04-15.22.01:987][  0]LogSlate: Could not find file for Slate resource: ../../../Engine/Content/Editor/Slate/Launcher/Android/Platform_Android_128x.png
[2019.01.04-15.22.01:987][  0]LogStreaming: Warning: Failed to read file '../../../Engine/Content/Editor/Slate/Launcher/Android/Platform_Android_ETC1_24x.png' error.
[2019.01.04-15.22.01:987][  0]LogSlate: Could not find file for Slate resource: ../../../Engine/Content/Editor/Slate/Launcher/Android/Platform_Android_ETC1_24x.png
[2019.01.04-15.22.01:987][  0]LogStreaming: Warning: Failed to read file '../../../Engine/Content/Editor/Slate/Launcher/Android/Platform_Android_128x.png' error.
[2019.01.04-15.22.01:987][  0]LogSlate: Could not find file for Slate resource: ../../../Engine/Content/Editor/Slate/Launcher/Android/Platform_Android_128x.png
[2019.01.04-15.22.01:987][  0]LogStreaming: Warning: Failed to read file '../../../Engine/Content/Editor/Slate/Launcher/Android/Platform_Android_128x.png' error.
[2019.01.04-15.22.01:987][  0]LogSlate: Could not find file for Slate resource: ../../../Engine/Content/Editor/Slate/Launcher/Android/Platform_Android_128x.png
[2019.01.04-15.22.01:987][  0]LogStreaming: Warning: Failed to read file '../../../Engine/Content/Editor/Slate/Launcher/Android/Platform_Android_ETC2_24x.png' error.
[2019.01.04-15.22.01:987][  0]LogSlate: Could not find file for Slate resource: ../../../Engine/Content/Editor/Slate/Launcher/Android/Platform_Android_ETC2_24x.png
[2019.01.04-15.22.01:987][  0]LogStreaming: Warning: Failed to read file '../../../Engine/Content/Editor/Slate/Launcher/Android/Platform_Android_128x.png' error.
[2019.01.04-15.22.01:987][  0]LogSlate: Could not find file for Slate resource: ../../../Engine/Content/Editor/Slate/Launcher/Android/Platform_Android_128x.png
[2019.01.04-15.22.01:987][  0]LogStreaming: Warning: Failed to read file '../../../Engine/Content/Editor/Slate/Launcher/Android/Platform_Android_128x.png' error.
[2019.01.04-15.22.01:987][  0]LogSlate: Could not find file for Slate resource: ../../../Engine/Content/Editor/Slate/Launcher/Android/Platform_Android_128x.png
[2019.01.04-15.22.01:987][  0]LogStreaming: Warning: Failed to read file '../../../Engine/Content/Editor/Slate/Launcher/Android/Platform_Android_PVRTC_24x.png' error.
[2019.01.04-15.22.01:987][  0]LogSlate: Could not find file for Slate resource: ../../../Engine/Content/Editor/Slate/Launcher/Android/Platform_Android_PVRTC_24x.png
[2019.01.04-15.22.01:987][  0]LogStreaming: Warning: Failed to read file '../../../Engine/Content/Editor/Slate/Launcher/Android/Platform_Android_128x.png' error.
[2019.01.04-15.22.01:987][  0]LogSlate: Could not find file for Slate resource: ../../../Engine/Content/Editor/Slate/Launcher/Android/Platform_Android_128x.png
[2019.01.04-15.22.01:987][  0]LogStreaming: Warning: Failed to read file '../../../Engine/Content/Editor/Slate/Launcher/Android/Platform_Android_128x.png' error.
[2019.01.04-15.22.01:987][  0]LogSlate: Could not find file for Slate resource: ../../../Engine/Content/Editor/Slate/Launcher/Android/Platform_Android_128x.png
[2019.01.04-15.22.01:987][  0]LogStreaming: Warning: Failed to read file '../../../Engine/Content/Editor/Slate/Launcher/Android/Platform_Android_ASTC_24x.png' error.
[2019.01.04-15.22.01:987][  0]LogSlate: Could not find file for Slate resource: ../../../Engine/Content/Editor/Slate/Launcher/Android/Platform_Android_ASTC_24x.png
[2019.01.04-15.22.01:987][  0]LogStreaming: Warning: Failed to read file '../../../Engine/Content/Editor/Slate/Launcher/Android/Platform_Android_128x.png' error.
[2019.01.04-15.22.01:987][  0]LogSlate: Could not find file for Slate resource: ../../../Engine/Content/Editor/Slate/Launcher/Android/Platform_Android_128x.png
[2019.01.04-15.22.01:987][  0]LogStreaming: Warning: Failed to read file '../../../Engine/Content/Editor/Slate/Launcher/Android/Platform_Android_128x.png' error.
[2019.01.04-15.22.01:987][  0]LogSlate: Could not find file for Slate resource: ../../../Engine/Content/Editor/Slate/Launcher/Android/Platform_Android_128x.png
[2019.01.04-15.22.02:253][  0]LogTcpMessaging: Initializing TcpMessaging bridge
[2019.01.04-15.22.02:266][  0]LogUdpMessaging: Initializing bridge on interface 0.0.0.0:0 to multicast group 230.0.0.1:6666.
[2019.01.04-15.22.02:399][  0]SourceControl: Source control is disabled
[2019.01.04-15.22.02:399][  0]SourceControl: Source control is disabled
[2019.01.04-15.22.02:400][  0]SourceControl: Source control is disabled
[2019.01.04-15.22.02:401][  0]SourceControl: Source control is disabled
[2019.01.04-15.22.02:553][  0]LogAndroidPermission: UAndroidPermissionCallbackProxy::GetInstance
[2019.01.04-15.22.02:621][  0]LogOcInput: OculusInput pre-init called
[2019.01.04-15.22.02:663][  0]LogEngine: Initializing Engine...
[2019.01.04-15.22.02:663][  0]LogHMD: Failed to initialize OpenVR with code 110
[2019.01.04-15.22.02:664][  0]LogStats: UGameplayTagsManager::ConstructGameplayTagTree: ImportINI prefixes -  0.000 s
[2019.01.04-15.22.02:664][  0]LogStats: UGameplayTagsManager::ConstructGameplayTagTree: Construct from data asset -  0.000 s
[2019.01.04-15.22.02:664][  0]LogStats: UGameplayTagsManager::ConstructGameplayTagTree: ImportINI -  0.000 s
[2019.01.04-15.22.02:664][  0]LogStats: UGameplayTagsManager::ConstructGameplayTagTree: GameplayTagTreeChangedEvent.Broadcast -  0.000 s
[2019.01.04-15.22.02:820][  0]LogInit: Initializing FReadOnlyCVARCache
[2019.01.04-15.22.02:827][  0]LogAIModule: Creating AISystem for world Untitled
[2019.01.04-15.22.02:882][  0]LogInit: XAudio2 using '扬声器 (2- Realtek High Definition Audio)' : 2 channels at 48 kHz using 16 bits per sample (channel mask 0x3)
[2019.01.04-15.22.02:911][  0]LogInit: FAudioDevice initialized.
[2019.01.04-15.22.02:912][  0]LogNetVersion: Set ProjectVersion to 1.0.0.0. Version Checksum will be recalculated on next use.
[2019.01.04-15.22.03:026][  0]LogDerivedDataCache: Saved boot cache 0.11s 71MB ../../../../Work/Warframe_A/DerivedDataCache/Boot.ddc.
[2019.01.04-15.22.03:028][  0]LogInit: Texture streaming: Enabled
[2019.01.04-15.22.03:037][  0]LogEngineSessionManager: EngineSessionManager initialized
[2019.01.04-15.22.03:045][  0]LogInit: Transaction tracking system initialized
[2019.01.04-15.22.03:058][  0]BlueprintLog: New page: Editor Load
[2019.01.04-15.22.03:098][  0]LocalizationService: Localization service is disabled
[2019.01.04-15.22.03:487][  0]LogCook: Display: Max memory allowance for cook 16384mb min free memory 0mb
[2019.01.04-15.22.03:487][  0]LogCook: Display: Mobile HDR setting 1
[2019.01.04-15.22.03:487][  0]LogGameplayTags: Display: UGameplayTagsManager::DoneAddingNativeTags. DelegateIsBound: 0
[2019.01.04-15.22.03:487][  0]LogStats: UGameplayTagsManager::ConstructGameplayTagTree: ImportINI prefixes -  0.000 s
[2019.01.04-15.22.03:487][  0]LogStats: UGameplayTagsManager::ConstructGameplayTagTree: Construct from data asset -  0.000 s
[2019.01.04-15.22.03:487][  0]LogStats: UGameplayTagsManager::ConstructGameplayTagTree: ImportINI -  0.000 s
[2019.01.04-15.22.03:487][  0]LogStats: UGameplayTagsManager::ConstructGameplayTagTree: GameplayTagTreeChangedEvent.Broadcast -  0.000 s
[2019.01.04-15.22.03:555][  0]LogFileCache: Scanning file cache for directory 'Q:/Work/Warframe_A/Content/' took 0.04s
[2019.01.04-15.22.03:555][  0]SourceControl: Source control is disabled
[2019.01.04-15.22.03:555][  0]Cmd: MAP LOAD FILE="../../../../Work/Warframe_A/Content/ThirdPersonBP/Maps/ThirdPersonExampleMap.umap" TEMPLATE=0 SHOWPROGRESS=1 FEATURELEVEL=3
[2019.01.04-15.22.03:586][  0]LightingResults: New page: Lighting Build
[2019.01.04-15.22.03:587][  0]MapCheck: New page: Map Check
[2019.01.04-15.22.03:588][  0]LightingResults: New page: Lighting Build
[2019.01.04-15.22.06:755][  0]LogAIModule: Creating AISystem for world ThirdPersonExampleMap
[2019.01.04-15.22.06:761][  0]LogEditorServer: Finished looking for orphan Actors (0.000 secs)
[2019.01.04-15.22.06:782][  0]Cmd: MAP CHECKDEP NOCLEARLOG
[2019.01.04-15.22.06:822][  0]MapCheck: Map check complete: 0 Error(s), 0 Warning(s), took 40.059ms to complete.
[2019.01.04-15.22.06:822][  0]LogFileHelpers: Loading map 'ThirdPersonExampleMap' took 3.268
[2019.01.04-15.22.07:005][  0]LogSlate: Updating window title bar state: overlay mode, drag disabled, window buttons hidden, title bar hidden
[2019.01.04-15.22.07:012][  0]LogSlate: Updating window title bar state: overlay mode, drag disabled, window buttons hidden, title bar hidden
[2019.01.04-15.22.07:017][  0]LogSlate: Updating window title bar state: overlay mode, drag disabled, window buttons hidden, title bar hidden
[2019.01.04-15.22.07:022][  0]LogSlate: Updating window title bar state: overlay mode, drag disabled, window buttons hidden, title bar hidden
[2019.01.04-15.22.07:029][  0]LogCollectionManager: Loaded 0 collections in 0.000754 seconds
[2019.01.04-15.22.07:070][  0]LogFileCache: Scanning file cache for directory 'Q:/Work/Warframe_A/Saved/Collections/' took 0.01s
[2019.01.04-15.22.07:070][  0]LogFileCache: Scanning file cache for directory 'Q:/Work/Warframe_A/Content/Developers/aer/Collections/' took 0.01s
[2019.01.04-15.22.07:070][  0]LogFileCache: Scanning file cache for directory 'Q:/Work/Warframe_A/Content/Collections/' took 0.01s
[2019.01.04-15.22.07:070][  0]LogCollectionManager: Rebuilt the GUID cache for 0 collections in 0.000000 seconds
[2019.01.04-15.22.07:078][  0]LogContentBrowser: Native class hierarchy populated in 0.0077 seconds. Added 2571 classes and 601 folders.
[2019.01.04-15.22.07:082][  0]LogContentBrowser: Native class hierarchy updated for 'WidgetCarousel' in 0.0002 seconds. Added 0 classes and 0 folders.
[2019.01.04-15.22.09:619][  0]LogContentBrowser: Native class hierarchy updated for 'AddContentDialog' in 0.0002 seconds. Added 0 classes and 0 folders.
[2019.01.04-15.22.09:659][  0]LogContentBrowser: Native class hierarchy updated for 'SceneOutliner' in 0.0002 seconds. Added 1 classes and 2 folders.
[2019.01.04-15.22.09:691][  0]LogSlate: Took 0.000149 seconds to synchronously load lazily loaded font '../../../Engine/Content/Slate/Fonts/Roboto-Regular.ttf' (155K)
[2019.01.04-15.22.09:692][  0]LogSlate: Took 0.000121 seconds to synchronously load lazily loaded font '../../../Engine/Content/Slate/Fonts/Roboto-Bold.ttf' (160K)
[2019.01.04-15.22.09:720][  0]LogSlate: Took 0.023561 seconds to synchronously load lazily loaded font '../../../Engine/Content/Editor/Slate/Fonts/FontAwesome.ttf' (139K)
[2019.01.04-15.22.10:179][  0]LogRenderer: Reallocating scene render targets to support 1208x576 Format 10 NumSamples 1 (Frame:1).
[2019.01.04-15.22.10:324][  0]LogContentBrowser: Native class hierarchy updated for 'HierarchicalLODOutliner' in 0.0002 seconds. Added 0 classes and 0 folders.
[2019.01.04-15.22.10:324][  0]LogLoad: (Engine Initialization) Total time: 13.96 seconds
[2019.01.04-15.22.10:324][  0]LogLoad: (Engine Initialization) Total Blueprint compile time: 0.00 seconds
[2019.01.04-15.22.10:334][  0]LogWindowsTextInputMethodSystem: Display: IME system now activated using TSF (微软拼音).
[2019.01.04-15.22.10:355][  0]LogContentStreaming: Texture pool size now 3000 MB
[2019.01.04-15.22.10:407][  0]LogSlate: Took 0.034189 seconds to synchronously load lazily loaded font '../../../Engine/Content/Slate/Fonts/Roboto-Light.ttf' (167K)
[2019.01.04-15.22.10:427][  1]LogAssetRegistry: Asset discovery search completed in 9.6888 seconds
[2019.01.04-15.22.10:429][  1]LogCollectionManager: Rebuilt the object cache for 0 collections in 0.000004 seconds (found 0 objects)
[2019.01.04-15.22.10:429][  1]LogCollectionManager: Fixed up redirectors for 0 collections in 0.000053 seconds (updated 0 objects)
[2019.01.04-15.22.13:423][345]LogSlate: FSceneViewport::OnFocusLost() reason 0
[2019.01.04-15.22.18:018][871]LogSlate: Took 0.000198 seconds to synchronously load lazily loaded font '../../../Engine/Content/Slate/Fonts/Roboto-Light.ttf' (167K)
[2019.01.04-15.22.18:024][871]LogAssetEditorManager: Opening Asset editor for AnimBlueprint /Game/ThirdPersonBP/Blueprints/ABP_Mannequin.ABP_Mannequin
[2019.01.04-15.22.18:142][871]LogContentBrowser: Native class hierarchy updated for 'SkeletonEditor' in 0.0002 seconds. Added 1 classes and 2 folders.
[2019.01.04-15.22.18:793][871]LogActorComponent: RegisterComponentWithWorld: (/Engine/Transient.World_6:PersistentLevel.AnimationEditorPreviewActor_0.DebugSkelMeshComponent_0) Already registered. Aborting.
[2019.01.04-15.22.18:811][871]LogContentBrowser: Native class hierarchy updated for 'PinnedCommandList' in 0.0002 seconds. Added 1 classes and 0 folders.
[2019.01.04-15.22.19:740][871]LogContentBrowser: Native class hierarchy updated for 'BlueprintGraph' in 0.0005 seconds. Added 116 classes and 0 folders.
[2019.01.04-15.22.20:355][871]LogSkeletalMesh: USkeletalMeshComponent::InitArticulated : Bodies already created (/Engine/Transient.World_6:PersistentLevel.AnimationEditorPreviewActor_0.DebugSkelMeshComponent_0) - call TermArticulated first.
[2019.01.04-15.22.20:675][871]LogSlate: Took 0.034317 seconds to synchronously load lazily loaded font '../../../Engine/Content/Slate/Fonts/Roboto-BoldCondensed.ttf' (158K)
[2019.01.04-15.22.20:786][871]LogContentBrowser: Native class hierarchy updated for 'ClothingSystemEditorInterface' in 0.0002 seconds. Added 1 classes and 0 folders.
[2019.01.04-15.22.25:298][370]LogSlate: Took 0.016120 seconds to synchronously load lazily loaded font '../../../Engine/Content/Slate/Fonts/Roboto-Italic.ttf' (157K)
[2019.01.04-15.23.14:148][182]LogSlate: Window 'ABP_Mannequin' being destroyed
[2019.01.04-15.23.14:180][182]LogSlate: Window 'ABP_Mannequin' being destroyed
[2019.01.04-15.23.18:096][594]LogAssetEditorManager: Opening Asset editor for AnimBlueprint /Game/ThirdPersonBP/Blueprints/ABP_Mannequin1.ABP_Mannequin1
[2019.01.04-15.23.18:103][594]LogActorComponent: RegisterComponentWithWorld: (/Engine/Transient.World_10:PersistentLevel.AnimationEditorPreviewActor_0.DebugSkelMeshComponent_0) Already registered. Aborting.
[2019.01.04-15.23.18:302][594]LogSkeletalMesh: USkeletalMeshComponent::InitArticulated : Bodies already created (/Engine/Transient.World_10:PersistentLevel.AnimationEditorPreviewActor_0.DebugSkelMeshComponent_0) - call TermArticulated first.
[2019.01.04-15.23.29:353][591]LogSlate: Window 'Create New Animation Object' being destroyed
[2019.01.04-15.25.18:104][494]LogSlate: Took 0.024393 seconds to synchronously load lazily loaded font '../../../Engine/Content/Slate/Fonts/Roboto-BoldCondensedItalic.ttf' (160K)
[2019.01.04-15.26.23:911][188]BlueprintLog: New page: Compile ABP_Mannequin1
[2019.01.04-15.26.23:928][188]LogBlueprint: Warning: [Compiler ABP_Mannequin1] Crouch to Slide  will never be taken, please connect something to  Can Enter Transition
[2019.01.04-15.26.23:928][188]LogBlueprint: Warning: [Compiler ABP_Mannequin1] Slide to Crouch  will never be taken, please connect something to  Can Enter Transition
[2019.01.04-15.26.24:061][188]LogBlueprint: Warning: [Compiler ABP_Mannequin1] [0267.70] Compile of ABP_Mannequin1 successful, but with 2 Warning(s) [in 150 ms] (/Game/ThirdPersonBP/Blueprints/ABP_Mannequin1.ABP_Mannequin1)
[2019.01.04-15.30.35:317][701]LogHttp: Warning: 0000023226619800: HTTP request timed out after 180.00 seconds URL=https://datarouter.ol.epicgames.com/datarouter/api/v1/public/data?SessionID=%7BA5EF2B9C-46B9-51C8-61B2-1ABD9CD0A769%7D&AppID=UEEditor.UnrealEngine.Release&AppVersion=4.21.0-0%2BUE4&UserID=22552d854de029f0f453489b22b4cd1c%7Cc1c1b958b6834fb59da0f24d689103e4%7Ca651d6f3-6947-40e2-9894-e5c9686ca21f&AppEnvironment=datacollector-source&UploadType=eteventstream
[2019.01.04-15.30.35:317][701]LogHttp: Warning: 0000023226619800: request failed, libcurl error: 0 (No error)
[2019.01.04-15.30.35:317][701]LogHttp: Warning: 0000023226619800: libcurl info message cache 0 (Connection 1 seems to be dead!)
[2019.01.04-15.30.35:317][701]LogHttp: Warning: 0000023226619800: libcurl info message cache 1 (Closing connection 1)
[2019.01.04-15.30.35:317][701]LogHttp: Warning: 0000023226619800: libcurl info message cache 2 (TLSv1.2 (OUT), TLS alert, Client hello (1):)
[2019.01.04-15.30.35:317][701]LogHttp: Warning: 0000023226619800: libcurl info message cache 3 (  Trying 52.7.217.165...)
[2019.01.04-15.30.35:317][701]LogHttp: Warning: 0000023226619800: libcurl info message cache 4 (TCP_NODELAY set)
[2019.01.04-15.30.35:317][701]LogHttp: Warning: 0000023226619800: libcurl info message cache 5 (Connected to datarouter.ol.epicgames.com (52.7.217.165) port 443 (#2))
[2019.01.04-15.30.35:317][701]LogHttp: Warning: 0000023226619800: libcurl info message cache 6 (ALPN, offering http/1.1)
[2019.01.04-15.30.35:317][701]LogHttp: Warning: 0000023226619800: libcurl info message cache 7 (Cipher selection: ALL:!EXPORT:!EXPORT40:!EXPORT56:!aNULL:!LOW:!RC4:@STRENGTH)
[2019.01.04-15.30.35:317][701]LogHttp: Warning: 0000023226619800: libcurl info message cache 8 (SSL re-using session ID)
[2019.01.04-15.30.35:317][701]LogHttp: Warning: 0000023226619800: libcurl info message cache 9 (TLSv1.2 (OUT), TLS handshake, Client hello (1):)
[2019.01.04-15.30.35:317][701]LogHttp: Warning: 0000023226619800: libcurl info message cache 10 (TLSv1.2 (IN), TLS handshake, Server hello (2):)
[2019.01.04-15.30.35:317][701]LogHttp: Warning: 0000023226619800: libcurl info message cache 11 (TLSv1.2 (IN), TLS handshake, Certificate (11):)
[2019.01.04-15.30.35:317][701]LogHttp: Warning: 0000023226619800: libcurl info message cache 12 (TLSv1.2 (IN), TLS handshake, Server key exchange (12):)
[2019.01.04-15.30.35:317][701]LogHttp: Warning: 0000023226619800: libcurl info message cache 13 (TLSv1.2 (IN), TLS handshake, Server finished (14):)
[2019.01.04-15.30.35:317][701]LogHttp: Warning: 0000023226619800: libcurl info message cache 14 (TLSv1.2 (OUT), TLS handshake, Client key exchange (16):)
[2019.01.04-15.30.35:317][701]LogHttp: Warning: 0000023226619800: libcurl info message cache 15 (TLSv1.2 (OUT), TLS change cipher, Client hello (1):)
[2019.01.04-15.30.35:317][701]LogHttp: Warning: 0000023226619800: libcurl info message cache 16 (TLSv1.2 (OUT), TLS handshake, Finished (20):)
[2019.01.04-15.30.35:317][701]LogHttp: Warning: 0000023226619800: libcurl info message cache 17 (Closing connection 2)
[2019.01.04-15.32.20:837][348]LogHttp: Warning: 000002322829D1C0: HTTP request timed out after 180.00 seconds URL=https://datarouter.ol.epicgames.com/datarouter/api/v1/public/data?SessionID=%7BA5EF2B9C-46B9-51C8-61B2-1ABD9CD0A769%7D&AppID=UEEditor.UnrealEngine.Release&AppVersion=4.21.0-0%2BUE4&UserID=22552d854de029f0f453489b22b4cd1c%7Cc1c1b958b6834fb59da0f24d689103e4%7Ca651d6f3-6947-40e2-9894-e5c9686ca21f&AppEnvironment=datacollector-source&UploadType=eteventstream
[2019.01.04-15.32.20:837][348]LogHttp: Warning: 000002322829D1C0: request failed, libcurl error: 0 (No error)
[2019.01.04-15.32.20:837][348]LogHttp: Warning: 000002322829D1C0: libcurl info message cache 0 (Found bundle for host datarouter.ol.epicgames.com: 0x2318dee3fa0 [serially])
[2019.01.04-15.32.20:837][348]LogHttp: Warning: 000002322829D1C0: libcurl info message cache 1 (Hostname in DNS cache was stale, zapped)
[2019.01.04-15.32.20:837][348]LogHttp: Warning: 000002322829D1C0: libcurl info message cache 2 (  Trying 107.21.51.40...)
[2019.01.04-15.32.20:837][348]LogHttp: Warning: 000002322829D1C0: libcurl info message cache 3 (TCP_NODELAY set)
[2019.01.04-15.32.20:837][348]LogHttp: Warning: 000002322829D1C0: libcurl info message cache 4 (Connected to datarouter.ol.epicgames.com (107.21.51.40) port 443 (#3))
[2019.01.04-15.32.20:837][348]LogHttp: Warning: 000002322829D1C0: libcurl info message cache 5 (ALPN, offering http/1.1)
[2019.01.04-15.32.20:837][348]LogHttp: Warning: 000002322829D1C0: libcurl info message cache 6 (Cipher selection: ALL:!EXPORT:!EXPORT40:!EXPORT56:!aNULL:!LOW:!RC4:@STRENGTH)
[2019.01.04-15.32.20:837][348]LogHttp: Warning: 000002322829D1C0: libcurl info message cache 7 (SSL re-using session ID)
[2019.01.04-15.32.20:837][348]LogHttp: Warning: 000002322829D1C0: libcurl info message cache 8 (TLSv1.2 (OUT), TLS handshake, Client hello (1):)
[2019.01.04-15.32.20:837][348]LogHttp: Warning: 000002322829D1C0: libcurl info message cache 9 (TLSv1.2 (IN), TLS handshake, Server hello (2):)
[2019.01.04-15.32.20:837][348]LogHttp: Warning: 000002322829D1C0: libcurl info message cache 10 (Closing connection 3)
[2019.01.04-15.32.23:221][631]Cmd: OBJ SAVEPACKAGE PACKAGE="/Game/ThirdPersonBP/Blueprints/ABP_Mannequin1" FILE="../../../../Work/Warframe_A/Content/ThirdPersonBP/Blueprints/ABP_Mannequin1.uasset" SILENT=true
[2019.01.04-15.32.23:279][631]LogSavePackage: Moving '../../../../Work/Warframe_A/Saved/ABP_Mannequin19A9E55C34E4C75BF8CB0408B7FFDC077.tmp' to '../../../../Work/Warframe_A/Content/ThirdPersonBP/Blueprints/ABP_Mannequin1.uasset'
[2019.01.04-15.32.24:342][757]BlueprintLog: New page: Compile ABP_Mannequin1
[2019.01.04-15.32.36:736][206]BlueprintLog: New page: Compile ABP_Mannequin1
[2019.01.04-15.32.36:757][206]LogBlueprint: Warning: [Compiler ABP_Mannequin1] BulletJump to Slide  will never be taken, please connect something to  Can Enter Transition
[2019.01.04-15.32.36:872][206]LogBlueprint: Warning: [Compiler ABP_Mannequin1] [0640.51] Compile of ABP_Mannequin1 successful, but with 1 Warning(s) [in 135 ms] (/Game/ThirdPersonBP/Blueprints/ABP_Mannequin1.ABP_Mannequin1)
[2019.01.04-15.33.08:555][967]LogFileHelpers: Editor autosave (incl. sublevels) for '/Game/ThirdPersonBP/Maps/ThirdPersonExampleMap' took 0.020
[2019.01.04-15.33.08:572][967]OBJ SavePackage: Generating thumbnails for [1] asset(s) in package [/Game/ThirdPersonBP/Blueprints/ABP_Mannequin1] ([1] browsable assets)...
[2019.01.04-15.33.08:591][967]OBJ SavePackage:     Rendered thumbnail for [AnimBlueprint /Game/ThirdPersonBP/Blueprints/ABP_Mannequin1.ABP_Mannequin1]
[2019.01.04-15.33.08:591][967]OBJ SavePackage: Finished generating thumbnails for package [/Game/ThirdPersonBP/Blueprints/ABP_Mannequin1]
[2019.01.04-15.33.08:767][967]LogSavePackage: Moving '../../../../Work/Warframe_A/Saved/ABP_Mannequin1_Auto10FE0915C45991D4609158D891F03E5E4.tmp' to '../../../../Work/Warframe_A/Saved/Autosaves/Game/ThirdPersonBP/Blueprints/ABP_Mannequin1_Auto1.uasset'
[2019.01.04-15.33.08:777][967]LogFileHelpers: Auto-saving content packages took 0.222
[2019.01.04-15.38.39:389][125]LogSlate: Window 'ABP_Mannequin1*' being destroyed
[2019.01.04-15.38.39:438][125]LogSlate: Window 'ABP_Mannequin1*' being destroyed
[2019.01.04-15.38.43:003][303]LogSlate: Window 'Delete Assets' being destroyed
[2019.01.04-15.38.46:301][482]LogSlate: Window 'Warframe_A - Unreal Editor' being destroyed
[2019.01.04-15.38.46:302][482]LogWindowsTextInputMethodSystem: Display: IME system now activated using TSF (微软拼音).
[2019.01.04-15.38.46:465][483]Cmd: QUIT_EDITOR
[2019.01.04-15.38.46:488][483]LogExit: Preparing to exit.
[2019.01.04-15.38.46:827][483]LogExit: Editor shut down
[2019.01.04-15.38.46:827][483]LogExit: Transaction tracking system shut down
[2019.01.04-15.38.47:032][483]LogExit: Object subsystem successfully closed.
[2019.01.04-15.38.47:054][483]LogShaderCompilers: Display: Shaders left to compile 0
[2019.01.04-15.38.47:056][483]LogD3D11RHI: Shutdown
[2019.01.04-15.38.47:056][483]LogD3D11RHI: CleanupD3DDevice
[2019.01.04-15.38.47:058][483]LogD3D11RHI: ~FD3D11DynamicRHI
[2019.01.04-15.38.47:066][483]LogModuleManager: Shutting down and abandoning module ClothingSystemEditorInterface (608)
[2019.01.04-15.38.47:066][483]LogModuleManager: Shutting down and abandoning module BlueprintGraph (606)
[2019.01.04-15.38.47:066][483]LogModuleManager: Shutting down and abandoning module PinnedCommandList (604)
[2019.01.04-15.38.47:066][483]LogModuleManager: Shutting down and abandoning module SkeletonEditor (602)
[2019.01.04-15.38.47:066][483]LogModuleManager: Shutting down and abandoning module AnimationBlueprintEditor (600)
[2019.01.04-15.38.47:066][483]LogModuleManager: Shutting down and abandoning module HierarchicalLODOutliner (598)
[2019.01.04-15.38.47:066][483]LogModuleManager: Shutting down and abandoning module SceneOutliner (596)
[2019.01.04-15.38.47:066][483]LogModuleManager: Shutting down and abandoning module AddContentDialog (594)
[2019.01.04-15.38.47:067][483]LogModuleManager: Shutting down and abandoning module WidgetCarousel (593)
[2019.01.04-15.38.47:067][483]LogModuleManager: Shutting down and abandoning module EditorWidgets (590)
[2019.01.04-15.38.47:067][483]LogModuleManager: Shutting down and abandoning module CollectionManager (588)
[2019.01.04-15.38.47:067][483]LogModuleManager: Shutting down and abandoning module StatsViewer (586)
[2019.01.04-15.38.47:067][483]LogModuleManager: Shutting down and abandoning module FoliageEdit (584)
[2019.01.04-15.38.47:067][483]LogModuleManager: Shutting down and abandoning module LandscapeEditor (582)
[2019.01.04-15.38.47:067][483]LogModuleManager: Shutting down and abandoning module MeshPaintMode (580)
[2019.01.04-15.38.47:067][483]LogModuleManager: Shutting down and abandoning module SceneDepthPickerMode (578)
[2019.01.04-15.38.47:067][483]LogModuleManager: Shutting down and abandoning module ActorPickerMode (576)
[2019.01.04-15.38.47:067][483]LogModuleManager: Shutting down and abandoning module GeometryMode (574)
[2019.01.04-15.38.47:067][483]LogModuleManager: Shutting down and abandoning module TextureAlignMode (572)
[2019.01.04-15.38.47:067][483]LogModuleManager: Shutting down and abandoning module BspMode (570)
[2019.01.04-15.38.47:067][483]LogModuleManager: Shutting down and abandoning module PIEPreviewDeviceProfileSelector (568)
[2019.01.04-15.38.47:067][483]LogModuleManager: Shutting down and abandoning module SequenceRecorderSections (566)
[2019.01.04-15.38.47:067][483]LogModuleManager: Shutting down and abandoning module AutomationWorker (564)
[2019.01.04-15.38.47:067][483]LogModuleManager: Shutting down and abandoning module AudioCaptureEditor (562)
[2019.01.04-15.38.47:067][483]LogModuleManager: Shutting down and abandoning module SequenceRecorder (561)
[2019.01.04-15.38.47:067][483]LogModuleManager: Shutting down and abandoning module MatineeToLevelSequence (558)
[2019.01.04-15.38.47:067][483]LogModuleManager: Shutting down and abandoning module LevelSequenceEditor (556)
[2019.01.04-15.38.47:067][483]LogModuleManager: Shutting down and abandoning module PlacementMode (555)
[2019.01.04-15.38.47:067][483]LogModuleManager: Shutting down and abandoning module MaterialEditor (554)
[2019.01.04-15.38.47:067][483]LogModuleManager: Shutting down and abandoning module WmfMediaFactory (550)
[2019.01.04-15.38.47:067][483]LogModuleManager: Shutting down and abandoning module WmfMediaEditor (548)
[2019.01.04-15.38.47:067][483]LogModuleManager: Shutting down and abandoning module MediaPlayerEditor (546)
[2019.01.04-15.38.47:067][483]LogModuleManager: Shutting down and abandoning module OpenExrWrapper (544)
[2019.01.04-15.38.47:067][483]LogModuleManager: Shutting down and abandoning module ImgMediaFactory (542)
[2019.01.04-15.38.47:067][483]LogModuleManager: Shutting down and abandoning module ImgMediaEditor (540)
[2019.01.04-15.38.47:067][483]LogModuleManager: Shutting down and abandoning module AvfMediaFactory (538)
[2019.01.04-15.38.47:067][483]LogModuleManager: Shutting down and abandoning module AvfMediaEditor (536)
[2019.01.04-15.38.47:067][483]LogModuleManager: Shutting down and abandoning module AndroidMediaFactory (534)
[2019.01.04-15.38.47:067][483]LogModuleManager: Shutting down and abandoning module AndroidMediaEditor (532)
[2019.01.04-15.38.47:067][483]LogModuleManager: Shutting down and abandoning module MagicLeapCameraPreviewFactory (530)
[2019.01.04-15.38.47:067][483]LogModuleManager: Shutting down and abandoning module MagicLeapMediaFactory (528)
[2019.01.04-15.38.47:067][483]LogModuleManager: Shutting down and abandoning module MagicLeapMediaEditor (526)
[2019.01.04-15.38.47:067][483]LogModuleManager: Shutting down and abandoning module CharacterAI (524)
[2019.01.04-15.38.47:067][483]LogModuleManager: Shutting down and abandoning module SmartSnapping (522)
[2019.01.04-15.38.47:067][483]LogModuleManager: Shutting down and abandoning module SessionServices (520)
[2019.01.04-15.38.47:067][483]LogModuleManager: Shutting down and abandoning module ViewportSnapping (518)
[2019.01.04-15.38.47:067][483]LogModuleManager: Shutting down and abandoning module ViewportInteraction (516)
[2019.01.04-15.38.47:067][483]LogModuleManager: Shutting down and abandoning module ClothPainter (514)
[2019.01.04-15.38.47:067][483]LogModuleManager: Shutting down and abandoning module SkeletalMeshEditor (513)
[2019.01.04-15.38.47:067][483]LogModuleManager: Shutting down and abandoning module LogVisualizer (510)
[2019.01.04-15.38.47:068][483]LogModuleManager: Shutting down and abandoning module IntroTutorials (508)
[2019.01.04-15.38.47:068][483]LogModuleManager: Shutting down and abandoning module GameProjectGeneration (507)
[2019.01.04-15.38.47:068][483]LogModuleManager: Shutting down and abandoning module LuminPlatformEditor (504)
[2019.01.04-15.38.47:068][483]LogModuleManager: Shutting down and abandoning module IOSPlatformEditor (502)
[2019.01.04-15.38.47:068][483]LogModuleManager: Shutting down and abandoning module HTML5PlatformEditor (500)
[2019.01.04-15.38.47:068][483]LogModuleManager: Shutting down and abandoning module AndroidPlatformEditor (498)
[2019.01.04-15.38.47:068][483]LogModuleManager: Shutting down and abandoning module AndroidDeviceDetection (497)
[2019.01.04-15.38.47:692][483]LogModuleManager: Shutting down and abandoning module WindowsPlatformEditor (494)
[2019.01.04-15.38.47:692][483]LogModuleManager: Shutting down and abandoning module LuminRuntimeSettings (492)
[2019.01.04-15.38.47:692][483]LogModuleManager: Shutting down and abandoning module IOSRuntimeSettings (490)
[2019.01.04-15.38.47:692][483]LogModuleManager: Shutting down and abandoning module AndroidRuntimeSettings (488)
[2019.01.04-15.38.47:692][483]LogModuleManager: Shutting down and abandoning module InputBindingEditor (486)
[2019.01.04-15.38.47:692][483]LogModuleManager: Shutting down and abandoning module MergeActors (484)
[2019.01.04-15.38.47:692][483]LogModuleManager: Shutting down and abandoning module LocalizationDashboard (482)
[2019.01.04-15.38.47:692][483]LogModuleManager: Shutting down and abandoning module LocalizationService (481)
[2019.01.04-15.38.47:692][483]LogModuleManager: Shutting down and abandoning module HardwareTargeting (478)
[2019.01.04-15.38.47:692][483]LogModuleManager: Shutting down and abandoning module DeviceProfileEditor (476)
[2019.01.04-15.38.47:692][483]LogModuleManager: Shutting down and abandoning module UndoHistory (474)
[2019.01.04-15.38.47:692][483]LogModuleManager: Shutting down and abandoning module XmlParser (472)
[2019.01.04-15.38.47:692][483]LogModuleManager: Shutting down and abandoning module Blutility (470)
[2019.01.04-15.38.47:692][483]LogModuleManager: Shutting down and abandoning module ProjectSettingsViewer (468)
[2019.01.04-15.38.47:692][483]LogModuleManager: Shutting down and abandoning module ProjectTargetPlatformEditor (467)
[2019.01.04-15.38.47:693][483]LogModuleManager: Shutting down and abandoning module EditorSettingsViewer (464)
[2019.01.04-15.38.47:693][483]LogModuleManager: Shutting down and abandoning module SettingsEditor (462)
[2019.01.04-15.38.47:693][483]LogModuleManager: Shutting down and abandoning module ProjectLauncher (460)
[2019.01.04-15.38.47:693][483]LogModuleManager: Shutting down and abandoning module SessionFrontend (458)
[2019.01.04-15.38.47:693][483]LogModuleManager: Shutting down and abandoning module ProfilerClient (456)
[2019.01.04-15.38.47:693][483]LogModuleManager: Shutting down and abandoning module DeviceManager (454)
[2019.01.04-15.38.47:693][483]LogModuleManager: Shutting down and abandoning module TargetDeviceServices (453)
[2019.01.04-15.38.47:748][483]LogModuleManager: Shutting down and abandoning module AutomationController (450)
[2019.01.04-15.38.47:748][483]LogModuleManager: Shutting down and abandoning module AutomationWindow (448)
[2019.01.04-15.38.47:748][483]LogModuleManager: Shutting down and abandoning module Layers (446)
[2019.01.04-15.38.47:748][483]LogModuleManager: Shutting down and abandoning module ComponentVisualizers (444)
[2019.01.04-15.38.47:748][483]LogModuleManager: Shutting down and abandoning module DetailCustomizations (442)
[2019.01.04-15.38.47:748][483]LogModuleManager: Shutting down and abandoning module PackagesDialog (440)
[2019.01.04-15.38.47:748][483]LogModuleManager: Shutting down and abandoning module Persona (438)
[2019.01.04-15.38.47:748][483]LogModuleManager: Shutting down and abandoning module AdvancedPreviewScene (437)
[2019.01.04-15.38.47:748][483]LogModuleManager: Shutting down and abandoning module AnimGraph (435)
[2019.01.04-15.38.47:748][483]LogModuleManager: Shutting down and abandoning module Kismet (432)
[2019.01.04-15.38.47:755][483]LogModuleManager: Shutting down and abandoning module GraphEditor (430)
[2019.01.04-15.38.47:755][483]LogModuleManager: Shutting down and abandoning module ClassViewer (428)
[2019.01.04-15.38.47:755][483]LogModuleManager: Shutting down and abandoning module Toolbox (426)
[2019.01.04-15.38.47:755][483]LogModuleManager: Shutting down and abandoning module DesktopPlatform (425)
[2019.01.04-15.38.47:755][483]LogModuleManager: Shutting down and abandoning module ModuleUI (422)
[2019.01.04-15.38.47:755][483]LogModuleManager: Shutting down and abandoning module MovieSceneTools (420)
[2019.01.04-15.38.47:755][483]LogModuleManager: Shutting down and abandoning module OutputLog (418)
[2019.01.04-15.38.47:755][483]LogModuleManager: Shutting down and abandoning module GammaUI (416)
[2019.01.04-15.38.47:755][483]LogModuleManager: Shutting down and abandoning module Documentation (414)
[2019.01.04-15.38.47:755][483]LogModuleManager: Shutting down and abandoning module MovieSceneTracks (412)
[2019.01.04-15.38.47:755][483]LogModuleManager: Shutting down and abandoning module MovieScene (410)
[2019.01.04-15.38.47:755][483]LogModuleManager: Shutting down and abandoning module StreamingPauseRendering (408)
[2019.01.04-15.38.47:755][483]LogModuleManager: Shutting down and abandoning module LauncherPlatform (406)
[2019.01.04-15.38.47:755][483]LogModuleManager: Shutting down and abandoning module AnalyticsET (404)
[2019.01.04-15.38.47:755][483]LogModuleManager: Shutting down and abandoning module PortalServices (402)
[2019.01.04-15.38.47:755][483]LogModuleManager: Shutting down and abandoning module PortalRpc (400)
[2019.01.04-15.38.47:755][483]LogModuleManager: Shutting down and abandoning module MessagingRpc (398)
[2019.01.04-15.38.47:755][483]LogModuleManager: Shutting down and abandoning module AIModule (396)
[2019.01.04-15.38.47:755][483]LogModuleManager: Shutting down and abandoning module GameplayDebugger (395)
[2019.01.04-15.38.47:755][483]LogModuleManager: Shutting down and abandoning module AITestSuite (393)
[2019.01.04-15.38.47:755][483]LogModuleManager: Shutting down and abandoning module NavigationSystem (391)
[2019.01.04-15.38.47:755][483]LogModuleManager: Shutting down and abandoning module ProfilerService (388)
[2019.01.04-15.38.47:989][483]LogModuleManager: Shutting down and abandoning module TaskGraph (386)
[2019.01.04-15.38.47:989][483]LogModuleManager: Shutting down and abandoning module SteamVRController (384)
[2019.01.04-15.38.47:989][483]LogModuleManager: Shutting down and abandoning module ProceduralMeshComponentEditor (382)
[2019.01.04-15.38.47:989][483]LogModuleManager: Shutting down and abandoning module ProceduralMeshComponent (380)
[2019.01.04-15.38.47:989][483]LogModuleManager: Shutting down and abandoning module OculusInput (378)
[2019.01.04-15.38.47:989][483]LogModuleManager: Shutting down and abandoning module MobilePatchingUtils (376)
[2019.01.04-15.38.47:989][483]LogModuleManager: Shutting down and abandoning module EditableMesh (374)
[2019.01.04-15.38.47:989][483]LogModuleManager: Shutting down and abandoning module CustomMeshComponent (372)
[2019.01.04-15.38.47:989][483]LogModuleManager: Shutting down and abandoning module CableComponent (370)
[2019.01.04-15.38.47:989][483]LogModuleManager: Shutting down and abandoning module AudioCapture (368)
[2019.01.04-15.38.47:989][483]LogModuleManager: Shutting down and abandoning module ArchVisCharacter (366)
[2019.01.04-15.38.47:989][483]LogModuleManager: Shutting down and abandoning module AndroidPermission (364)
[2019.01.04-15.38.47:989][483]LogModuleManager: Shutting down and abandoning module NUTUnrealEngine4 (362)
[2019.01.04-15.38.47:989][483]LogModuleManager: Shutting down and abandoning module NetcodeUnitTest (360)
[2019.01.04-15.38.47:989][483]LogModuleManager: Shutting down and abandoning module MediaCompositingEditor (358)
[2019.01.04-15.38.47:989][483]LogModuleManager: Shutting down and abandoning module MediaCompositing (356)
[2019.01.04-15.38.47:989][483]LogModuleManager: Shutting down and abandoning module LinearTimecode (354)
[2019.01.04-15.38.47:989][483]LogModuleManager: Shutting down and abandoning module ImgMedia (352)
[2019.01.04-15.38.47:992][483]LogModuleManager: Shutting down and abandoning module HTML5Networking (350)
[2019.01.04-15.38.47:992][483]LogModuleManager: Shutting down and abandoning module GeometryCacheTracks (348)
[2019.01.04-15.38.47:992][483]LogModuleManager: Shutting down and abandoning module GeometryCacheSequencer (346)
[2019.01.04-15.38.47:992][483]LogModuleManager: Shutting down and abandoning module BackChannel (344)
[2019.01.04-15.38.47:992][483]LogModuleManager: Shutting down and abandoning module AppleVision (342)
[2019.01.04-15.38.47:992][483]LogModuleManager: Shutting down and abandoning module AppleImageUtils (340)
[2019.01.04-15.38.47:992][483]LogModuleManager: Shutting down and abandoning module AlembicImporter (338)
[2019.01.04-15.38.47:992][483]LogModuleManager: Shutting down and abandoning module AlembicLibrary (337)
[2019.01.04-15.38.47:992][483]LogModuleManager: Shutting down and abandoning module GeometryCache (336)
[2019.01.04-15.38.47:992][483]LogModuleManager: Shutting down and abandoning module GeometryCacheEd (335)
[2019.01.04-15.38.47:992][483]LogModuleManager: Shutting down and abandoning module DatasmithContentEditor (330)
[2019.01.04-15.38.47:992][483]LogModuleManager: Shutting down and abandoning module DatasmithContent (328)
[2019.01.04-15.38.47:992][483]LogModuleManager: Shutting down and abandoning module SpeedTreeImporter (326)
[2019.01.04-15.38.47:992][483]LogModuleManager: Shutting down and abandoning module PluginBrowser (324)
[2019.01.04-15.38.47:992][483]LogModuleManager: Shutting down and abandoning module MobileLauncherProfileWizard (322)
[2019.01.04-15.38.47:992][483]LogModuleManager: Shutting down and abandoning module PolygonModeling (320)
[2019.01.04-15.38.47:992][483]LogModuleManager: Shutting down and abandoning module MeshEditor (318)
[2019.01.04-15.38.47:992][483]LogModuleManager: Shutting down and abandoning module CryptoKeysOpenSSL (316)
[2019.01.04-15.38.47:992][483]LogModuleManager: Shutting down and abandoning module CryptoKeys (314)
[2019.01.04-15.38.47:992][483]LogModuleManager: Shutting down and abandoning module VisualStudioSourceCodeAccess (312)
[2019.01.04-15.38.47:992][483]LogModuleManager: Shutting down and abandoning module VisualStudioCodeSourceCodeAccess (310)
[2019.01.04-15.38.47:992][483]LogModuleManager: Shutting down and abandoning module UObjectPlugin (308)
[2019.01.04-15.38.47:992][483]LogModuleManager: Shutting down and abandoning module SubversionSourceControl (306)
[2019.01.04-15.38.47:992][483]LogModuleManager: Shutting down and abandoning module PerforceSourceControl (304)
[2019.01.04-15.38.47:992][483]LogModuleManager: Shutting down and abandoning module GitSourceControl (302)
[2019.01.04-15.38.47:992][483]LogModuleManager: Shutting down and abandoning module SourceControl (301)
[2019.01.04-15.38.47:992][483]LogModuleManager: Shutting down and abandoning module CLionSourceCodeAccess (298)
[2019.01.04-15.38.47:992][483]LogModuleManager: Shutting down and abandoning module LightPropagationVolumeEditor (296)
[2019.01.04-15.38.47:992][483]LogModuleManager: Shutting down and abandoning module PaperTiledImporter (294)
[2019.01.04-15.38.47:992][483]LogModuleManager: Shutting down and abandoning module PaperSpriteSheetImporter (292)
[2019.01.04-15.38.47:992][483]LogModuleManager: Shutting down and abandoning module Paper2DEditor (290)
[2019.01.04-15.38.47:992][483]LogModuleManager: Shutting down and abandoning module MeshPaint (289)
[2019.01.04-15.38.47:992][483]LogModuleManager: Shutting down and abandoning module RuntimePhysXCooking (286)
[2019.01.04-15.38.47:992][483]LogModuleManager: Shutting down and abandoning module PhysXVehiclesEditor (284)
[2019.01.04-15.38.47:992][483]LogModuleManager: Shutting down and abandoning module PhysXVehicles (282)
[2019.01.04-15.38.47:993][483]LogModuleManager: Shutting down and abandoning module OculusEditor (280)
[2019.01.04-15.38.47:993][483]LogModuleManager: Shutting down and abandoning module LocationServicesBPLibrary (278)
[2019.01.04-15.38.47:993][483]LogModuleManager: Shutting down and abandoning module ImmediatePhysicsEditor (276)
[2019.01.04-15.38.47:993][483]LogModuleManager: Shutting down and abandoning module ImmediatePhysics (274)
[2019.01.04-15.38.47:993][483]LogModuleManager: Shutting down and abandoning module ActorSequence (272)
[2019.01.04-15.38.47:993][483]LogModuleManager: Shutting down and abandoning module UdpMessaging (270)
[2019.01.04-15.38.48:094][483]LogModuleManager: Shutting down and abandoning module TcpMessaging (268)
[2019.01.04-15.38.48:194][483]LogModuleManager: Shutting down and abandoning module MagicLeapAudio (266)
[2019.01.04-15.38.48:194][483]LogModuleManager: Shutting down and abandoning module GameplayTagsEditor (264)
[2019.01.04-15.38.48:194][483]LogModuleManager: Shutting down and abandoning module FacialAnimationEditor (262)
[2019.01.04-15.38.48:194][483]LogModuleManager: Shutting down and abandoning module FacialAnimation (260)
[2019.01.04-15.38.48:194][483]LogModuleManager: Shutting down and abandoning module DataValidation (258)
[2019.01.04-15.38.48:194][483]LogModuleManager: Shutting down and abandoning module AssetManagerEditor (256)
[2019.01.04-15.38.48:194][483]LogModuleManager: Shutting down and abandoning module LevelEditor (255)
[2019.01.04-15.38.48:194][483]LogModuleManager: Shutting down and abandoning module PixelInspectorModule (254)
[2019.01.04-15.38.48:194][483]LogModuleManager: Shutting down and abandoning module CommonMenuExtensions (252)
[2019.01.04-15.38.48:194][483]LogModuleManager: Shutting down and abandoning module MainFrame (250)
[2019.01.04-15.38.48:194][483]LogModuleManager: Shutting down and abandoning module HotReload (249)
[2019.01.04-15.38.48:195][483]LogModuleManager: Shutting down and abandoning module ContentBrowser (245)
[2019.01.04-15.38.48:195][483]LogModuleManager: Shutting down and abandoning module TreeMap (243)
[2019.01.04-15.38.48:195][483]LogModuleManager: Shutting down and abandoning module LightPropagationVolumeRuntime (240)
[2019.01.04-15.38.48:195][483]LogModuleManager: Shutting down and abandoning module AISupportModule (238)
[2019.01.04-15.38.48:195][483]LogModuleManager: Shutting down and abandoning module Paper2D (236)
[2019.01.04-15.38.48:195][483]LogModuleManager: Shutting down and abandoning module WindowsMoviePlayer (234)
[2019.01.04-15.38.48:195][483]LogModuleManager: Shutting down and abandoning module WmfMedia (232)
[2019.01.04-15.38.48:196][483]LogModuleManager: Shutting down and abandoning module Media (231)
[2019.01.04-15.38.48:204][483]LogModuleManager: Shutting down and abandoning module PacketHandler (228)
[2019.01.04-15.38.48:204][483]LogModuleManager: Shutting down and abandoning module ClothingSystemEditor (226)
[2019.01.04-15.38.48:204][483]LogModuleManager: Shutting down and abandoning module ClothingSystemRuntime (224)
[2019.01.04-15.38.48:204][483]LogModuleManager: Shutting down and abandoning module MediaAssets (222)
[2019.01.04-15.38.48:204][483]LogModuleManager: Shutting down and abandoning module Overlay (220)
[2019.01.04-15.38.48:204][483]LogModuleManager: Shutting down and abandoning module OverlayEditor (219)
[2019.01.04-15.38.48:204][483]LogModuleManager: Shutting down and abandoning module VREditor (216)
[2019.01.04-15.38.48:204][483]LogModuleManager: Shutting down and abandoning module StringTableEditor (214)
[2019.01.04-15.38.48:204][483]LogModuleManager: Shutting down and abandoning module GameplayTasksEditor (212)
[2019.01.04-15.38.48:204][483]LogModuleManager: Shutting down and abandoning module BehaviorTreeEditor (210)
[2019.01.04-15.38.48:204][483]LogModuleManager: Shutting down and abandoning module FunctionalTesting (208)
[2019.01.04-15.38.48:204][483]LogModuleManager: Shutting down and abandoning module CollisionAnalyzer (206)
[2019.01.04-15.38.48:204][483]LogModuleManager: Shutting down and abandoning module WorkspaceMenuStructure (205)
[2019.01.04-15.38.48:204][483]LogModuleManager: Shutting down and abandoning module UMG (202)
[2019.01.04-15.38.48:204][483]LogModuleManager: Shutting down and abandoning module UMGEditor (201)
[2019.01.04-15.38.48:204][483]LogModuleManager: Shutting down and abandoning module Sequencer (200)
[2019.01.04-15.38.48:204][483]LogModuleManager: Shutting down and abandoning module MessageLog (197)
[2019.01.04-15.38.48:204][483]LogModuleManager: Shutting down and abandoning module SlateReflector (192)
[2019.01.04-15.38.48:204][483]LogModuleManager: Shutting down and abandoning module Slate (190)
[2019.01.04-15.38.48:204][483]LogModuleManager: Shutting down and abandoning module EditorStyle (188)
[2019.01.04-15.38.48:204][483]LogModuleManager: Shutting down and abandoning module MRMesh (186)
[2019.01.04-15.38.48:204][483]LogModuleManager: Shutting down and abandoning module SourceCodeAccess (184)
[2019.01.04-15.38.48:205][483]LogModuleManager: Shutting down and abandoning module HeadMountedDisplay (182)
[2019.01.04-15.38.48:205][483]LogModuleManager: Shutting down and abandoning module XAudio2 (180)
[2019.01.04-15.38.48:205][483]LogModuleManager: Shutting down and abandoning module Networking (178)
[2019.01.04-15.38.48:205][483]LogModuleManager: Shutting down and abandoning module Core (176)
[2019.01.04-15.38.48:205][483]LogModuleManager: Shutting down and abandoning module LevelSequence (174)
[2019.01.04-15.38.48:205][483]LogModuleManager: Shutting down and abandoning module KismetCompiler (172)
[2019.01.04-15.38.48:205][483]LogModuleManager: Shutting down and abandoning module MeshUtilities (170)
[2019.01.04-15.38.48:205][483]LogModuleManager: Shutting down and abandoning module MeshMergeUtilities (169)
[2019.01.04-15.38.48:205][483]LogModuleManager: Shutting down and abandoning module MeshReductionInterface (168)
[2019.01.04-15.38.48:205][483]LogModuleManager: Shutting down and abandoning module ProxyLODMeshReduction (167)
[2019.01.04-15.38.48:205][483]LogModuleManager: Shutting down and abandoning module QuadricMeshReduction (165)
[2019.01.04-15.38.48:205][483]LogModuleManager: Shutting down and abandoning module MaterialBaking (161)
[2019.01.04-15.38.48:205][483]LogModuleManager: Shutting down and abandoning module DirectoryWatcher (157)
[2019.01.04-15.38.48:205][483]LogModuleManager: Shutting down and abandoning module DerivedDataCache (154)
[2019.01.04-15.38.48:267][483]LogDerivedDataCache: Shutdown
[2019.01.04-15.38.48:267][483]LogModuleManager: Shutting down and abandoning module XGEController (152)
[2019.01.04-15.38.48:267][483]LogModuleManager: Shutting down and abandoning module TargetPlatform (150)
[2019.01.04-15.38.48:267][483]LogModuleManager: Shutting down and abandoning module VulkanShaderFormat (149)
[2019.01.04-15.38.48:267][483]LogModuleManager: Shutting down and abandoning module ShaderFormatVectorVM (147)
[2019.01.04-15.38.48:267][483]LogModuleManager: Shutting down and abandoning module ShaderFormatOpenGL (145)
[2019.01.04-15.38.48:267][483]LogModuleManager: Shutting down and abandoning module ShaderFormatD3D (143)
[2019.01.04-15.38.48:267][483]LogModuleManager: Shutting down and abandoning module MetalShaderFormat (141)
[2019.01.04-15.38.48:267][483]LogModuleManager: Shutting down and abandoning module TextureFormatUncompressed (139)
[2019.01.04-15.38.48:267][483]LogModuleManager: Shutting down and abandoning module TextureFormatPVR (137)
[2019.01.04-15.38.48:267][483]LogModuleManager: Shutting down and abandoning module TextureFormatDXT (135)
[2019.01.04-15.38.48:267][483]LogModuleManager: Shutting down and abandoning module TextureFormatIntelISPCTexComp (133)
[2019.01.04-15.38.48:267][483]LogModuleManager: Shutting down and abandoning module TextureFormatASTC (131)
[2019.01.04-15.38.48:267][483]LogModuleManager: Shutting down and abandoning module ImageWrapper (130)
[2019.01.04-15.38.48:267][483]LogModuleManager: Shutting down and abandoning module TextureFormatAndroid (127)
[2019.01.04-15.38.48:267][483]LogModuleManager: Shutting down and abandoning module AudioFormatOpus (125)
[2019.01.04-15.38.48:267][483]LogModuleManager: Shutting down and abandoning module AudioFormatOgg (123)
[2019.01.04-15.38.48:267][483]LogModuleManager: Shutting down and abandoning module AudioFormatADPCM (121)
[2019.01.04-15.38.48:267][483]LogModuleManager: Shutting down and abandoning module LuminTargetPlatform (119)
[2019.01.04-15.38.48:267][483]LogModuleManager: Shutting down and abandoning module TVOSTargetPlatform (117)
[2019.01.04-15.38.48:268][483]LogModuleManager: Shutting down and abandoning module Messaging (115)
[2019.01.04-15.38.48:268][483]LogModuleManager: Shutting down and abandoning module IOSTargetPlatform (113)
[2019.01.04-15.38.48:268][483]LogModuleManager: Shutting down and abandoning module HTML5TargetPlatform (111)
[2019.01.04-15.38.48:269][483]LogModuleManager: Shutting down and abandoning module AndroidTargetPlatform (109)
[2019.01.04-15.38.48:273][483]LogModuleManager: Shutting down and abandoning module WindowsTargetPlatform (107)
[2019.01.04-15.38.48:273][483]LogModuleManager: Shutting down and abandoning module WindowsServerTargetPlatform (105)
[2019.01.04-15.38.48:273][483]LogModuleManager: Shutting down and abandoning module WindowsNoEditorTargetPlatform (103)
[2019.01.04-15.38.48:273][483]LogModuleManager: Shutting down and abandoning module WindowsClientTargetPlatform (101)
[2019.01.04-15.38.48:273][483]LogModuleManager: Shutting down and abandoning module MacTargetPlatform (99)
[2019.01.04-15.38.48:273][483]LogModuleManager: Shutting down and abandoning module MacServerTargetPlatform (97)
[2019.01.04-15.38.48:273][483]LogModuleManager: Shutting down and abandoning module MacNoEditorTargetPlatform (95)
[2019.01.04-15.38.48:273][483]LogModuleManager: Shutting down and abandoning module MacClientTargetPlatform (93)
[2019.01.04-15.38.48:273][483]LogModuleManager: Shutting down and abandoning module AllDesktopTargetPlatform (91)
[2019.01.04-15.38.48:273][483]LogModuleManager: Shutting down and abandoning module InputCore (88)
[2019.01.04-15.38.48:273][483]LogModuleManager: Shutting down and abandoning module Settings (86)
[2019.01.04-15.38.48:273][483]LogModuleManager: Shutting down and abandoning module PhysXCooking (84)
[2019.01.04-15.38.48:273][483]LogModuleManager: Shutting down and abandoning module SteamVR (82)
[2019.01.04-15.38.48:273][483]LogModuleManager: Shutting down and abandoning module OculusHMD (80)
[2019.01.04-15.38.48:273][483]LogModuleManager: Shutting down and abandoning module ExampleDeviceProfileSelector (78)
[2019.01.04-15.38.48:273][483]LogModuleManager: Shutting down and abandoning module LauncherChunkInstaller (76)
[2019.01.04-15.38.48:273][483]LogModuleManager: Shutting down and abandoning module OnlineBlueprintSupport (74)
[2019.01.04-15.38.48:273][483]LogModuleManager: Shutting down and abandoning module OnlineSubsystem (70)
[2019.01.04-15.38.48:273][483]LogModuleManager: Shutting down and abandoning module XMPP (65)
[2019.01.04-15.38.48:273][483]LogModuleManager: Shutting down and abandoning module WebSockets (64)
[2019.01.04-15.38.48:298][483]LogModuleManager: Shutting down and abandoning module HTTP (61)
[2019.01.04-15.38.48:299][483]LogHttp: Display: Http module shutting down, but needs to wait on 1 outstanding Http requests:
[2019.01.04-15.38.48:299][483]LogHttp: Display: 	verb=[POST] url=[https://datarouter.ol.epicgames.com/datarouter/api/v1/public/data?SessionID=%7BA5EF2B9C-46B9-51C8-61B2-1ABD9CD0A769%7D&AppID=UEEditor.UnrealEngine.Release&AppVersion=4.21.0-0%2BUE4&UserID=22552d854de029f0f453489b22b4cd1c%7Cc1c1b958b6834fb59da0f24d689103e4%7Ca651d6f3-6947-40e2-9894-e5c9686ca21f&AppEnvironment=datacollector-source&UploadType=eteventstream] status=Processing
[2019.01.04-15.38.48:314][483]LogModuleManager: Shutting down and abandoning module SSL (60)
[2019.01.04-15.38.48:314][483]LogModuleManager: Shutting down and abandoning module MagicLeapEmulator (56)
[2019.01.04-15.38.48:314][483]LogModuleManager: Shutting down and abandoning module MagicLeapPrivileges (54)
[2019.01.04-15.38.48:314][483]LogModuleManager: Shutting down and abandoning module MagicLeapIdentity (52)
[2019.01.04-15.38.48:314][483]LogModuleManager: Shutting down and abandoning module MagicLeapHelperVulkan (50)
[2019.01.04-15.38.48:314][483]LogModuleManager: Shutting down and abandoning module MagicLeapHelperOpenGL (48)
[2019.01.04-15.38.48:314][483]LogModuleManager: Shutting down and abandoning module MagicLeapSecureStorage (46)
[2019.01.04-15.38.48:314][483]LogModuleManager: Shutting down and abandoning module MagicLeapGestures (44)
[2019.01.04-15.38.48:314][483]LogModuleManager: Shutting down and abandoning module MagicLeapEyeTracker (42)
[2019.01.04-15.38.48:314][483]LogModuleManager: Shutting down and abandoning module MagicLeapController (40)
[2019.01.04-15.38.48:314][483]LogSlate: Slate User Destroyed.  User Index 0, Is Virtual User: 0
[2019.01.04-15.38.48:314][483]LogModuleManager: Shutting down and abandoning module MagicLeap (38)
[2019.01.04-15.38.48:314][483]LogModuleManager: Shutting down and abandoning module AnimationModifiers (36)
[2019.01.04-15.38.48:314][483]LogModuleManager: Shutting down and abandoning module PropertyEditor (35)
[2019.01.04-15.38.48:315][483]LogModuleManager: Shutting down and abandoning module AudioEditor (32)
[2019.01.04-15.38.48:315][483]LogModuleManager: Shutting down and abandoning module TextureCompressor (30)
[2019.01.04-15.38.48:315][483]LogModuleManager: Shutting down and abandoning module ShaderCore (28)
[2019.01.04-15.38.48:315][483]LogModuleManager: Shutting down and abandoning module Landscape (26)
[2019.01.04-15.38.48:315][483]LogModuleManager: Shutting down and abandoning module SlateRHIRenderer (24)
[2019.01.04-15.38.48:315][483]LogModuleManager: Shutting down and abandoning module OpenGLDrv (22)
[2019.01.04-15.38.48:315][483]LogModuleManager: Shutting down and abandoning module D3D11RHI (20)
[2019.01.04-15.38.48:315][483]LogModuleManager: Shutting down and abandoning module AnimGraphRuntime (18)
[2019.01.04-15.38.48:315][483]LogModuleManager: Shutting down and abandoning module Renderer (16)
[2019.01.04-15.38.48:315][483]LogModuleManager: Shutting down and abandoning module Engine (14)
[2019.01.04-15.38.48:315][483]LogModuleManager: Shutting down and abandoning module CoreUObject (12)
[2019.01.04-15.38.48:315][483]LogModuleManager: Shutting down and abandoning module NetworkFile (10)
[2019.01.04-15.38.48:315][483]LogModuleManager: Shutting down and abandoning module CookedIterativeFile (8)
[2019.01.04-15.38.48:315][483]LogModuleManager: Shutting down and abandoning module StreamingFile (6)
[2019.01.04-15.38.48:315][483]LogModuleManager: Shutting down and abandoning module SandboxFile (4)
[2019.01.04-15.38.48:315][483]LogModuleManager: Shutting down and abandoning module PakFile (2)
[2019.01.04-15.38.48:322][483]LogExit: Exiting.
[2019.01.04-15.38.48:331][483]Log file closed, 01/04/19 23:38:48
