Log file open, 01/01/19 12:01:12
LogWindows: Failed to load 'aqProf.dll' (GetLastError=126)
LogWindows: File 'aqProf.dll' does not exist
LogWindows: Failed to load 'VtuneApi.dll' (GetLastError=126)
LogWindows: File 'VtuneApi.dll' does not exist
LogWindows: Failed to load 'VtuneApi32e.dll' (GetLastError=126)
LogWindows: File 'VtuneApi32e.dll' does not exist
LogInit: Display: Running engine for game: Warframe_A
LogPlatformFile: Not using cached read wrapper
LogTaskGraph: Started task graph with 5 named threads and 35 total threads with 3 sets of task threads.
LogStats: Stats thread started at 0.391135
LogD3D11RHI: Loaded GFSDK_Aftermath_Lib.x64.dll
LogICUInternationalization: Display: ICU TimeZone Detection - Raw Offset: +8:00, Platform Override: ''
LogPluginManager: Mounting plugin Paper2D
LogPluginManager: Mounting plugin AISupport
LogPluginManager: Mounting plugin LightPropagationVolume
LogPluginManager: Mounting plugin CLionSourceCodeAccess
LogPluginManager: Mounting plugin CodeLiteSourceCodeAccess
LogPluginManager: Mounting plugin GitSourceControl
LogPluginManager: Mounting plugin KDevelopSourceCodeAccess
LogPluginManager: Mounting plugin NullSourceCodeAccess
LogPluginManager: Mounting plugin PerforceSourceControl
LogPluginManager: Mounting plugin SubversionSourceControl
LogPluginManager: Mounting plugin UObjectPlugin
LogPluginManager: Mounting plugin VisualStudioCodeSourceCodeAccess
LogPluginManager: Mounting plugin VisualStudioSourceCodeAccess
LogPluginManager: Mounting plugin XCodeSourceCodeAccess
LogPluginManager: Mounting plugin AssetManagerEditor
LogPluginManager: Mounting plugin CryptoKeys
LogPluginManager: Mounting plugin DataValidation
LogPluginManager: Mounting plugin FacialAnimation
LogPluginManager: Mounting plugin GameplayTagsEditor
LogPluginManager: Mounting plugin MacGraphicsSwitching
LogPluginManager: Mounting plugin MeshEditor
LogPluginManager: Mounting plugin MobileLauncherProfileWizard
LogPluginManager: Mounting plugin PluginBrowser
LogPluginManager: Mounting plugin SpeedTreeImporter
LogPluginManager: Mounting plugin DatasmithContent
LogPluginManager: Mounting plugin AlembicImporter
LogPluginManager: Mounting plugin AppleImageUtils
LogPluginManager: Mounting plugin AppleVision
LogPluginManager: Mounting plugin BackChannel
LogPluginManager: Mounting plugin CharacterAI
LogPluginManager: Mounting plugin GeometryCache
LogPluginManager: Mounting plugin HTML5Networking
LogPluginManager: Mounting plugin ProxyLODPlugin
LogPluginManager: Mounting plugin MagicLeap
LogPluginManager: Mounting plugin MagicLeapEmulator
LogPluginManager: Mounting plugin MagicLeapMedia
LogPluginManager: Mounting plugin AndroidMedia
LogPluginManager: Mounting plugin AvfMedia
LogPluginManager: Mounting plugin ImgMedia
LogPluginManager: Mounting plugin LinearTimecode
LogPluginManager: Mounting plugin MediaCompositing
LogPluginManager: Mounting plugin MediaPlayerEditor
LogPluginManager: Mounting plugin WmfMedia
LogPluginManager: Mounting plugin TcpMessaging
LogPluginManager: Mounting plugin UdpMessaging
LogPluginManager: Mounting plugin ActorSequence
LogPluginManager: Mounting plugin LevelSequenceEditor
LogPluginManager: Mounting plugin MatineeToLevelSequence
LogPluginManager: Mounting plugin NetcodeUnitTest
LogPluginManager: Mounting plugin NUTUnrealEngine4
LogPluginManager: Mounting plugin OnlineSubsystemGooglePlay
LogPluginManager: Mounting plugin OnlineSubsystemIOS
LogPluginManager: Mounting plugin OnlineSubsystem
LogPluginManager: Mounting plugin OnlineSubsystemNull
LogPluginManager: Mounting plugin OnlineSubsystemUtils
LogPluginManager: Mounting plugin LauncherChunkInstaller
LogPluginManager: Mounting plugin AndroidDeviceProfileSelector
LogPluginManager: Mounting plugin AndroidMoviePlayer
LogPluginManager: Mounting plugin AndroidPermission
LogPluginManager: Mounting plugin AppleMoviePlayer
LogPluginManager: Mounting plugin ArchVisCharacter
LogPluginManager: Mounting plugin AudioCapture
LogPluginManager: Mounting plugin CableComponent
LogPluginManager: Mounting plugin CustomMeshComponent
LogPluginManager: Mounting plugin EditableMesh
LogPluginManager: Mounting plugin ExampleDeviceProfileSelector
LogPluginManager: Mounting plugin GoogleCloudMessaging
LogPluginManager: Mounting plugin ImmediatePhysics
LogPluginManager: Mounting plugin IOSDeviceProfileSelector
LogPluginManager: Mounting plugin LinuxDeviceProfileSelector
LogPluginManager: Mounting plugin LocationServicesBPLibrary
LogPluginManager: Mounting plugin MobilePatchingUtils
LogPluginManager: Mounting plugin OculusVR
LogPluginManager: Plugin shader directory ../../../Engine/Plugins/Runtime/Oculus/OculusVR/Shaders found
LogPluginManager: Mapping shader source directory ../../../Engine/Plugins/Runtime/Oculus/OculusVR/Shaders to virtual directory /Plugin/OculusVR
LogPluginManager: Mounting plugin PhysXVehicles
LogPluginManager: Mounting plugin ProceduralMeshComponent
LogPluginManager: Mounting plugin RuntimePhysXCooking
LogPluginManager: Mounting plugin SteamVR
LogPluginManager: Mounting plugin WindowsMoviePlayer
LogStreaming: Display: Took  0.221s to configure plugins.
LogInit: Using libcurl 7.55.1-DEV
LogInit:  - built for x86_64-pc-win32
LogInit:  - supports SSL with OpenSSL/1.0.2h
LogInit:  - supports HTTP deflate (compression) using libz 1.2.8
LogInit:  - other features:
LogInit:      CURL_VERSION_SSL
LogInit:      CURL_VERSION_LIBZ
LogInit:      CURL_VERSION_IPV6
LogInit:      CURL_VERSION_ASYNCHDNS
LogInit:      CURL_VERSION_LARGEFILE
LogInit:      CURL_VERSION_IDN
LogInit:  CurlRequestOptions (configurable via config and command line):
LogInit:  - bVerifyPeer = false  - Libcurl will NOT verify peer certificate
LogInit:  - bUseHttpProxy = false  - Libcurl will NOT use HTTP proxy
LogInit:  - bDontReuseConnections = false  - Libcurl will reuse connections
LogInit:  - CertBundlePath = nullptr  - Libcurl will use whatever was configured at build time.
LogInit:  - MaxHostConnections = 16  - Libcurl will limit the number of connections to a host
LogInit:  - LocalHostAddr = Default
LogInit:  - BufferSize = 65536
LogInit: WinSock: version 1.1 (2.2), MaxSocks=32767, MaxUdp=65467
LogInit: Build: UE4-CL-0
LogInit: Engine Version: 4.21.0-0+UE4
LogInit: Compatible Engine Version: 4.21.0-0+UE4
LogInit: Net CL: 0
LogInit: OS: Windows 10 (), CPU: Intel(R) Core(TM) i7-8700 CPU @ 3.20GHz, GPU: NVIDIA GeForce GTX 1060 6GB
LogInit: Compiled (64-bit): Dec 27 2018 13:45:39
LogInit: Compiled with Visual C++: 19.16.27025.01
LogInit: Build Configuration: Development
LogInit: Branch Name: UE4
LogInit: Command Line: 
LogInit: Base Directory: Q:/UnrealEngine-staging-4.20/Engine/Binaries/Win64/
LogInit: Installed Engine Build: 0
LogDevObjectVersion: Number of dev versions registered: 20
LogDevObjectVersion:   Dev-Blueprints (B0D832E4-1F89-4F0D-ACCF-7EB736FD4AA2): 10
LogDevObjectVersion:   Dev-Build (E1C64328-A22C-4D53-A36C-8E866417BD8C): 0
LogDevObjectVersion:   Dev-Core (375EC13C-06E4-48FB-B500-84F0262A717E): 2
LogDevObjectVersion:   Dev-Editor (E4B068ED-F494-42E9-A231-DA0B2E46BB41): 24
LogDevObjectVersion:   Dev-Framework (CFFC743F-43B0-4480-9391-14DF171D2073): 34
LogDevObjectVersion:   Dev-Mobile (B02B49B5-BB20-44E9-A304-32B752E40360): 2
LogDevObjectVersion:   Dev-Networking (A4E4105C-59A1-49B5-A7C5-40C4547EDFEE): 0
LogDevObjectVersion:   Dev-Online (39C831C9-5AE6-47DC-9A44-9C173E1C8E7C): 0
LogDevObjectVersion:   Dev-Physics (78F01B33-EBEA-4F98-B9B4-84EACCB95AA2): 0
LogDevObjectVersion:   Dev-Platform (6631380F-2D4D-43E0-8009-CF276956A95A): 0
LogDevObjectVersion:   Dev-Rendering (12F88B9F-8875-4AFC-A67C-D90C383ABD29): 26
LogDevObjectVersion:   Dev-Sequencer (7B5AE74C-D270-4C10-A958-57980B212A5A): 9
LogDevObjectVersion:   Dev-VR (D7296918-1DD6-4BDD-9DE2-64A83CC13884): 2
LogDevObjectVersion:   Dev-LoadTimes (C2A15278-BFE7-4AFE-6C17-90FF531DF755): 1
LogDevObjectVersion:   Private-Geometry (6EACA3D4-40EC-4CC1-B786-8BED09428FC5): 3
LogDevObjectVersion:   Dev-AnimPhys (29E575DD-E0A3-4627-9D10-D276232CDCEA): 17
LogDevObjectVersion:   Dev-ReflectionCapture (6B266CEC-1EC7-4B8F-A30B-E4D90942FC07): 1
LogDevObjectVersion:   Dev-Automation (0DF73D61-A23F-47EA-B727-89E90C41499A): 1
LogDevObjectVersion:   FortniteMain (601D1886-AC64-4F84-AA16-D3DE0DEAC7D6): 12
LogDevObjectVersion:   Dev-Enterprise (9DFFBCD6-494F-0158-E221-12823C92A888): 1
LogStreaming: Display: Took  0.050s to delete old logs.
LogInit: Presizing for max 8388607 objects, including 0 objects not considered by GC, pre-allocating 0 bytes for permanent pool.
LogInit: Object subsystem initialized
[2019.01.01-04.01.12:841][  0]LogInit: Selected Device Profile: [Windows]
[2019.01.01-04.01.12:841][  0]LogInit: Applying CVar settings loaded from the selected device profile: [Windows]
[2019.01.01-04.01.12:866][  0]LogHAL: Display: Platform has ~ 16 GB [17088872448 / 17179869184 / 16], which maps to Larger [LargestMinGB=32, LargerMinGB=12, DefaultMinGB=8, SmallerMinGB=6, SmallestMinGB=0)
[2019.01.01-04.01.12:866][  0]LogInit: Setting Device Profile CVar: [[r.Vulkan.UseRealUBs:1]]
[2019.01.01-04.01.12:866][  0]LogInit: Going up to parent DeviceProfile []
[2019.01.01-04.01.12:866][  0]LogInit: Computer: DESKTOP-0U9IS5D
[2019.01.01-04.01.12:866][  0]LogInit: User: aer
[2019.01.01-04.01.12:867][  0]LogInit: CPU Page size=4096, Cores=6
[2019.01.01-04.01.12:867][  0]LogInit: High frequency timer resolution =3.117187 MHz
[2019.01.01-04.01.12:867][  0]LogMemory: Memory total: Physical=15.9GB (16GB approx)
[2019.01.01-04.01.12:867][  0]LogMemory: Platform Memory Stats for Windows
[2019.01.01-04.01.12:867][  0]LogMemory: Process Physical Memory: 100.89 MB used, 100.89 MB peak
[2019.01.01-04.01.12:867][  0]LogMemory: Process Virtual Memory: 93.90 MB used, 93.90 MB peak
[2019.01.01-04.01.12:867][  0]LogMemory: Physical Memory: 5994.42 MB used,  10302.80 MB free, 16297.22 MB total
[2019.01.01-04.01.12:867][  0]LogMemory: Virtual Memory: 4657.77 MB used,  10302.80 MB free, 134217728.00 MB total
[2019.01.01-04.01.12:880][  0]LogInit: Overriding language with editor language configuration option (en).
[2019.01.01-04.01.12:880][  0]LogInit: Overriding locale with editor locale configuration option (en).
[2019.01.01-04.01.13:156][  0]LogStreaming: Display: Took  0.275s to InitEngineTextLocalization.
[2019.01.01-04.01.13:156][  0]LogInit: Setting process to per monitor DPI aware
[2019.01.01-04.01.13:179][  0]LogSlate: New Slate User Created.  User Index 0, Is Virtual User: 0
[2019.01.01-04.01.13:179][  0]LogSlate: Slate User Registered.  User Index 0, Is Virtual User: 0
[2019.01.01-04.01.13:321][  0]LogHMD: Failed to initialize OpenVR with code 110
[2019.01.01-04.01.13:321][  0]LogD3D11RHI: D3D11 adapters:
[2019.01.01-04.01.13:374][  0]LogD3D11RHI:    0. 'NVIDIA GeForce GTX 1060 6GB' (Feature Level 11_0)
[2019.01.01-04.01.13:374][  0]LogD3D11RHI:       6052/0/8148 MB DedicatedVideo/DedicatedSystem/SharedSystem, Outputs:2, VendorId:0x10de
[2019.01.01-04.01.13:375][  0]LogD3D11RHI:    1. 'Microsoft Basic Render Driver' (Feature Level 11_0)
[2019.01.01-04.01.13:375][  0]LogD3D11RHI:       0/0/8148 MB DedicatedVideo/DedicatedSystem/SharedSystem, Outputs:0, VendorId:0x1414
[2019.01.01-04.01.13:375][  0]LogD3D11RHI: Chosen D3D11 Adapter: 0
[2019.01.01-04.01.13:380][  0]LogD3D11RHI: Creating new Direct3DDevice
[2019.01.01-04.01.13:380][  0]LogD3D11RHI:     GPU DeviceId: 0x1c03 (for the marketing name, search the web for "GPU Device Id")
[2019.01.01-04.01.13:380][  0]LogWindows: EnumDisplayDevices:
[2019.01.01-04.01.13:380][  0]LogWindows:    0. 'NVIDIA GeForce GTX 1060 6GB' (P:0 D:1)
[2019.01.01-04.01.13:380][  0]LogWindows:    1. 'NVIDIA GeForce GTX 1060 6GB' (P:1 D:1)
[2019.01.01-04.01.13:381][  0]LogWindows:    2. 'NVIDIA GeForce GTX 1060 6GB' (P:0 D:0)
[2019.01.01-04.01.13:381][  0]LogWindows:    3. 'NVIDIA GeForce GTX 1060 6GB' (P:0 D:0)
[2019.01.01-04.01.13:381][  0]LogWindows: DebugString: FoundDriverCount:4 
[2019.01.01-04.01.13:381][  0]LogD3D11RHI:     Adapter Name: NVIDIA GeForce GTX 1060 6GB
[2019.01.01-04.01.13:381][  0]LogD3D11RHI:   Driver Version: 397.31 (internal:24.21.13.9731, unified:397.31)
[2019.01.01-04.01.13:381][  0]LogD3D11RHI:      Driver Date: 4-22-2018
[2019.01.01-04.01.13:381][  0]LogRHI: Texture pool is 4236 MB (70% of 6052 MB)
[2019.01.01-04.01.13:410][  0]LogD3D11RHI: Async texture creation enabled
[2019.01.01-04.01.13:459][  0]LogD3D11RHI: GPU Timing Frequency: 1000.000000 (Debug: 2 2)
[2019.01.01-04.01.13:554][  0]LogShaderCompilers: Guid format shader working directory is 17 characters bigger than the processId version (../../../../Work/Warframe_A/Intermediate/Shaders/WorkingDirectory/5300/).
[2019.01.01-04.01.13:555][  0]LogShaderCompilers: Cleaned the shader compiler working directory 'C:/Users/aer/AppData/Local/Temp/UnrealShaderWorkingDir/0F64F025427616A2F4C3D188FC6F32A9/'.
[2019.01.01-04.01.13:708][  0]LogTemp: Display: Loaded TP AllDesktopTargetPlatform
[2019.01.01-04.01.13:715][  0]LogTemp: Display: Loaded TP MacClientTargetPlatform
[2019.01.01-04.01.13:722][  0]LogTemp: Display: Loaded TP MacNoEditorTargetPlatform
[2019.01.01-04.01.13:729][  0]LogTemp: Display: Loaded TP MacServerTargetPlatform
[2019.01.01-04.01.13:737][  0]LogTemp: Display: Loaded TP MacTargetPlatform
[2019.01.01-04.01.13:744][  0]LogTemp: Display: Loaded TP WindowsClientTargetPlatform
[2019.01.01-04.01.13:751][  0]LogTemp: Display: Loaded TP WindowsNoEditorTargetPlatform
[2019.01.01-04.01.13:758][  0]LogTemp: Display: Loaded TP WindowsServerTargetPlatform
[2019.01.01-04.01.13:761][  0]LogTemp: Display: Loaded TP WindowsTargetPlatform
[2019.01.01-04.01.13:798][  0]LogTemp: Display: Loaded TP AndroidTargetPlatform
[2019.01.01-04.01.13:798][  0]LogTemp: Display: Loaded TP AndroidTargetPlatform
[2019.01.01-04.01.13:798][  0]LogTemp: Display: Loaded TP AndroidTargetPlatform
[2019.01.01-04.01.13:798][  0]LogTemp: Display: Loaded TP AndroidTargetPlatform
[2019.01.01-04.01.13:798][  0]LogTemp: Display: Loaded TP AndroidTargetPlatform
[2019.01.01-04.01.13:798][  0]LogTemp: Display: Loaded TP AndroidTargetPlatform
[2019.01.01-04.01.13:798][  0]LogTemp: Display: Loaded TP AndroidTargetPlatform
[2019.01.01-04.01.13:798][  0]LogTemp: Display: Loaded TP AndroidTargetPlatform
[2019.01.01-04.01.13:798][  0]LogTemp: Display: Loaded TP AndroidTargetPlatform
[2019.01.01-04.01.13:798][  0]LogTemp: Display: Loaded TP AndroidTargetPlatform
[2019.01.01-04.01.13:798][  0]LogTemp: Display: Loaded TP AndroidTargetPlatform
[2019.01.01-04.01.13:798][  0]LogTemp: Display: Loaded TP AndroidTargetPlatform
[2019.01.01-04.01.13:798][  0]LogTemp: Display: Loaded TP AndroidTargetPlatform
[2019.01.01-04.01.13:798][  0]LogTemp: Display: Loaded TP AndroidTargetPlatform
[2019.01.01-04.01.13:798][  0]LogTemp: Display: Loaded TP AndroidTargetPlatform
[2019.01.01-04.01.13:798][  0]LogTemp: Display: Loaded TP AndroidTargetPlatform
[2019.01.01-04.01.13:798][  0]LogTemp: Display: Loaded TP AndroidTargetPlatform
[2019.01.01-04.01.13:798][  0]LogTemp: Display: Loaded TP AndroidTargetPlatform
[2019.01.01-04.01.13:799][  0]LogTemp: Display: Loaded TP HTML5TargetPlatform
[2019.01.01-04.01.13:847][  0]LogTemp: Display: Loaded TP IOSTargetPlatform
[2019.01.01-04.01.13:847][  0]LogTemp: Display: Loaded TP IOSTargetPlatform
[2019.01.01-04.01.13:860][  0]LogTemp: Display: Loaded TP TVOSTargetPlatform
[2019.01.01-04.01.13:860][  0]LogTemp: Display: Loaded TP TVOSTargetPlatform
[2019.01.01-04.01.13:864][  0]LogTemp: Display: Loaded TP LuminTargetPlatform
[2019.01.01-04.01.13:864][  0]LogTargetPlatformManager: Display: Building Assets For Windows
[2019.01.01-04.01.13:898][  0]LogXGEController: Cannot use XGE Controller as Incredibuild is not installed on this machine.
[2019.01.01-04.01.13:898][  0]LogShaderCompilers: Cannot use XGE Shader Compiler as Incredibuild is not installed on this machine.
[2019.01.01-04.01.13:898][  0]LogShaderCompilers: Display: Using Local Shader Compiler.
[2019.01.01-04.01.14:408][  0]LogDerivedDataCache: Display: Max Cache Size: 512 MB
[2019.01.01-04.01.15:278][  0]LogDerivedDataCache: Loaded boot cache 0.87s 71MB ../../../../Work/Warframe_A/DerivedDataCache/Boot.ddc.
[2019.01.01-04.01.15:279][  0]LogDerivedDataCache: Display: Loaded Boot cache: ../../../../Work/Warframe_A/DerivedDataCache/Boot.ddc
[2019.01.01-04.01.15:279][  0]LogDerivedDataCache: FDerivedDataBackendGraph:  Pak pak cache file ../../../../Work/Warframe_A/DerivedDataCache/DDC.ddp not found, will not use a pak cache.
[2019.01.01-04.01.15:279][  0]LogDerivedDataCache: Unable to find inner node Pak for hierarchical cache Hierarchy.
[2019.01.01-04.01.15:279][  0]LogDerivedDataCache: FDerivedDataBackendGraph:  EnginePak pak cache file ../../../Engine/DerivedDataCache/DDC.ddp not found, will not use a pak cache.
[2019.01.01-04.01.15:279][  0]LogDerivedDataCache: Unable to find inner node EnginePak for hierarchical cache Hierarchy.
[2019.01.01-04.01.15:290][  0]LogDerivedDataCache: Using Local data cache path ../../../Engine/DerivedDataCache: Writable
[2019.01.01-04.01.15:290][  0]LogDerivedDataCache: Shared data cache path not found in *engine.ini, will not use an Shared cache.
[2019.01.01-04.01.15:290][  0]LogDerivedDataCache: Unable to find inner node Shared for hierarchical cache Hierarchy.
[2019.01.01-04.01.15:305][  0]LogMaterial: Verifying Global Shaders for PCD3D_SM5
[2019.01.01-04.01.15:306][  0]LogSlate: Using FreeType 2.6.0
[2019.01.01-04.01.15:307][  0]LogSlate: SlateFontServices - WITH_FREETYPE: 1, WITH_HARFBUZZ: 1
[2019.01.01-04.01.15:364][  0]LogAssetRegistry: FAssetRegistry took 0.0237 seconds to start up
[2019.01.01-04.01.15:564][  0]LogInit: Selected Device Profile: [Windows]
[2019.01.01-04.01.15:664][  0]LogMeshReduction: Using ProxyLODMeshReduction for automatic mesh merging
[2019.01.01-04.01.15:664][  0]LogMeshReduction: Using QuadricMeshReduction for automatic static mesh reduction
[2019.01.01-04.01.15:664][  0]LogMeshReduction: No automatic skeletal mesh reduction module available
[2019.01.01-04.01.15:664][  0]LogMeshReduction: No distributed automatic mesh merging module available
[2019.01.01-04.01.15:664][  0]LogMeshMerging: No distributed automatic mesh merging module available
[2019.01.01-04.01.15:681][  0]LogNetVersion: Warframe_A 1.0.0, NetCL: 0, EngineNetVer: 5, GameNetVer: 0 (Checksum: 1079098011)
[2019.01.01-04.01.16:220][  0]LogPackageLocalizationCache: Processed 11 localized package path(s) for 1 prioritized culture(s) in 0.151530 seconds
[2019.01.01-04.01.16:226][  0]LogUObjectArray: 38381 objects as part of root set at end of initial load.
[2019.01.01-04.01.16:226][  0]LogUObjectAllocator: 6683944 out of 0 bytes used by permanent object pool.
[2019.01.01-04.01.16:226][  0]LogUObjectArray: CloseDisregardForGC: 0/0 objects in disregard for GC pool
[2019.01.01-04.01.16:550][  0]LogStreaming: Warning: Failed to read file '../../../Engine/Content/Editor/Slate/Launcher/Mac/Platform_Mac_24x.png' error.
[2019.01.01-04.01.16:550][  0]LogSlate: Could not find file for Slate resource: ../../../Engine/Content/Editor/Slate/Launcher/Mac/Platform_Mac_24x.png
[2019.01.01-04.01.16:550][  0]LogStreaming: Warning: Failed to read file '../../../Engine/Content/Editor/Slate/Launcher/Mac/Platform_Mac_128x.png' error.
[2019.01.01-04.01.16:550][  0]LogSlate: Could not find file for Slate resource: ../../../Engine/Content/Editor/Slate/Launcher/Mac/Platform_Mac_128x.png
[2019.01.01-04.01.16:550][  0]LogStreaming: Warning: Failed to read file '../../../Engine/Content/Editor/Slate/Launcher/Mac/Platform_Mac_128x.png' error.
[2019.01.01-04.01.16:550][  0]LogSlate: Could not find file for Slate resource: ../../../Engine/Content/Editor/Slate/Launcher/Mac/Platform_Mac_128x.png
[2019.01.01-04.01.16:550][  0]LogStreaming: Warning: Failed to read file '../../../Engine/Content/Editor/Slate/Launcher/Mac/Platform_Mac_24x.png' error.
[2019.01.01-04.01.16:550][  0]LogSlate: Could not find file for Slate resource: ../../../Engine/Content/Editor/Slate/Launcher/Mac/Platform_Mac_24x.png
[2019.01.01-04.01.16:550][  0]LogStreaming: Warning: Failed to read file '../../../Engine/Content/Editor/Slate/Launcher/Mac/Platform_Mac_128x.png' error.
[2019.01.01-04.01.16:550][  0]LogSlate: Could not find file for Slate resource: ../../../Engine/Content/Editor/Slate/Launcher/Mac/Platform_Mac_128x.png
[2019.01.01-04.01.16:550][  0]LogStreaming: Warning: Failed to read file '../../../Engine/Content/Editor/Slate/Launcher/Mac/Platform_Mac_128x.png' error.
[2019.01.01-04.01.16:550][  0]LogSlate: Could not find file for Slate resource: ../../../Engine/Content/Editor/Slate/Launcher/Mac/Platform_Mac_128x.png
[2019.01.01-04.01.16:550][  0]LogStreaming: Warning: Failed to read file '../../../Engine/Content/Editor/Slate/Launcher/Mac/Platform_Mac_24x.png' error.
[2019.01.01-04.01.16:550][  0]LogSlate: Could not find file for Slate resource: ../../../Engine/Content/Editor/Slate/Launcher/Mac/Platform_Mac_24x.png
[2019.01.01-04.01.16:550][  0]LogStreaming: Warning: Failed to read file '../../../Engine/Content/Editor/Slate/Launcher/Mac/Platform_Mac_128x.png' error.
[2019.01.01-04.01.16:550][  0]LogSlate: Could not find file for Slate resource: ../../../Engine/Content/Editor/Slate/Launcher/Mac/Platform_Mac_128x.png
[2019.01.01-04.01.16:550][  0]LogStreaming: Warning: Failed to read file '../../../Engine/Content/Editor/Slate/Launcher/Mac/Platform_Mac_128x.png' error.
[2019.01.01-04.01.16:550][  0]LogSlate: Could not find file for Slate resource: ../../../Engine/Content/Editor/Slate/Launcher/Mac/Platform_Mac_128x.png
[2019.01.01-04.01.16:550][  0]LogStreaming: Warning: Failed to read file '../../../Engine/Content/Editor/Slate/Launcher/Mac/Platform_Mac_24x.png' error.
[2019.01.01-04.01.16:550][  0]LogSlate: Could not find file for Slate resource: ../../../Engine/Content/Editor/Slate/Launcher/Mac/Platform_Mac_24x.png
[2019.01.01-04.01.16:550][  0]LogStreaming: Warning: Failed to read file '../../../Engine/Content/Editor/Slate/Launcher/Mac/Platform_Mac_128x.png' error.
[2019.01.01-04.01.16:550][  0]LogSlate: Could not find file for Slate resource: ../../../Engine/Content/Editor/Slate/Launcher/Mac/Platform_Mac_128x.png
[2019.01.01-04.01.16:550][  0]LogStreaming: Warning: Failed to read file '../../../Engine/Content/Editor/Slate/Launcher/Mac/Platform_Mac_128x.png' error.
[2019.01.01-04.01.16:550][  0]LogSlate: Could not find file for Slate resource: ../../../Engine/Content/Editor/Slate/Launcher/Mac/Platform_Mac_128x.png
[2019.01.01-04.01.16:550][  0]LogStreaming: Warning: Failed to read file '../../../Engine/Content/Editor/Slate/Launcher/Linux/Platform_Linux_24x.png' error.
[2019.01.01-04.01.16:550][  0]LogSlate: Could not find file for Slate resource: ../../../Engine/Content/Editor/Slate/Launcher/Linux/Platform_Linux_24x.png
[2019.01.01-04.01.16:550][  0]LogStreaming: Warning: Failed to read file '../../../Engine/Content/Editor/Slate/Launcher/Linux/Platform_Linux_128x.png' error.
[2019.01.01-04.01.16:550][  0]LogSlate: Could not find file for Slate resource: ../../../Engine/Content/Editor/Slate/Launcher/Linux/Platform_Linux_128x.png
[2019.01.01-04.01.16:550][  0]LogStreaming: Warning: Failed to read file '../../../Engine/Content/Editor/Slate/Launcher/Linux/Platform_Linux_128x.png' error.
[2019.01.01-04.01.16:550][  0]LogSlate: Could not find file for Slate resource: ../../../Engine/Content/Editor/Slate/Launcher/Linux/Platform_Linux_128x.png
[2019.01.01-04.01.16:550][  0]LogStreaming: Warning: Failed to read file '../../../Engine/Content/Editor/Slate/Launcher/Linux/Platform_Linux_24x.png' error.
[2019.01.01-04.01.16:550][  0]LogSlate: Could not find file for Slate resource: ../../../Engine/Content/Editor/Slate/Launcher/Linux/Platform_Linux_24x.png
[2019.01.01-04.01.16:550][  0]LogStreaming: Warning: Failed to read file '../../../Engine/Content/Editor/Slate/Launcher/Linux/Platform_Linux_128x.png' error.
[2019.01.01-04.01.16:550][  0]LogSlate: Could not find file for Slate resource: ../../../Engine/Content/Editor/Slate/Launcher/Linux/Platform_Linux_128x.png
[2019.01.01-04.01.16:550][  0]LogStreaming: Warning: Failed to read file '../../../Engine/Content/Editor/Slate/Launcher/Linux/Platform_Linux_128x.png' error.
[2019.01.01-04.01.16:550][  0]LogSlate: Could not find file for Slate resource: ../../../Engine/Content/Editor/Slate/Launcher/Linux/Platform_Linux_128x.png
[2019.01.01-04.01.16:550][  0]LogStreaming: Warning: Failed to read file '../../../Engine/Content/Editor/Slate/Launcher/Linux/Platform_Linux_24x.png' error.
[2019.01.01-04.01.16:550][  0]LogSlate: Could not find file for Slate resource: ../../../Engine/Content/Editor/Slate/Launcher/Linux/Platform_Linux_24x.png
[2019.01.01-04.01.16:550][  0]LogStreaming: Warning: Failed to read file '../../../Engine/Content/Editor/Slate/Launcher/Linux/Platform_Linux_128x.png' error.
[2019.01.01-04.01.16:550][  0]LogSlate: Could not find file for Slate resource: ../../../Engine/Content/Editor/Slate/Launcher/Linux/Platform_Linux_128x.png
[2019.01.01-04.01.16:550][  0]LogStreaming: Warning: Failed to read file '../../../Engine/Content/Editor/Slate/Launcher/Linux/Platform_Linux_128x.png' error.
[2019.01.01-04.01.16:550][  0]LogSlate: Could not find file for Slate resource: ../../../Engine/Content/Editor/Slate/Launcher/Linux/Platform_Linux_128x.png
[2019.01.01-04.01.16:550][  0]LogStreaming: Warning: Failed to read file '../../../Engine/Content/Editor/Slate/Launcher/Linux/Platform_Linux_24x.png' error.
[2019.01.01-04.01.16:550][  0]LogSlate: Could not find file for Slate resource: ../../../Engine/Content/Editor/Slate/Launcher/Linux/Platform_Linux_24x.png
[2019.01.01-04.01.16:550][  0]LogStreaming: Warning: Failed to read file '../../../Engine/Content/Editor/Slate/Launcher/Linux/Platform_Linux_128x.png' error.
[2019.01.01-04.01.16:550][  0]LogSlate: Could not find file for Slate resource: ../../../Engine/Content/Editor/Slate/Launcher/Linux/Platform_Linux_128x.png
[2019.01.01-04.01.16:551][  0]LogStreaming: Warning: Failed to read file '../../../Engine/Content/Editor/Slate/Launcher/Linux/Platform_Linux_128x.png' error.
[2019.01.01-04.01.16:551][  0]LogSlate: Could not find file for Slate resource: ../../../Engine/Content/Editor/Slate/Launcher/Linux/Platform_Linux_128x.png
[2019.01.01-04.01.16:551][  0]LogStreaming: Warning: Failed to read file '../../../Engine/Content/Editor/Slate/Launcher/Android/Platform_Android_24x.png' error.
[2019.01.01-04.01.16:551][  0]LogSlate: Could not find file for Slate resource: ../../../Engine/Content/Editor/Slate/Launcher/Android/Platform_Android_24x.png
[2019.01.01-04.01.16:551][  0]LogStreaming: Warning: Failed to read file '../../../Engine/Content/Editor/Slate/Launcher/Android/Platform_Android_128x.png' error.
[2019.01.01-04.01.16:551][  0]LogSlate: Could not find file for Slate resource: ../../../Engine/Content/Editor/Slate/Launcher/Android/Platform_Android_128x.png
[2019.01.01-04.01.16:551][  0]LogStreaming: Warning: Failed to read file '../../../Engine/Content/Editor/Slate/Launcher/Android/Platform_Android_128x.png' error.
[2019.01.01-04.01.16:551][  0]LogSlate: Could not find file for Slate resource: ../../../Engine/Content/Editor/Slate/Launcher/Android/Platform_Android_128x.png
[2019.01.01-04.01.16:551][  0]LogStreaming: Warning: Failed to read file '../../../Engine/Content/Editor/Slate/Launcher/Android/Platform_Android_24x.png' error.
[2019.01.01-04.01.16:551][  0]LogSlate: Could not find file for Slate resource: ../../../Engine/Content/Editor/Slate/Launcher/Android/Platform_Android_24x.png
[2019.01.01-04.01.16:551][  0]LogStreaming: Warning: Failed to read file '../../../Engine/Content/Editor/Slate/Launcher/Android/Platform_Android_128x.png' error.
[2019.01.01-04.01.16:551][  0]LogSlate: Could not find file for Slate resource: ../../../Engine/Content/Editor/Slate/Launcher/Android/Platform_Android_128x.png
[2019.01.01-04.01.16:551][  0]LogStreaming: Warning: Failed to read file '../../../Engine/Content/Editor/Slate/Launcher/Android/Platform_Android_128x.png' error.
[2019.01.01-04.01.16:551][  0]LogSlate: Could not find file for Slate resource: ../../../Engine/Content/Editor/Slate/Launcher/Android/Platform_Android_128x.png
[2019.01.01-04.01.16:551][  0]LogStreaming: Warning: Failed to read file '../../../Engine/Content/Editor/Slate/Launcher/Android/Platform_Android_ATC_24x.png' error.
[2019.01.01-04.01.16:551][  0]LogSlate: Could not find file for Slate resource: ../../../Engine/Content/Editor/Slate/Launcher/Android/Platform_Android_ATC_24x.png
[2019.01.01-04.01.16:551][  0]LogStreaming: Warning: Failed to read file '../../../Engine/Content/Editor/Slate/Launcher/Android/Platform_Android_128x.png' error.
[2019.01.01-04.01.16:551][  0]LogSlate: Could not find file for Slate resource: ../../../Engine/Content/Editor/Slate/Launcher/Android/Platform_Android_128x.png
[2019.01.01-04.01.16:551][  0]LogStreaming: Warning: Failed to read file '../../../Engine/Content/Editor/Slate/Launcher/Android/Platform_Android_128x.png' error.
[2019.01.01-04.01.16:551][  0]LogSlate: Could not find file for Slate resource: ../../../Engine/Content/Editor/Slate/Launcher/Android/Platform_Android_128x.png
[2019.01.01-04.01.16:551][  0]LogStreaming: Warning: Failed to read file '../../../Engine/Content/Editor/Slate/Launcher/Android/Platform_Android_DXT_24x.png' error.
[2019.01.01-04.01.16:551][  0]LogSlate: Could not find file for Slate resource: ../../../Engine/Content/Editor/Slate/Launcher/Android/Platform_Android_DXT_24x.png
[2019.01.01-04.01.16:551][  0]LogStreaming: Warning: Failed to read file '../../../Engine/Content/Editor/Slate/Launcher/Android/Platform_Android_128x.png' error.
[2019.01.01-04.01.16:551][  0]LogSlate: Could not find file for Slate resource: ../../../Engine/Content/Editor/Slate/Launcher/Android/Platform_Android_128x.png
[2019.01.01-04.01.16:551][  0]LogStreaming: Warning: Failed to read file '../../../Engine/Content/Editor/Slate/Launcher/Android/Platform_Android_128x.png' error.
[2019.01.01-04.01.16:551][  0]LogSlate: Could not find file for Slate resource: ../../../Engine/Content/Editor/Slate/Launcher/Android/Platform_Android_128x.png
[2019.01.01-04.01.16:551][  0]LogStreaming: Warning: Failed to read file '../../../Engine/Content/Editor/Slate/Launcher/Android/Platform_Android_ETC1_24x.png' error.
[2019.01.01-04.01.16:551][  0]LogSlate: Could not find file for Slate resource: ../../../Engine/Content/Editor/Slate/Launcher/Android/Platform_Android_ETC1_24x.png
[2019.01.01-04.01.16:551][  0]LogStreaming: Warning: Failed to read file '../../../Engine/Content/Editor/Slate/Launcher/Android/Platform_Android_128x.png' error.
[2019.01.01-04.01.16:551][  0]LogSlate: Could not find file for Slate resource: ../../../Engine/Content/Editor/Slate/Launcher/Android/Platform_Android_128x.png
[2019.01.01-04.01.16:551][  0]LogStreaming: Warning: Failed to read file '../../../Engine/Content/Editor/Slate/Launcher/Android/Platform_Android_128x.png' error.
[2019.01.01-04.01.16:551][  0]LogSlate: Could not find file for Slate resource: ../../../Engine/Content/Editor/Slate/Launcher/Android/Platform_Android_128x.png
[2019.01.01-04.01.16:551][  0]LogStreaming: Warning: Failed to read file '../../../Engine/Content/Editor/Slate/Launcher/Android/Platform_Android_ETC1_24x.png' error.
[2019.01.01-04.01.16:551][  0]LogSlate: Could not find file for Slate resource: ../../../Engine/Content/Editor/Slate/Launcher/Android/Platform_Android_ETC1_24x.png
[2019.01.01-04.01.16:551][  0]LogStreaming: Warning: Failed to read file '../../../Engine/Content/Editor/Slate/Launcher/Android/Platform_Android_128x.png' error.
[2019.01.01-04.01.16:551][  0]LogSlate: Could not find file for Slate resource: ../../../Engine/Content/Editor/Slate/Launcher/Android/Platform_Android_128x.png
[2019.01.01-04.01.16:552][  0]LogStreaming: Warning: Failed to read file '../../../Engine/Content/Editor/Slate/Launcher/Android/Platform_Android_128x.png' error.
[2019.01.01-04.01.16:552][  0]LogSlate: Could not find file for Slate resource: ../../../Engine/Content/Editor/Slate/Launcher/Android/Platform_Android_128x.png
[2019.01.01-04.01.16:552][  0]LogStreaming: Warning: Failed to read file '../../../Engine/Content/Editor/Slate/Launcher/Android/Platform_Android_ETC2_24x.png' error.
[2019.01.01-04.01.16:552][  0]LogSlate: Could not find file for Slate resource: ../../../Engine/Content/Editor/Slate/Launcher/Android/Platform_Android_ETC2_24x.png
[2019.01.01-04.01.16:552][  0]LogStreaming: Warning: Failed to read file '../../../Engine/Content/Editor/Slate/Launcher/Android/Platform_Android_128x.png' error.
[2019.01.01-04.01.16:552][  0]LogSlate: Could not find file for Slate resource: ../../../Engine/Content/Editor/Slate/Launcher/Android/Platform_Android_128x.png
[2019.01.01-04.01.16:552][  0]LogStreaming: Warning: Failed to read file '../../../Engine/Content/Editor/Slate/Launcher/Android/Platform_Android_128x.png' error.
[2019.01.01-04.01.16:552][  0]LogSlate: Could not find file for Slate resource: ../../../Engine/Content/Editor/Slate/Launcher/Android/Platform_Android_128x.png
[2019.01.01-04.01.16:552][  0]LogStreaming: Warning: Failed to read file '../../../Engine/Content/Editor/Slate/Launcher/Android/Platform_Android_PVRTC_24x.png' error.
[2019.01.01-04.01.16:552][  0]LogSlate: Could not find file for Slate resource: ../../../Engine/Content/Editor/Slate/Launcher/Android/Platform_Android_PVRTC_24x.png
[2019.01.01-04.01.16:552][  0]LogStreaming: Warning: Failed to read file '../../../Engine/Content/Editor/Slate/Launcher/Android/Platform_Android_128x.png' error.
[2019.01.01-04.01.16:552][  0]LogSlate: Could not find file for Slate resource: ../../../Engine/Content/Editor/Slate/Launcher/Android/Platform_Android_128x.png
[2019.01.01-04.01.16:552][  0]LogStreaming: Warning: Failed to read file '../../../Engine/Content/Editor/Slate/Launcher/Android/Platform_Android_128x.png' error.
[2019.01.01-04.01.16:552][  0]LogSlate: Could not find file for Slate resource: ../../../Engine/Content/Editor/Slate/Launcher/Android/Platform_Android_128x.png
[2019.01.01-04.01.16:552][  0]LogStreaming: Warning: Failed to read file '../../../Engine/Content/Editor/Slate/Launcher/Android/Platform_Android_ASTC_24x.png' error.
[2019.01.01-04.01.16:552][  0]LogSlate: Could not find file for Slate resource: ../../../Engine/Content/Editor/Slate/Launcher/Android/Platform_Android_ASTC_24x.png
[2019.01.01-04.01.16:552][  0]LogStreaming: Warning: Failed to read file '../../../Engine/Content/Editor/Slate/Launcher/Android/Platform_Android_128x.png' error.
[2019.01.01-04.01.16:552][  0]LogSlate: Could not find file for Slate resource: ../../../Engine/Content/Editor/Slate/Launcher/Android/Platform_Android_128x.png
[2019.01.01-04.01.16:552][  0]LogStreaming: Warning: Failed to read file '../../../Engine/Content/Editor/Slate/Launcher/Android/Platform_Android_128x.png' error.
[2019.01.01-04.01.16:552][  0]LogSlate: Could not find file for Slate resource: ../../../Engine/Content/Editor/Slate/Launcher/Android/Platform_Android_128x.png
[2019.01.01-04.01.16:552][  0]LogStreaming: Warning: Failed to read file '../../../Engine/Content/Editor/Slate/Launcher/Android/Platform_Android_24x.png' error.
[2019.01.01-04.01.16:552][  0]LogSlate: Could not find file for Slate resource: ../../../Engine/Content/Editor/Slate/Launcher/Android/Platform_Android_24x.png
[2019.01.01-04.01.16:552][  0]LogStreaming: Warning: Failed to read file '../../../Engine/Content/Editor/Slate/Launcher/Android/Platform_Android_128x.png' error.
[2019.01.01-04.01.16:552][  0]LogSlate: Could not find file for Slate resource: ../../../Engine/Content/Editor/Slate/Launcher/Android/Platform_Android_128x.png
[2019.01.01-04.01.16:552][  0]LogStreaming: Warning: Failed to read file '../../../Engine/Content/Editor/Slate/Launcher/Android/Platform_Android_128x.png' error.
[2019.01.01-04.01.16:552][  0]LogSlate: Could not find file for Slate resource: ../../../Engine/Content/Editor/Slate/Launcher/Android/Platform_Android_128x.png
[2019.01.01-04.01.16:552][  0]LogStreaming: Warning: Failed to read file '../../../Engine/Content/Editor/Slate/Launcher/Android/Platform_Android_24x.png' error.
[2019.01.01-04.01.16:552][  0]LogSlate: Could not find file for Slate resource: ../../../Engine/Content/Editor/Slate/Launcher/Android/Platform_Android_24x.png
[2019.01.01-04.01.16:552][  0]LogStreaming: Warning: Failed to read file '../../../Engine/Content/Editor/Slate/Launcher/Android/Platform_Android_128x.png' error.
[2019.01.01-04.01.16:552][  0]LogSlate: Could not find file for Slate resource: ../../../Engine/Content/Editor/Slate/Launcher/Android/Platform_Android_128x.png
[2019.01.01-04.01.16:552][  0]LogStreaming: Warning: Failed to read file '../../../Engine/Content/Editor/Slate/Launcher/Android/Platform_Android_128x.png' error.
[2019.01.01-04.01.16:552][  0]LogSlate: Could not find file for Slate resource: ../../../Engine/Content/Editor/Slate/Launcher/Android/Platform_Android_128x.png
[2019.01.01-04.01.16:552][  0]LogStreaming: Warning: Failed to read file '../../../Engine/Content/Editor/Slate/Launcher/Android/Platform_Android_ATC_24x.png' error.
[2019.01.01-04.01.16:552][  0]LogSlate: Could not find file for Slate resource: ../../../Engine/Content/Editor/Slate/Launcher/Android/Platform_Android_ATC_24x.png
[2019.01.01-04.01.16:552][  0]LogStreaming: Warning: Failed to read file '../../../Engine/Content/Editor/Slate/Launcher/Android/Platform_Android_128x.png' error.
[2019.01.01-04.01.16:552][  0]LogSlate: Could not find file for Slate resource: ../../../Engine/Content/Editor/Slate/Launcher/Android/Platform_Android_128x.png
[2019.01.01-04.01.16:552][  0]LogStreaming: Warning: Failed to read file '../../../Engine/Content/Editor/Slate/Launcher/Android/Platform_Android_128x.png' error.
[2019.01.01-04.01.16:552][  0]LogSlate: Could not find file for Slate resource: ../../../Engine/Content/Editor/Slate/Launcher/Android/Platform_Android_128x.png
[2019.01.01-04.01.16:552][  0]LogStreaming: Warning: Failed to read file '../../../Engine/Content/Editor/Slate/Launcher/Android/Platform_Android_DXT_24x.png' error.
[2019.01.01-04.01.16:552][  0]LogSlate: Could not find file for Slate resource: ../../../Engine/Content/Editor/Slate/Launcher/Android/Platform_Android_DXT_24x.png
[2019.01.01-04.01.16:552][  0]LogStreaming: Warning: Failed to read file '../../../Engine/Content/Editor/Slate/Launcher/Android/Platform_Android_128x.png' error.
[2019.01.01-04.01.16:552][  0]LogSlate: Could not find file for Slate resource: ../../../Engine/Content/Editor/Slate/Launcher/Android/Platform_Android_128x.png
[2019.01.01-04.01.16:552][  0]LogStreaming: Warning: Failed to read file '../../../Engine/Content/Editor/Slate/Launcher/Android/Platform_Android_128x.png' error.
[2019.01.01-04.01.16:552][  0]LogSlate: Could not find file for Slate resource: ../../../Engine/Content/Editor/Slate/Launcher/Android/Platform_Android_128x.png
[2019.01.01-04.01.16:552][  0]LogStreaming: Warning: Failed to read file '../../../Engine/Content/Editor/Slate/Launcher/Android/Platform_Android_ETC1_24x.png' error.
[2019.01.01-04.01.16:552][  0]LogSlate: Could not find file for Slate resource: ../../../Engine/Content/Editor/Slate/Launcher/Android/Platform_Android_ETC1_24x.png
[2019.01.01-04.01.16:552][  0]LogStreaming: Warning: Failed to read file '../../../Engine/Content/Editor/Slate/Launcher/Android/Platform_Android_128x.png' error.
[2019.01.01-04.01.16:552][  0]LogSlate: Could not find file for Slate resource: ../../../Engine/Content/Editor/Slate/Launcher/Android/Platform_Android_128x.png
[2019.01.01-04.01.16:552][  0]LogStreaming: Warning: Failed to read file '../../../Engine/Content/Editor/Slate/Launcher/Android/Platform_Android_128x.png' error.
[2019.01.01-04.01.16:552][  0]LogSlate: Could not find file for Slate resource: ../../../Engine/Content/Editor/Slate/Launcher/Android/Platform_Android_128x.png
[2019.01.01-04.01.16:552][  0]LogStreaming: Warning: Failed to read file '../../../Engine/Content/Editor/Slate/Launcher/Android/Platform_Android_ETC1_24x.png' error.
[2019.01.01-04.01.16:552][  0]LogSlate: Could not find file for Slate resource: ../../../Engine/Content/Editor/Slate/Launcher/Android/Platform_Android_ETC1_24x.png
[2019.01.01-04.01.16:552][  0]LogStreaming: Warning: Failed to read file '../../../Engine/Content/Editor/Slate/Launcher/Android/Platform_Android_128x.png' error.
[2019.01.01-04.01.16:552][  0]LogSlate: Could not find file for Slate resource: ../../../Engine/Content/Editor/Slate/Launcher/Android/Platform_Android_128x.png
[2019.01.01-04.01.16:552][  0]LogStreaming: Warning: Failed to read file '../../../Engine/Content/Editor/Slate/Launcher/Android/Platform_Android_128x.png' error.
[2019.01.01-04.01.16:552][  0]LogSlate: Could not find file for Slate resource: ../../../Engine/Content/Editor/Slate/Launcher/Android/Platform_Android_128x.png
[2019.01.01-04.01.16:552][  0]LogStreaming: Warning: Failed to read file '../../../Engine/Content/Editor/Slate/Launcher/Android/Platform_Android_ETC2_24x.png' error.
[2019.01.01-04.01.16:552][  0]LogSlate: Could not find file for Slate resource: ../../../Engine/Content/Editor/Slate/Launcher/Android/Platform_Android_ETC2_24x.png
[2019.01.01-04.01.16:553][  0]LogStreaming: Warning: Failed to read file '../../../Engine/Content/Editor/Slate/Launcher/Android/Platform_Android_128x.png' error.
[2019.01.01-04.01.16:553][  0]LogSlate: Could not find file for Slate resource: ../../../Engine/Content/Editor/Slate/Launcher/Android/Platform_Android_128x.png
[2019.01.01-04.01.16:553][  0]LogStreaming: Warning: Failed to read file '../../../Engine/Content/Editor/Slate/Launcher/Android/Platform_Android_128x.png' error.
[2019.01.01-04.01.16:553][  0]LogSlate: Could not find file for Slate resource: ../../../Engine/Content/Editor/Slate/Launcher/Android/Platform_Android_128x.png
[2019.01.01-04.01.16:553][  0]LogStreaming: Warning: Failed to read file '../../../Engine/Content/Editor/Slate/Launcher/Android/Platform_Android_PVRTC_24x.png' error.
[2019.01.01-04.01.16:553][  0]LogSlate: Could not find file for Slate resource: ../../../Engine/Content/Editor/Slate/Launcher/Android/Platform_Android_PVRTC_24x.png
[2019.01.01-04.01.16:553][  0]LogStreaming: Warning: Failed to read file '../../../Engine/Content/Editor/Slate/Launcher/Android/Platform_Android_128x.png' error.
[2019.01.01-04.01.16:553][  0]LogSlate: Could not find file for Slate resource: ../../../Engine/Content/Editor/Slate/Launcher/Android/Platform_Android_128x.png
[2019.01.01-04.01.16:553][  0]LogStreaming: Warning: Failed to read file '../../../Engine/Content/Editor/Slate/Launcher/Android/Platform_Android_128x.png' error.
[2019.01.01-04.01.16:553][  0]LogSlate: Could not find file for Slate resource: ../../../Engine/Content/Editor/Slate/Launcher/Android/Platform_Android_128x.png
[2019.01.01-04.01.16:553][  0]LogStreaming: Warning: Failed to read file '../../../Engine/Content/Editor/Slate/Launcher/Android/Platform_Android_ASTC_24x.png' error.
[2019.01.01-04.01.16:553][  0]LogSlate: Could not find file for Slate resource: ../../../Engine/Content/Editor/Slate/Launcher/Android/Platform_Android_ASTC_24x.png
[2019.01.01-04.01.16:553][  0]LogStreaming: Warning: Failed to read file '../../../Engine/Content/Editor/Slate/Launcher/Android/Platform_Android_128x.png' error.
[2019.01.01-04.01.16:553][  0]LogSlate: Could not find file for Slate resource: ../../../Engine/Content/Editor/Slate/Launcher/Android/Platform_Android_128x.png
[2019.01.01-04.01.16:553][  0]LogStreaming: Warning: Failed to read file '../../../Engine/Content/Editor/Slate/Launcher/Android/Platform_Android_128x.png' error.
[2019.01.01-04.01.16:553][  0]LogSlate: Could not find file for Slate resource: ../../../Engine/Content/Editor/Slate/Launcher/Android/Platform_Android_128x.png
[2019.01.01-04.01.16:833][  0]LogTcpMessaging: Initializing TcpMessaging bridge
[2019.01.01-04.01.16:845][  0]LogUdpMessaging: Initializing bridge on interface 0.0.0.0:0 to multicast group 230.0.0.1:6666.
[2019.01.01-04.01.16:966][  0]SourceControl: Source control is disabled
[2019.01.01-04.01.16:966][  0]SourceControl: Source control is disabled
[2019.01.01-04.01.16:967][  0]SourceControl: Source control is disabled
[2019.01.01-04.01.16:967][  0]SourceControl: Source control is disabled
[2019.01.01-04.01.17:109][  0]LogAndroidPermission: UAndroidPermissionCallbackProxy::GetInstance
[2019.01.01-04.01.17:174][  0]LogOcInput: OculusInput pre-init called
[2019.01.01-04.01.17:217][  0]LogEngine: Initializing Engine...
[2019.01.01-04.01.17:218][  0]LogHMD: Failed to initialize OpenVR with code 110
[2019.01.01-04.01.17:219][  0]LogStats: UGameplayTagsManager::ConstructGameplayTagTree: ImportINI prefixes -  0.000 s
[2019.01.01-04.01.17:219][  0]LogStats: UGameplayTagsManager::ConstructGameplayTagTree: Construct from data asset -  0.000 s
[2019.01.01-04.01.17:219][  0]LogStats: UGameplayTagsManager::ConstructGameplayTagTree: ImportINI -  0.000 s
[2019.01.01-04.01.17:219][  0]LogStats: UGameplayTagsManager::ConstructGameplayTagTree: GameplayTagTreeChangedEvent.Broadcast -  0.000 s
[2019.01.01-04.01.17:378][  0]LogInit: Initializing FReadOnlyCVARCache
[2019.01.01-04.01.17:385][  0]LogAIModule: Creating AISystem for world Untitled
[2019.01.01-04.01.17:400][  0]LogInit: XAudio2 using '扬声器 (2- Realtek High Definition Audio)' : 2 channels at 48 kHz using 16 bits per sample (channel mask 0x3)
[2019.01.01-04.01.17:414][  0]LogInit: FAudioDevice initialized.
[2019.01.01-04.01.17:414][  0]LogNetVersion: Set ProjectVersion to 1.0.0.0. Version Checksum will be recalculated on next use.
[2019.01.01-04.01.17:551][  0]LogDerivedDataCache: Saved boot cache 0.14s 71MB ../../../../Work/Warframe_A/DerivedDataCache/Boot.ddc.
[2019.01.01-04.01.17:561][  0]LogInit: Texture streaming: Enabled
[2019.01.01-04.01.17:570][  0]LogEngineSessionManager: EngineSessionManager initialized
[2019.01.01-04.01.17:578][  0]LogInit: Transaction tracking system initialized
[2019.01.01-04.01.17:591][  0]BlueprintLog: New page: Editor Load
[2019.01.01-04.01.17:631][  0]LocalizationService: Localization service is disabled
[2019.01.01-04.01.18:012][  0]LogCook: Display: Max memory allowance for cook 16384mb min free memory 0mb
[2019.01.01-04.01.18:012][  0]LogCook: Display: Mobile HDR setting 1
[2019.01.01-04.01.18:012][  0]LogGameplayTags: Display: UGameplayTagsManager::DoneAddingNativeTags. DelegateIsBound: 0
[2019.01.01-04.01.18:012][  0]LogStats: UGameplayTagsManager::ConstructGameplayTagTree: ImportINI prefixes -  0.000 s
[2019.01.01-04.01.18:012][  0]LogStats: UGameplayTagsManager::ConstructGameplayTagTree: Construct from data asset -  0.000 s
[2019.01.01-04.01.18:012][  0]LogStats: UGameplayTagsManager::ConstructGameplayTagTree: ImportINI -  0.000 s
[2019.01.01-04.01.18:012][  0]LogStats: UGameplayTagsManager::ConstructGameplayTagTree: GameplayTagTreeChangedEvent.Broadcast -  0.000 s
[2019.01.01-04.01.18:080][  0]LogFileCache: Scanning file cache for directory 'Q:/Work/Warframe_A/Content/' took 0.02s
[2019.01.01-04.01.18:080][  0]SourceControl: Source control is disabled
[2019.01.01-04.01.18:080][  0]Cmd: MAP LOAD FILE="../../../../Work/Warframe_A/Content/ThirdPersonBP/Maps/ThirdPersonExampleMap.umap" TEMPLATE=0 SHOWPROGRESS=1 FEATURELEVEL=3
[2019.01.01-04.01.18:081][  0]LightingResults: New page: Lighting Build
[2019.01.01-04.01.18:082][  0]MapCheck: New page: Map Check
[2019.01.01-04.01.18:082][  0]LightingResults: New page: Lighting Build
[2019.01.01-04.01.20:722][  0]LogAIModule: Creating AISystem for world ThirdPersonExampleMap
[2019.01.01-04.01.20:840][  0]LogEditorServer: Finished looking for orphan Actors (0.000 secs)
[2019.01.01-04.01.20:861][  0]Cmd: MAP CHECKDEP NOCLEARLOG
[2019.01.01-04.01.20:902][  0]MapCheck: Map check complete: 0 Error(s), 0 Warning(s), took 40.569ms to complete.
[2019.01.01-04.01.20:902][  0]LogFileHelpers: Loading map 'ThirdPersonExampleMap' took 2.821
[2019.01.01-04.01.21:352][  0]LogSlate: Updating window title bar state: overlay mode, drag disabled, window buttons hidden, title bar hidden
[2019.01.01-04.01.21:375][  0]LogSlate: Updating window title bar state: overlay mode, drag disabled, window buttons hidden, title bar hidden
[2019.01.01-04.01.21:382][  0]LogSlate: Updating window title bar state: overlay mode, drag disabled, window buttons hidden, title bar hidden
[2019.01.01-04.01.21:387][  0]LogSlate: Updating window title bar state: overlay mode, drag disabled, window buttons hidden, title bar hidden
[2019.01.01-04.01.21:394][  0]LogCollectionManager: Loaded 0 collections in 0.000774 seconds
[2019.01.01-04.01.21:478][  0]LogFileCache: Scanning file cache for directory 'Q:/Work/Warframe_A/Saved/Collections/' took 0.01s
[2019.01.01-04.01.21:478][  0]LogFileCache: Scanning file cache for directory 'Q:/Work/Warframe_A/Content/Developers/aer/Collections/' took 0.01s
[2019.01.01-04.01.21:478][  0]LogFileCache: Scanning file cache for directory 'Q:/Work/Warframe_A/Content/Collections/' took 0.01s
[2019.01.01-04.01.21:478][  0]LogCollectionManager: Rebuilt the GUID cache for 0 collections in 0.000000 seconds
[2019.01.01-04.01.21:485][  0]LogContentBrowser: Native class hierarchy populated in 0.0069 seconds. Added 2571 classes and 601 folders.
[2019.01.01-04.01.21:553][  0]LogContentBrowser: Native class hierarchy updated for 'WidgetCarousel' in 0.0002 seconds. Added 0 classes and 0 folders.
[2019.01.01-04.01.24:195][  0]LogContentBrowser: Native class hierarchy updated for 'AddContentDialog' in 0.0002 seconds. Added 0 classes and 0 folders.
[2019.01.01-04.01.24:244][  0]LogContentBrowser: Native class hierarchy updated for 'SceneOutliner' in 0.0002 seconds. Added 1 classes and 2 folders.
[2019.01.01-04.01.24:572][  0]LogSlate: Took 0.000138 seconds to synchronously load lazily loaded font '../../../Engine/Content/Slate/Fonts/Roboto-Regular.ttf' (155K)
[2019.01.01-04.01.24:574][  0]LogSlate: Took 0.000146 seconds to synchronously load lazily loaded font '../../../Engine/Content/Slate/Fonts/Roboto-Bold.ttf' (160K)
[2019.01.01-04.01.24:629][  0]LogSlate: Took 0.014522 seconds to synchronously load lazily loaded font '../../../Engine/Content/Editor/Slate/Fonts/FontAwesome.ttf' (139K)
[2019.01.01-04.01.24:966][  0]LogRenderer: Reallocating scene render targets to support 904x456 Format 10 NumSamples 1 (Frame:1).
[2019.01.01-04.01.25:140][  0]LogContentBrowser: Native class hierarchy updated for 'HierarchicalLODOutliner' in 0.0004 seconds. Added 0 classes and 0 folders.
[2019.01.01-04.01.25:140][  0]LogLoad: (Engine Initialization) Total time: 14.13 seconds
[2019.01.01-04.01.25:140][  0]LogLoad: (Engine Initialization) Total Blueprint compile time: 0.00 seconds
[2019.01.01-04.01.25:187][  0]LogContentStreaming: Texture pool size now 3000 MB
[2019.01.01-04.01.25:276][  0]LogSlate: Took 0.029591 seconds to synchronously load lazily loaded font '../../../Engine/Content/Slate/Fonts/Roboto-Light.ttf' (167K)
[2019.01.01-04.01.25:328][  1]LogAssetRegistry: Asset discovery search completed in 9.9859 seconds
[2019.01.01-04.01.25:329][  1]LogCollectionManager: Rebuilt the object cache for 0 collections in 0.000004 seconds (found 0 objects)
[2019.01.01-04.01.25:329][  1]LogCollectionManager: Fixed up redirectors for 0 collections in 0.000038 seconds (updated 0 objects)
[2019.01.01-04.02.13:890][305]LogRenderer: Reallocating scene render targets to support 1208x576 Format 10 NumSamples 1 (Frame:170).
[2019.01.01-04.02.14:931][429]LogSlate: FSceneViewport::OnFocusLost() reason 0
[2019.01.01-04.02.15:096][446]LogSlate: Took 0.000154 seconds to synchronously load lazily loaded font '../../../Engine/Content/Slate/Fonts/Roboto-Light.ttf' (167K)
[2019.01.01-04.02.15:101][446]LogAssetEditorManager: Opening Asset editor for SkeletalMesh /Game/AnimStarterPack/UE4_Mannequin/Mesh/SK_Mannequin.SK_Mannequin
[2019.01.01-04.02.15:189][446]LogContentBrowser: Native class hierarchy updated for 'SkeletonEditor' in 0.0002 seconds. Added 1 classes and 2 folders.
[2019.01.01-04.02.15:887][446]LogActorComponent: RegisterComponentWithWorld: (/Engine/Transient.World_2:PersistentLevel.AnimationEditorPreviewActor_0.DebugSkelMeshComponent_0) Already registered. Aborting.
[2019.01.01-04.02.15:918][446]LogContentBrowser: Native class hierarchy updated for 'PinnedCommandList' in 0.0008 seconds. Added 1 classes and 0 folders.
[2019.01.01-04.02.16:152][446]LogSkeletalMesh: USkeletalMeshComponent::InitArticulated : Bodies already created (/Engine/Transient.World_2:PersistentLevel.AnimationEditorPreviewActor_0.DebugSkelMeshComponent_0) - call TermArticulated first.
[2019.01.01-04.02.16:951][446]LogSlate: Took 0.016940 seconds to synchronously load lazily loaded font '../../../Engine/Content/Slate/Fonts/Roboto-Italic.ttf' (157K)
[2019.01.01-04.02.16:994][446]LogContentBrowser: Native class hierarchy updated for 'ClothingSystemEditorInterface' in 0.0002 seconds. Added 1 classes and 0 folders.
[2019.01.01-04.02.17:037][446]LogRenderer: Reallocating scene render targets to support 1208x888 Format 10 NumSamples 1 (Frame:1).
[2019.01.01-04.02.19:109][491]LogAssetEditorManager: Opening Asset editor for Skeleton /Game/AnimStarterPack/UE4_Mannequin/Mesh/UE4_Mannequin_Skeleton.UE4_Mannequin_Skeleton
[2019.01.01-04.02.19:117][491]LogActorComponent: RegisterComponentWithWorld: (/Engine/Transient.World_6:PersistentLevel.AnimationEditorPreviewActor_0.DebugSkelMeshComponent_0) Already registered. Aborting.
[2019.01.01-04.02.19:142][491]LogSkeletalMesh: USkeletalMeshComponent::InitArticulated : Bodies already created (/Engine/Transient.World_6:PersistentLevel.AnimationEditorPreviewActor_0.DebugSkelMeshComponent_0) - call TermArticulated first.
[2019.01.01-04.02.25:349][126]LogSlate: FSceneViewport::OnFocusLost() reason 0
[2019.01.01-04.03.03:570][315]LogSlate: FSceneViewport::OnFocusLost() reason 0
[2019.01.01-04.05.44:120][863]Cmd: TRANSACTION UNDO
[2019.01.01-04.05.44:120][863]LogEditorTransaction: Undo Translate Bone
[2019.01.01-04.05.44:281][863]LogActorComponent: RegisterComponentWithWorld: (/Engine/Transient.World_2:PersistentLevel.AnimationEditorPreviewActor_0.DebugSkelMeshComponent_0) Already registered. Aborting.
[2019.01.01-04.05.44:307][863]LogActorComponent: RegisterComponentWithWorld: (/Engine/Transient.World_6:PersistentLevel.AnimationEditorPreviewActor_0.DebugSkelMeshComponent_0) Already registered. Aborting.
[2019.01.01-04.05.44:666][871]Cmd: TRANSACTION UNDO
[2019.01.01-04.05.44:666][871]LogEditorTransaction: Undo Translate Bone
[2019.01.01-04.05.44:797][871]LogActorComponent: RegisterComponentWithWorld: (/Engine/Transient.World_2:PersistentLevel.AnimationEditorPreviewActor_0.DebugSkelMeshComponent_0) Already registered. Aborting.
[2019.01.01-04.05.44:799][871]LogActorComponent: RegisterComponentWithWorld: (/Engine/Transient.World_6:PersistentLevel.AnimationEditorPreviewActor_0.DebugSkelMeshComponent_0) Already registered. Aborting.
[2019.01.01-04.05.51:495][512]LogSlate: FSceneViewport::OnFocusLost() reason 0
[2019.01.01-04.05.53:947][793]LogSlate: Window 'UE4_Mannequin_Skeleton' being destroyed
[2019.01.01-04.05.53:950][793]LogSlate: Window 'UE4_Mannequin_Skeleton' being destroyed
[2019.01.01-04.06.05:187][854]LogAssetEditorManager: Opening Asset editor for SkeletalMesh /Game/AnimStarterPack/UE4_Mannequin/Mesh/SK_Mannequin.SK_Mannequin
[2019.01.01-04.06.05:195][854]LogActorComponent: RegisterComponentWithWorld: (/Engine/Transient.World_7:PersistentLevel.AnimationEditorPreviewActor_0.DebugSkelMeshComponent_0) Already registered. Aborting.
[2019.01.01-04.06.05:231][854]LogSkeletalMesh: USkeletalMeshComponent::InitArticulated : Bodies already created (/Engine/Transient.World_7:PersistentLevel.AnimationEditorPreviewActor_0.DebugSkelMeshComponent_0) - call TermArticulated first.
[2019.01.01-05.20.21:255][935]LogSlate: FSceneViewport::OnFocusLost() reason 2
[2019.01.01-13.59.01:680][788]LogSlate: Window 'SK_Mannequin' being destroyed
[2019.01.01-13.59.01:923][788]LogSlate: Window 'Warframe_A - Unreal Editor' being destroyed
[2019.01.01-13.59.01:934][788]LogWindowsTextInputMethodSystem: Display: IME system now activated using TSF (微软拼音).
[2019.01.01-13.59.02:349][789]Cmd: QUIT_EDITOR
[2019.01.01-13.59.02:837][789]LogExit: Preparing to exit.
[2019.01.01-13.59.04:956][789]LogExit: Editor shut down
[2019.01.01-13.59.04:956][789]LogExit: Transaction tracking system shut down
[2019.01.01-13.59.08:280][789]LogExit: Object subsystem successfully closed.
[2019.01.01-13.59.08:782][789]LogShaderCompilers: Display: Shaders left to compile 0
[2019.01.01-13.59.08:840][789]LogD3D11RHI: Shutdown
[2019.01.01-13.59.08:848][789]LogD3D11RHI: CleanupD3DDevice
[2019.01.01-13.59.08:888][789]LogD3D11RHI: ~FD3D11DynamicRHI
[2019.01.01-13.59.10:616][789]LogModuleManager: Shutting down and abandoning module ClothingSystemEditorInterface (604)
[2019.01.01-13.59.10:616][789]LogModuleManager: Shutting down and abandoning module PinnedCommandList (602)
[2019.01.01-13.59.10:616][789]LogModuleManager: Shutting down and abandoning module SkeletonEditor (600)
[2019.01.01-13.59.10:616][789]LogModuleManager: Shutting down and abandoning module HierarchicalLODOutliner (598)
[2019.01.01-13.59.10:616][789]LogModuleManager: Shutting down and abandoning module SceneOutliner (596)
[2019.01.01-13.59.10:625][789]LogModuleManager: Shutting down and abandoning module AddContentDialog (594)
[2019.01.01-13.59.10:683][789]LogModuleManager: Shutting down and abandoning module WidgetCarousel (593)
[2019.01.01-13.59.10:683][789]LogModuleManager: Shutting down and abandoning module EditorWidgets (590)
[2019.01.01-13.59.10:683][789]LogModuleManager: Shutting down and abandoning module CollectionManager (588)
[2019.01.01-13.59.10:694][789]LogModuleManager: Shutting down and abandoning module StatsViewer (586)
[2019.01.01-13.59.10:703][789]LogModuleManager: Shutting down and abandoning module FoliageEdit (584)
[2019.01.01-13.59.10:713][789]LogModuleManager: Shutting down and abandoning module LandscapeEditor (582)
[2019.01.01-13.59.10:739][789]LogModuleManager: Shutting down and abandoning module MeshPaintMode (580)
[2019.01.01-13.59.10:751][789]LogModuleManager: Shutting down and abandoning module SceneDepthPickerMode (578)
[2019.01.01-13.59.10:751][789]LogModuleManager: Shutting down and abandoning module ActorPickerMode (576)
[2019.01.01-13.59.10:751][789]LogModuleManager: Shutting down and abandoning module GeometryMode (574)
[2019.01.01-13.59.10:751][789]LogModuleManager: Shutting down and abandoning module TextureAlignMode (572)
[2019.01.01-13.59.10:751][789]LogModuleManager: Shutting down and abandoning module BspMode (570)
[2019.01.01-13.59.10:751][789]LogModuleManager: Shutting down and abandoning module PIEPreviewDeviceProfileSelector (568)
[2019.01.01-13.59.10:751][789]LogModuleManager: Shutting down and abandoning module SequenceRecorderSections (566)
[2019.01.01-13.59.10:761][789]LogModuleManager: Shutting down and abandoning module AutomationWorker (564)
[2019.01.01-13.59.10:761][789]LogModuleManager: Shutting down and abandoning module AudioCaptureEditor (562)
[2019.01.01-13.59.10:761][789]LogModuleManager: Shutting down and abandoning module SequenceRecorder (561)
[2019.01.01-13.59.10:775][789]LogModuleManager: Shutting down and abandoning module MatineeToLevelSequence (558)
[2019.01.01-13.59.10:786][789]LogModuleManager: Shutting down and abandoning module LevelSequenceEditor (556)
[2019.01.01-13.59.10:800][789]LogModuleManager: Shutting down and abandoning module PlacementMode (555)
[2019.01.01-13.59.10:800][789]LogModuleManager: Shutting down and abandoning module MaterialEditor (554)
[2019.01.01-13.59.10:837][789]LogModuleManager: Shutting down and abandoning module WmfMediaFactory (550)
[2019.01.01-13.59.10:837][789]LogModuleManager: Shutting down and abandoning module WmfMediaEditor (548)
[2019.01.01-13.59.10:837][789]LogModuleManager: Shutting down and abandoning module MediaPlayerEditor (546)
[2019.01.01-13.59.10:860][789]LogModuleManager: Shutting down and abandoning module OpenExrWrapper (544)
[2019.01.01-13.59.10:860][789]LogModuleManager: Shutting down and abandoning module ImgMediaFactory (542)
[2019.01.01-13.59.10:861][789]LogModuleManager: Shutting down and abandoning module ImgMediaEditor (540)
[2019.01.01-13.59.10:861][789]LogModuleManager: Shutting down and abandoning module AvfMediaFactory (538)
[2019.01.01-13.59.10:861][789]LogModuleManager: Shutting down and abandoning module AvfMediaEditor (536)
[2019.01.01-13.59.10:861][789]LogModuleManager: Shutting down and abandoning module AndroidMediaFactory (534)
[2019.01.01-13.59.10:861][789]LogModuleManager: Shutting down and abandoning module AndroidMediaEditor (532)
[2019.01.01-13.59.10:861][789]LogModuleManager: Shutting down and abandoning module MagicLeapCameraPreviewFactory (530)
[2019.01.01-13.59.10:861][789]LogModuleManager: Shutting down and abandoning module MagicLeapMediaFactory (528)
[2019.01.01-13.59.10:861][789]LogModuleManager: Shutting down and abandoning module MagicLeapMediaEditor (526)
[2019.01.01-13.59.10:861][789]LogModuleManager: Shutting down and abandoning module CharacterAI (524)
[2019.01.01-13.59.10:861][789]LogModuleManager: Shutting down and abandoning module SmartSnapping (522)
[2019.01.01-13.59.10:861][789]LogModuleManager: Shutting down and abandoning module SessionServices (520)
[2019.01.01-13.59.10:861][789]LogModuleManager: Shutting down and abandoning module ViewportSnapping (518)
[2019.01.01-13.59.10:861][789]LogModuleManager: Shutting down and abandoning module ViewportInteraction (516)
[2019.01.01-13.59.10:861][789]LogModuleManager: Shutting down and abandoning module ClothPainter (514)
[2019.01.01-13.59.10:885][789]LogModuleManager: Shutting down and abandoning module SkeletalMeshEditor (513)
[2019.01.01-13.59.10:885][789]LogModuleManager: Shutting down and abandoning module LogVisualizer (510)
[2019.01.01-13.59.10:909][789]LogModuleManager: Shutting down and abandoning module IntroTutorials (508)
[2019.01.01-13.59.10:941][789]LogModuleManager: Shutting down and abandoning module GameProjectGeneration (507)
[2019.01.01-13.59.10:959][789]LogModuleManager: Shutting down and abandoning module LuminPlatformEditor (504)
[2019.01.01-13.59.10:959][789]LogModuleManager: Shutting down and abandoning module IOSPlatformEditor (502)
[2019.01.01-13.59.10:970][789]LogModuleManager: Shutting down and abandoning module HTML5PlatformEditor (500)
[2019.01.01-13.59.10:970][789]LogModuleManager: Shutting down and abandoning module AndroidPlatformEditor (498)
[2019.01.01-13.59.10:980][789]LogModuleManager: Shutting down and abandoning module AndroidDeviceDetection (497)
[2019.01.01-13.59.12:082][789]LogModuleManager: Shutting down and abandoning module WindowsPlatformEditor (494)
[2019.01.01-13.59.12:082][789]LogModuleManager: Shutting down and abandoning module LuminRuntimeSettings (492)
[2019.01.01-13.59.12:082][789]LogModuleManager: Shutting down and abandoning module IOSRuntimeSettings (490)
[2019.01.01-13.59.12:082][789]LogModuleManager: Shutting down and abandoning module AndroidRuntimeSettings (488)
[2019.01.01-13.59.12:082][789]LogModuleManager: Shutting down and abandoning module InputBindingEditor (486)
[2019.01.01-13.59.12:096][789]LogModuleManager: Shutting down and abandoning module MergeActors (484)
[2019.01.01-13.59.12:105][789]LogModuleManager: Shutting down and abandoning module LocalizationDashboard (482)
[2019.01.01-13.59.12:118][789]LogModuleManager: Shutting down and abandoning module LocalizationService (481)
[2019.01.01-13.59.12:124][789]LogModuleManager: Shutting down and abandoning module HardwareTargeting (478)
[2019.01.01-13.59.12:124][789]LogModuleManager: Shutting down and abandoning module DeviceProfileEditor (476)
[2019.01.01-13.59.12:132][789]LogModuleManager: Shutting down and abandoning module UndoHistory (474)
[2019.01.01-13.59.12:141][789]LogModuleManager: Shutting down and abandoning module XmlParser (472)
[2019.01.01-13.59.12:142][789]LogModuleManager: Shutting down and abandoning module Blutility (470)
[2019.01.01-13.59.12:154][789]LogModuleManager: Shutting down and abandoning module ProjectSettingsViewer (468)
[2019.01.01-13.59.12:154][789]LogModuleManager: Shutting down and abandoning module ProjectTargetPlatformEditor (467)
[2019.01.01-13.59.12:155][789]LogModuleManager: Shutting down and abandoning module EditorSettingsViewer (464)
[2019.01.01-13.59.12:155][789]LogModuleManager: Shutting down and abandoning module SettingsEditor (462)
[2019.01.01-13.59.12:168][789]LogModuleManager: Shutting down and abandoning module ProjectLauncher (460)
[2019.01.01-13.59.12:183][789]LogModuleManager: Shutting down and abandoning module SessionFrontend (458)
[2019.01.01-13.59.12:193][789]LogModuleManager: Shutting down and abandoning module ProfilerClient (456)
[2019.01.01-13.59.12:205][789]LogModuleManager: Shutting down and abandoning module DeviceManager (454)
[2019.01.01-13.59.12:216][789]LogModuleManager: Shutting down and abandoning module TargetDeviceServices (453)
[2019.01.01-13.59.12:269][789]LogModuleManager: Shutting down and abandoning module AutomationController (450)
[2019.01.01-13.59.12:281][789]LogModuleManager: Shutting down and abandoning module AutomationWindow (448)
[2019.01.01-13.59.12:293][789]LogModuleManager: Shutting down and abandoning module Layers (446)
[2019.01.01-13.59.12:316][789]LogModuleManager: Shutting down and abandoning module ComponentVisualizers (444)
[2019.01.01-13.59.12:316][789]LogModuleManager: Shutting down and abandoning module DetailCustomizations (442)
[2019.01.01-13.59.12:331][789]LogModuleManager: Shutting down and abandoning module PackagesDialog (440)
[2019.01.01-13.59.12:334][789]LogModuleManager: Shutting down and abandoning module Persona (438)
[2019.01.01-13.59.12:341][789]LogModuleManager: Shutting down and abandoning module AdvancedPreviewScene (437)
[2019.01.01-13.59.12:341][789]LogModuleManager: Shutting down and abandoning module AnimGraph (435)
[2019.01.01-13.59.12:341][789]LogModuleManager: Shutting down and abandoning module Kismet (432)
[2019.01.01-13.59.12:367][789]LogModuleManager: Shutting down and abandoning module GraphEditor (430)
[2019.01.01-13.59.12:395][789]LogModuleManager: Shutting down and abandoning module ClassViewer (428)
[2019.01.01-13.59.12:395][789]LogModuleManager: Shutting down and abandoning module Toolbox (426)
[2019.01.01-13.59.12:395][789]LogModuleManager: Shutting down and abandoning module DesktopPlatform (425)
[2019.01.01-13.59.12:410][789]LogModuleManager: Shutting down and abandoning module ModuleUI (422)
[2019.01.01-13.59.12:415][789]LogModuleManager: Shutting down and abandoning module MovieSceneTools (420)
[2019.01.01-13.59.12:426][789]LogModuleManager: Shutting down and abandoning module OutputLog (418)
[2019.01.01-13.59.12:434][789]LogModuleManager: Shutting down and abandoning module GammaUI (416)
[2019.01.01-13.59.12:436][789]LogModuleManager: Shutting down and abandoning module Documentation (414)
[2019.01.01-13.59.12:436][789]LogModuleManager: Shutting down and abandoning module MovieSceneTracks (412)
[2019.01.01-13.59.12:436][789]LogModuleManager: Shutting down and abandoning module MovieScene (410)
[2019.01.01-13.59.12:445][789]LogModuleManager: Shutting down and abandoning module StreamingPauseRendering (408)
[2019.01.01-13.59.12:461][789]LogModuleManager: Shutting down and abandoning module LauncherPlatform (406)
[2019.01.01-13.59.12:461][789]LogModuleManager: Shutting down and abandoning module AnalyticsET (404)
[2019.01.01-13.59.12:461][789]LogModuleManager: Shutting down and abandoning module PortalServices (402)
[2019.01.01-13.59.12:461][789]LogModuleManager: Shutting down and abandoning module PortalRpc (400)
[2019.01.01-13.59.12:461][789]LogModuleManager: Shutting down and abandoning module MessagingRpc (398)
[2019.01.01-13.59.12:461][789]LogModuleManager: Shutting down and abandoning module AIModule (396)
[2019.01.01-13.59.12:483][789]LogModuleManager: Shutting down and abandoning module GameplayDebugger (395)
[2019.01.01-13.59.12:492][789]LogModuleManager: Shutting down and abandoning module AITestSuite (393)
[2019.01.01-13.59.12:492][789]LogModuleManager: Shutting down and abandoning module NavigationSystem (391)
[2019.01.01-13.59.12:492][789]LogModuleManager: Shutting down and abandoning module ProfilerService (388)
[2019.01.01-13.59.12:690][789]LogModuleManager: Shutting down and abandoning module TaskGraph (386)
[2019.01.01-13.59.12:722][789]LogModuleManager: Shutting down and abandoning module SteamVRController (384)
[2019.01.01-13.59.12:722][789]LogModuleManager: Shutting down and abandoning module ProceduralMeshComponentEditor (382)
[2019.01.01-13.59.12:722][789]LogModuleManager: Shutting down and abandoning module ProceduralMeshComponent (380)
[2019.01.01-13.59.12:722][789]LogModuleManager: Shutting down and abandoning module OculusInput (378)
[2019.01.01-13.59.12:722][789]LogModuleManager: Shutting down and abandoning module MobilePatchingUtils (376)
[2019.01.01-13.59.12:722][789]LogModuleManager: Shutting down and abandoning module EditableMesh (374)
[2019.01.01-13.59.12:731][789]LogModuleManager: Shutting down and abandoning module CustomMeshComponent (372)
[2019.01.01-13.59.12:731][789]LogModuleManager: Shutting down and abandoning module CableComponent (370)
[2019.01.01-13.59.12:735][789]LogModuleManager: Shutting down and abandoning module AudioCapture (368)
[2019.01.01-13.59.12:735][789]LogModuleManager: Shutting down and abandoning module ArchVisCharacter (366)
[2019.01.01-13.59.12:735][789]LogModuleManager: Shutting down and abandoning module AndroidPermission (364)
[2019.01.01-13.59.12:735][789]LogModuleManager: Shutting down and abandoning module NUTUnrealEngine4 (362)
[2019.01.01-13.59.12:735][789]LogModuleManager: Shutting down and abandoning module NetcodeUnitTest (360)
[2019.01.01-13.59.12:756][789]LogModuleManager: Shutting down and abandoning module MediaCompositingEditor (358)
[2019.01.01-13.59.12:756][789]LogModuleManager: Shutting down and abandoning module MediaCompositing (356)
[2019.01.01-13.59.12:756][789]LogModuleManager: Shutting down and abandoning module LinearTimecode (354)
[2019.01.01-13.59.12:756][789]LogModuleManager: Shutting down and abandoning module ImgMedia (352)
[2019.01.01-13.59.12:772][789]LogModuleManager: Shutting down and abandoning module HTML5Networking (350)
[2019.01.01-13.59.12:772][789]LogModuleManager: Shutting down and abandoning module GeometryCacheTracks (348)
[2019.01.01-13.59.12:772][789]LogModuleManager: Shutting down and abandoning module GeometryCacheSequencer (346)
[2019.01.01-13.59.12:772][789]LogModuleManager: Shutting down and abandoning module BackChannel (344)
[2019.01.01-13.59.12:784][789]LogModuleManager: Shutting down and abandoning module AppleVision (342)
[2019.01.01-13.59.12:784][789]LogModuleManager: Shutting down and abandoning module AppleImageUtils (340)
[2019.01.01-13.59.12:784][789]LogModuleManager: Shutting down and abandoning module AlembicImporter (338)
[2019.01.01-13.59.12:791][789]LogModuleManager: Shutting down and abandoning module AlembicLibrary (337)
[2019.01.01-13.59.12:801][789]LogModuleManager: Shutting down and abandoning module GeometryCache (336)
[2019.01.01-13.59.12:801][789]LogModuleManager: Shutting down and abandoning module GeometryCacheEd (335)
[2019.01.01-13.59.12:801][789]LogModuleManager: Shutting down and abandoning module DatasmithContentEditor (330)
[2019.01.01-13.59.12:813][789]LogModuleManager: Shutting down and abandoning module DatasmithContent (328)
[2019.01.01-13.59.12:813][789]LogModuleManager: Shutting down and abandoning module SpeedTreeImporter (326)
[2019.01.01-13.59.12:813][789]LogModuleManager: Shutting down and abandoning module PluginBrowser (324)
[2019.01.01-13.59.12:901][789]LogModuleManager: Shutting down and abandoning module MobileLauncherProfileWizard (322)
[2019.01.01-13.59.12:916][789]LogModuleManager: Shutting down and abandoning module PolygonModeling (320)
[2019.01.01-13.59.12:916][789]LogModuleManager: Shutting down and abandoning module MeshEditor (318)
[2019.01.01-13.59.12:916][789]LogModuleManager: Shutting down and abandoning module CryptoKeysOpenSSL (316)
[2019.01.01-13.59.12:923][789]LogModuleManager: Shutting down and abandoning module CryptoKeys (314)
[2019.01.01-13.59.12:923][789]LogModuleManager: Shutting down and abandoning module VisualStudioSourceCodeAccess (312)
[2019.01.01-13.59.12:938][789]LogModuleManager: Shutting down and abandoning module VisualStudioCodeSourceCodeAccess (310)
[2019.01.01-13.59.12:938][789]LogModuleManager: Shutting down and abandoning module UObjectPlugin (308)
[2019.01.01-13.59.12:938][789]LogModuleManager: Shutting down and abandoning module SubversionSourceControl (306)
[2019.01.01-13.59.12:962][789]LogModuleManager: Shutting down and abandoning module PerforceSourceControl (304)
[2019.01.01-13.59.13:024][789]LogModuleManager: Shutting down and abandoning module GitSourceControl (302)
[2019.01.01-13.59.13:037][789]LogModuleManager: Shutting down and abandoning module SourceControl (301)
[2019.01.01-13.59.13:037][789]LogModuleManager: Shutting down and abandoning module CLionSourceCodeAccess (298)
[2019.01.01-13.59.13:037][789]LogModuleManager: Shutting down and abandoning module LightPropagationVolumeEditor (296)
[2019.01.01-13.59.13:037][789]LogModuleManager: Shutting down and abandoning module PaperTiledImporter (294)
[2019.01.01-13.59.13:037][789]LogModuleManager: Shutting down and abandoning module PaperSpriteSheetImporter (292)
[2019.01.01-13.59.13:058][789]LogModuleManager: Shutting down and abandoning module Paper2DEditor (290)
[2019.01.01-13.59.13:090][789]LogModuleManager: Shutting down and abandoning module MeshPaint (289)
[2019.01.01-13.59.13:101][789]LogModuleManager: Shutting down and abandoning module RuntimePhysXCooking (286)
[2019.01.01-13.59.13:102][789]LogModuleManager: Shutting down and abandoning module PhysXVehiclesEditor (284)
[2019.01.01-13.59.13:102][789]LogModuleManager: Shutting down and abandoning module PhysXVehicles (282)
[2019.01.01-13.59.13:102][789]LogModuleManager: Shutting down and abandoning module OculusEditor (280)
[2019.01.01-13.59.13:111][789]LogModuleManager: Shutting down and abandoning module LocationServicesBPLibrary (278)
[2019.01.01-13.59.13:111][789]LogModuleManager: Shutting down and abandoning module ImmediatePhysicsEditor (276)
[2019.01.01-13.59.13:111][789]LogModuleManager: Shutting down and abandoning module ImmediatePhysics (274)
[2019.01.01-13.59.13:128][789]LogModuleManager: Shutting down and abandoning module ActorSequence (272)
[2019.01.01-13.59.13:128][789]LogModuleManager: Shutting down and abandoning module UdpMessaging (270)
[2019.01.01-13.59.13:229][789]LogModuleManager: Shutting down and abandoning module TcpMessaging (268)
[2019.01.01-13.59.13:337][789]LogModuleManager: Shutting down and abandoning module MagicLeapAudio (266)
[2019.01.01-13.59.13:337][789]LogModuleManager: Shutting down and abandoning module GameplayTagsEditor (264)
[2019.01.01-13.59.13:350][789]LogModuleManager: Shutting down and abandoning module FacialAnimationEditor (262)
[2019.01.01-13.59.13:350][789]LogModuleManager: Shutting down and abandoning module FacialAnimation (260)
[2019.01.01-13.59.13:350][789]LogModuleManager: Shutting down and abandoning module DataValidation (258)
[2019.01.01-13.59.13:360][789]LogModuleManager: Shutting down and abandoning module AssetManagerEditor (256)
[2019.01.01-13.59.13:378][789]LogModuleManager: Shutting down and abandoning module LevelEditor (255)
[2019.01.01-13.59.13:395][789]LogModuleManager: Shutting down and abandoning module PixelInspectorModule (254)
[2019.01.01-13.59.13:405][789]LogModuleManager: Shutting down and abandoning module CommonMenuExtensions (252)
[2019.01.01-13.59.13:406][789]LogModuleManager: Shutting down and abandoning module MainFrame (250)
[2019.01.01-13.59.13:420][789]LogModuleManager: Shutting down and abandoning module HotReload (249)
[2019.01.01-13.59.13:420][789]LogModuleManager: Shutting down and abandoning module ContentBrowser (245)
[2019.01.01-13.59.13:422][789]LogModuleManager: Shutting down and abandoning module TreeMap (243)
[2019.01.01-13.59.13:436][789]LogModuleManager: Shutting down and abandoning module LightPropagationVolumeRuntime (240)
[2019.01.01-13.59.13:436][789]LogModuleManager: Shutting down and abandoning module AISupportModule (238)
[2019.01.01-13.59.13:436][789]LogModuleManager: Shutting down and abandoning module Paper2D (236)
[2019.01.01-13.59.13:446][789]LogModuleManager: Shutting down and abandoning module WindowsMoviePlayer (234)
[2019.01.01-13.59.13:446][789]LogModuleManager: Shutting down and abandoning module WmfMedia (232)
[2019.01.01-13.59.13:456][789]LogModuleManager: Shutting down and abandoning module Media (231)
[2019.01.01-13.59.13:462][789]LogModuleManager: Shutting down and abandoning module PacketHandler (228)
[2019.01.01-13.59.13:462][789]LogModuleManager: Shutting down and abandoning module ClothingSystemEditor (226)
[2019.01.01-13.59.13:462][789]LogModuleManager: Shutting down and abandoning module ClothingSystemRuntime (224)
[2019.01.01-13.59.13:472][789]LogModuleManager: Shutting down and abandoning module MediaAssets (222)
[2019.01.01-13.59.13:472][789]LogModuleManager: Shutting down and abandoning module Overlay (220)
[2019.01.01-13.59.13:472][789]LogModuleManager: Shutting down and abandoning module OverlayEditor (219)
[2019.01.01-13.59.13:472][789]LogModuleManager: Shutting down and abandoning module VREditor (216)
[2019.01.01-13.59.13:482][789]LogModuleManager: Shutting down and abandoning module StringTableEditor (214)
[2019.01.01-13.59.13:492][789]LogModuleManager: Shutting down and abandoning module GameplayTasksEditor (212)
[2019.01.01-13.59.13:503][789]LogModuleManager: Shutting down and abandoning module BehaviorTreeEditor (210)
[2019.01.01-13.59.13:526][789]LogModuleManager: Shutting down and abandoning module FunctionalTesting (208)
[2019.01.01-13.59.13:529][789]LogModuleManager: Shutting down and abandoning module CollisionAnalyzer (206)
[2019.01.01-13.59.13:539][789]LogModuleManager: Shutting down and abandoning module WorkspaceMenuStructure (205)
[2019.01.01-13.59.13:539][789]LogModuleManager: Shutting down and abandoning module UMG (202)
[2019.01.01-13.59.13:549][789]LogModuleManager: Shutting down and abandoning module UMGEditor (201)
[2019.01.01-13.59.13:578][789]LogModuleManager: Shutting down and abandoning module Sequencer (200)
[2019.01.01-13.59.13:609][789]LogModuleManager: Shutting down and abandoning module MessageLog (197)
[2019.01.01-13.59.13:609][789]LogModuleManager: Shutting down and abandoning module SlateReflector (192)
[2019.01.01-13.59.13:630][789]LogModuleManager: Shutting down and abandoning module Slate (190)
[2019.01.01-13.59.13:630][789]LogModuleManager: Shutting down and abandoning module EditorStyle (188)
[2019.01.01-13.59.13:633][789]LogModuleManager: Shutting down and abandoning module MRMesh (186)
[2019.01.01-13.59.13:640][789]LogModuleManager: Shutting down and abandoning module SourceCodeAccess (184)
[2019.01.01-13.59.13:640][789]LogModuleManager: Shutting down and abandoning module HeadMountedDisplay (182)
[2019.01.01-13.59.13:640][789]LogModuleManager: Shutting down and abandoning module XAudio2 (180)
[2019.01.01-13.59.13:640][789]LogModuleManager: Shutting down and abandoning module Networking (178)
[2019.01.01-13.59.13:640][789]LogModuleManager: Shutting down and abandoning module Core (176)
[2019.01.01-13.59.13:640][789]LogModuleManager: Shutting down and abandoning module LevelSequence (174)
[2019.01.01-13.59.13:640][789]LogModuleManager: Shutting down and abandoning module KismetCompiler (172)
[2019.01.01-13.59.13:640][789]LogModuleManager: Shutting down and abandoning module MeshUtilities (170)
[2019.01.01-13.59.13:653][789]LogModuleManager: Shutting down and abandoning module MeshMergeUtilities (169)
[2019.01.01-13.59.13:670][789]LogModuleManager: Shutting down and abandoning module MeshReductionInterface (168)
[2019.01.01-13.59.13:670][789]LogModuleManager: Shutting down and abandoning module ProxyLODMeshReduction (167)
[2019.01.01-13.59.13:680][789]LogModuleManager: Shutting down and abandoning module QuadricMeshReduction (165)
[2019.01.01-13.59.13:698][789]LogModuleManager: Shutting down and abandoning module MaterialBaking (161)
[2019.01.01-13.59.13:705][789]LogModuleManager: Shutting down and abandoning module DirectoryWatcher (157)
[2019.01.01-13.59.13:706][789]LogModuleManager: Shutting down and abandoning module DerivedDataCache (154)
[2019.01.01-13.59.13:816][789]LogDerivedDataCache: Shutdown
[2019.01.01-13.59.13:816][789]LogModuleManager: Shutting down and abandoning module XGEController (152)
[2019.01.01-13.59.13:824][789]LogModuleManager: Shutting down and abandoning module TargetPlatform (150)
[2019.01.01-13.59.13:824][789]LogModuleManager: Shutting down and abandoning module VulkanShaderFormat (149)
[2019.01.01-13.59.13:830][789]LogModuleManager: Shutting down and abandoning module ShaderFormatVectorVM (147)
[2019.01.01-13.59.13:843][789]LogModuleManager: Shutting down and abandoning module ShaderFormatOpenGL (145)
[2019.01.01-13.59.13:856][789]LogModuleManager: Shutting down and abandoning module ShaderFormatD3D (143)
[2019.01.01-13.59.13:870][789]LogModuleManager: Shutting down and abandoning module MetalShaderFormat (141)
[2019.01.01-13.59.13:893][789]LogModuleManager: Shutting down and abandoning module TextureFormatUncompressed (139)
[2019.01.01-13.59.13:893][789]LogModuleManager: Shutting down and abandoning module TextureFormatPVR (137)
[2019.01.01-13.59.13:893][789]LogModuleManager: Shutting down and abandoning module TextureFormatDXT (135)
[2019.01.01-13.59.13:902][789]LogModuleManager: Shutting down and abandoning module TextureFormatIntelISPCTexComp (133)
[2019.01.01-13.59.13:911][789]LogModuleManager: Shutting down and abandoning module TextureFormatASTC (131)
[2019.01.01-13.59.13:911][789]LogModuleManager: Shutting down and abandoning module ImageWrapper (130)
[2019.01.01-13.59.13:911][789]LogModuleManager: Shutting down and abandoning module TextureFormatAndroid (127)
[2019.01.01-13.59.13:911][789]LogModuleManager: Shutting down and abandoning module AudioFormatOpus (125)
[2019.01.01-13.59.13:911][789]LogModuleManager: Shutting down and abandoning module AudioFormatOgg (123)
[2019.01.01-13.59.13:911][789]LogModuleManager: Shutting down and abandoning module AudioFormatADPCM (121)
[2019.01.01-13.59.13:911][789]LogModuleManager: Shutting down and abandoning module LuminTargetPlatform (119)
[2019.01.01-13.59.13:911][789]LogModuleManager: Shutting down and abandoning module TVOSTargetPlatform (117)
[2019.01.01-13.59.13:916][789]LogModuleManager: Shutting down and abandoning module Messaging (115)
[2019.01.01-13.59.13:917][789]LogModuleManager: Shutting down and abandoning module IOSTargetPlatform (113)
[2019.01.01-13.59.13:920][789]LogModuleManager: Shutting down and abandoning module HTML5TargetPlatform (111)
[2019.01.01-13.59.13:920][789]LogModuleManager: Shutting down and abandoning module AndroidTargetPlatform (109)
[2019.01.01-13.59.13:955][789]LogModuleManager: Shutting down and abandoning module WindowsTargetPlatform (107)
[2019.01.01-13.59.13:955][789]LogModuleManager: Shutting down and abandoning module WindowsServerTargetPlatform (105)
[2019.01.01-13.59.13:955][789]LogModuleManager: Shutting down and abandoning module WindowsNoEditorTargetPlatform (103)
[2019.01.01-13.59.13:955][789]LogModuleManager: Shutting down and abandoning module WindowsClientTargetPlatform (101)
[2019.01.01-13.59.13:955][789]LogModuleManager: Shutting down and abandoning module MacTargetPlatform (99)
[2019.01.01-13.59.13:955][789]LogModuleManager: Shutting down and abandoning module MacServerTargetPlatform (97)
[2019.01.01-13.59.13:955][789]LogModuleManager: Shutting down and abandoning module MacNoEditorTargetPlatform (95)
[2019.01.01-13.59.13:955][789]LogModuleManager: Shutting down and abandoning module MacClientTargetPlatform (93)
[2019.01.01-13.59.13:955][789]LogModuleManager: Shutting down and abandoning module AllDesktopTargetPlatform (91)
[2019.01.01-13.59.13:955][789]LogModuleManager: Shutting down and abandoning module InputCore (88)
[2019.01.01-13.59.13:955][789]LogModuleManager: Shutting down and abandoning module Settings (86)
[2019.01.01-13.59.13:955][789]LogModuleManager: Shutting down and abandoning module PhysXCooking (84)
[2019.01.01-13.59.13:955][789]LogModuleManager: Shutting down and abandoning module SteamVR (82)
[2019.01.01-13.59.13:955][789]LogModuleManager: Shutting down and abandoning module OculusHMD (80)
[2019.01.01-13.59.13:970][789]LogModuleManager: Shutting down and abandoning module ExampleDeviceProfileSelector (78)
[2019.01.01-13.59.13:970][789]LogModuleManager: Shutting down and abandoning module LauncherChunkInstaller (76)
[2019.01.01-13.59.13:970][789]LogModuleManager: Shutting down and abandoning module OnlineBlueprintSupport (74)
[2019.01.01-13.59.13:970][789]LogModuleManager: Shutting down and abandoning module OnlineSubsystem (70)
[2019.01.01-13.59.14:010][789]LogModuleManager: Shutting down and abandoning module XMPP (65)
[2019.01.01-13.59.14:022][789]LogModuleManager: Shutting down and abandoning module WebSockets (64)
[2019.01.01-13.59.14:066][789]LogModuleManager: Shutting down and abandoning module HTTP (61)
[2019.01.01-13.59.14:072][789]LogHttp: Display: Http module shutting down, but needs to wait on 1 outstanding Http requests:
[2019.01.01-13.59.14:072][789]LogHttp: Display: 	verb=[POST] url=[https://datarouter.ol.epicgames.com/datarouter/api/v1/public/data?SessionID=%7B8C7478B7-4175-A75D-FF49-2CA00F573F8D%7D&AppID=UEEditor.UnrealEngine.Release&AppVersion=4.21.0-0%2BUE4&UserID=22552d854de029f0f453489b22b4cd1c%7Cc1c1b958b6834fb59da0f24d689103e4%7Ca651d6f3-6947-40e2-9894-e5c9686ca21f&AppEnvironment=datacollector-source&UploadType=eteventstream] status=Processing
[2019.01.01-13.59.14:100][789]LogModuleManager: Shutting down and abandoning module SSL (60)
[2019.01.01-13.59.14:114][789]LogModuleManager: Shutting down and abandoning module MagicLeapEmulator (56)
[2019.01.01-13.59.14:114][789]LogModuleManager: Shutting down and abandoning module MagicLeapPrivileges (54)
[2019.01.01-13.59.14:114][789]LogModuleManager: Shutting down and abandoning module MagicLeapIdentity (52)
[2019.01.01-13.59.14:114][789]LogModuleManager: Shutting down and abandoning module MagicLeapHelperVulkan (50)
[2019.01.01-13.59.14:114][789]LogModuleManager: Shutting down and abandoning module MagicLeapHelperOpenGL (48)
[2019.01.01-13.59.14:114][789]LogModuleManager: Shutting down and abandoning module MagicLeapSecureStorage (46)
[2019.01.01-13.59.14:114][789]LogModuleManager: Shutting down and abandoning module MagicLeapGestures (44)
[2019.01.01-13.59.14:115][789]LogModuleManager: Shutting down and abandoning module MagicLeapEyeTracker (42)
[2019.01.01-13.59.14:115][789]LogModuleManager: Shutting down and abandoning module MagicLeapController (40)
[2019.01.01-13.59.14:116][789]LogSlate: Slate User Destroyed.  User Index 0, Is Virtual User: 0
[2019.01.01-13.59.14:116][789]LogModuleManager: Shutting down and abandoning module MagicLeap (38)
[2019.01.01-13.59.14:125][789]LogModuleManager: Shutting down and abandoning module AnimationModifiers (36)
[2019.01.01-13.59.14:137][789]LogModuleManager: Shutting down and abandoning module PropertyEditor (35)
[2019.01.01-13.59.14:137][789]LogModuleManager: Shutting down and abandoning module AudioEditor (32)
[2019.01.01-13.59.14:162][789]LogModuleManager: Shutting down and abandoning module TextureCompressor (30)
[2019.01.01-13.59.14:179][789]LogModuleManager: Shutting down and abandoning module ShaderCore (28)
[2019.01.01-13.59.14:179][789]LogModuleManager: Shutting down and abandoning module Landscape (26)
[2019.01.01-13.59.14:179][789]LogModuleManager: Shutting down and abandoning module SlateRHIRenderer (24)
[2019.01.01-13.59.14:191][789]LogModuleManager: Shutting down and abandoning module OpenGLDrv (22)
[2019.01.01-13.59.14:200][789]LogModuleManager: Shutting down and abandoning module D3D11RHI (20)
[2019.01.01-13.59.14:200][789]LogModuleManager: Shutting down and abandoning module AnimGraphRuntime (18)
[2019.01.01-13.59.14:213][789]LogModuleManager: Shutting down and abandoning module Renderer (16)
[2019.01.01-13.59.14:213][789]LogModuleManager: Shutting down and abandoning module Engine (14)
[2019.01.01-13.59.14:213][789]LogModuleManager: Shutting down and abandoning module CoreUObject (12)
[2019.01.01-13.59.14:213][789]LogModuleManager: Shutting down and abandoning module NetworkFile (10)
[2019.01.01-13.59.14:229][789]LogModuleManager: Shutting down and abandoning module CookedIterativeFile (8)
[2019.01.01-13.59.14:229][789]LogModuleManager: Shutting down and abandoning module StreamingFile (6)
[2019.01.01-13.59.14:240][789]LogModuleManager: Shutting down and abandoning module SandboxFile (4)
[2019.01.01-13.59.14:240][789]LogModuleManager: Shutting down and abandoning module PakFile (2)
[2019.01.01-13.59.14:266][789]LogExit: Exiting.
[2019.01.01-13.59.14:280][789]Log file closed, 01/01/19 21:59:14
