Log file open, 01/07/19 11:10:22
LogWindows: Failed to load 'aqProf.dll' (GetLastError=126)
LogWindows: File 'aqProf.dll' does not exist
LogWindows: Failed to load 'VtuneApi.dll' (GetLastError=126)
LogWindows: File 'VtuneApi.dll' does not exist
LogWindows: Failed to load 'VtuneApi32e.dll' (GetLastError=126)
LogWindows: File 'VtuneApi32e.dll' does not exist
LogInit: Display: Running engine for game: Warframe_A
LogPlatformFile: Not using cached read wrapper
LogTaskGraph: Started task graph with 5 named threads and 35 total threads with 3 sets of task threads.
LogStats: Stats thread started at 0.392045
LogD3D11RHI: Loaded GFSDK_Aftermath_Lib.x64.dll
LogICUInternationalization: Display: ICU TimeZone Detection - Raw Offset: +8:00, Platform Override: ''
LogPluginManager: Mounting plugin Paper2D
LogPluginManager: Mounting plugin AISupport
LogPluginManager: Mounting plugin LightPropagationVolume
LogPluginManager: Mounting plugin CLionSourceCodeAccess
LogPluginManager: Mounting plugin CodeLiteSourceCodeAccess
LogPluginManager: Mounting plugin GitSourceControl
LogPluginManager: Mounting plugin KDevelopSourceCodeAccess
LogPluginManager: Mounting plugin NullSourceCodeAccess
LogPluginManager: Mounting plugin PerforceSourceControl
LogPluginManager: Mounting plugin SubversionSourceControl
LogPluginManager: Mounting plugin UObjectPlugin
LogPluginManager: Mounting plugin VisualStudioCodeSourceCodeAccess
LogPluginManager: Mounting plugin VisualStudioSourceCodeAccess
LogPluginManager: Mounting plugin XCodeSourceCodeAccess
LogPluginManager: Mounting plugin AssetManagerEditor
LogPluginManager: Mounting plugin CryptoKeys
LogPluginManager: Mounting plugin DataValidation
LogPluginManager: Mounting plugin FacialAnimation
LogPluginManager: Mounting plugin GameplayTagsEditor
LogPluginManager: Mounting plugin MacGraphicsSwitching
LogPluginManager: Mounting plugin MeshEditor
LogPluginManager: Mounting plugin MobileLauncherProfileWizard
LogPluginManager: Mounting plugin PluginBrowser
LogPluginManager: Mounting plugin SpeedTreeImporter
LogPluginManager: Mounting plugin DatasmithContent
LogPluginManager: Mounting plugin AlembicImporter
LogPluginManager: Mounting plugin AppleImageUtils
LogPluginManager: Mounting plugin AppleVision
LogPluginManager: Mounting plugin BackChannel
LogPluginManager: Mounting plugin CharacterAI
LogPluginManager: Mounting plugin GeometryCache
LogPluginManager: Mounting plugin HTML5Networking
LogPluginManager: Mounting plugin ProxyLODPlugin
LogPluginManager: Mounting plugin MagicLeap
LogPluginManager: Mounting plugin MagicLeapEmulator
LogPluginManager: Mounting plugin MagicLeapMedia
LogPluginManager: Mounting plugin AndroidMedia
LogPluginManager: Mounting plugin AvfMedia
LogPluginManager: Mounting plugin ImgMedia
LogPluginManager: Mounting plugin LinearTimecode
LogPluginManager: Mounting plugin MediaCompositing
LogPluginManager: Mounting plugin MediaPlayerEditor
LogPluginManager: Mounting plugin WmfMedia
LogPluginManager: Mounting plugin TcpMessaging
LogPluginManager: Mounting plugin UdpMessaging
LogPluginManager: Mounting plugin ActorSequence
LogPluginManager: Mounting plugin LevelSequenceEditor
LogPluginManager: Mounting plugin MatineeToLevelSequence
LogPluginManager: Mounting plugin NetcodeUnitTest
LogPluginManager: Mounting plugin NUTUnrealEngine4
LogPluginManager: Mounting plugin OnlineSubsystemGooglePlay
LogPluginManager: Mounting plugin OnlineSubsystemIOS
LogPluginManager: Mounting plugin OnlineSubsystem
LogPluginManager: Mounting plugin OnlineSubsystemNull
LogPluginManager: Mounting plugin OnlineSubsystemUtils
LogPluginManager: Mounting plugin LauncherChunkInstaller
LogPluginManager: Mounting plugin AndroidDeviceProfileSelector
LogPluginManager: Mounting plugin AndroidMoviePlayer
LogPluginManager: Mounting plugin AndroidPermission
LogPluginManager: Mounting plugin AppleMoviePlayer
LogPluginManager: Mounting plugin ArchVisCharacter
LogPluginManager: Mounting plugin AudioCapture
LogPluginManager: Mounting plugin CableComponent
LogPluginManager: Mounting plugin CustomMeshComponent
LogPluginManager: Mounting plugin EditableMesh
LogPluginManager: Mounting plugin ExampleDeviceProfileSelector
LogPluginManager: Mounting plugin GoogleCloudMessaging
LogPluginManager: Mounting plugin ImmediatePhysics
LogPluginManager: Mounting plugin IOSDeviceProfileSelector
LogPluginManager: Mounting plugin LinuxDeviceProfileSelector
LogPluginManager: Mounting plugin LocationServicesBPLibrary
LogPluginManager: Mounting plugin MobilePatchingUtils
LogPluginManager: Mounting plugin OculusVR
LogPluginManager: Plugin shader directory ../../../Engine/Plugins/Runtime/Oculus/OculusVR/Shaders found
LogPluginManager: Mapping shader source directory ../../../Engine/Plugins/Runtime/Oculus/OculusVR/Shaders to virtual directory /Plugin/OculusVR
LogPluginManager: Mounting plugin PhysXVehicles
LogPluginManager: Mounting plugin ProceduralMeshComponent
LogPluginManager: Mounting plugin RuntimePhysXCooking
LogPluginManager: Mounting plugin SteamVR
LogPluginManager: Mounting plugin WindowsMoviePlayer
LogStreaming: Display: Took  0.579s to configure plugins.
LogInit: Using libcurl 7.55.1-DEV
LogInit:  - built for x86_64-pc-win32
LogInit:  - supports SSL with OpenSSL/1.0.2h
LogInit:  - supports HTTP deflate (compression) using libz 1.2.8
LogInit:  - other features:
LogInit:      CURL_VERSION_SSL
LogInit:      CURL_VERSION_LIBZ
LogInit:      CURL_VERSION_IPV6
LogInit:      CURL_VERSION_ASYNCHDNS
LogInit:      CURL_VERSION_LARGEFILE
LogInit:      CURL_VERSION_IDN
LogInit:  CurlRequestOptions (configurable via config and command line):
LogInit:  - bVerifyPeer = false  - Libcurl will NOT verify peer certificate
LogInit:  - bUseHttpProxy = false  - Libcurl will NOT use HTTP proxy
LogInit:  - bDontReuseConnections = false  - Libcurl will reuse connections
LogInit:  - CertBundlePath = nullptr  - Libcurl will use whatever was configured at build time.
LogInit:  - MaxHostConnections = 16  - Libcurl will limit the number of connections to a host
LogInit:  - LocalHostAddr = Default
LogInit:  - BufferSize = 65536
LogInit: WinSock: version 1.1 (2.2), MaxSocks=32767, MaxUdp=65467
LogInit: Build: UE4-CL-0
LogInit: Engine Version: 4.21.0-0+UE4
LogInit: Compatible Engine Version: 4.21.0-0+UE4
LogInit: Net CL: 0
LogInit: OS: Windows 10 (), CPU: Intel(R) Core(TM) i7-8700 CPU @ 3.20GHz, GPU: NVIDIA GeForce GTX 1060 6GB
LogInit: Compiled (64-bit): Dec 27 2018 13:45:39
LogInit: Compiled with Visual C++: 19.16.27025.01
LogInit: Build Configuration: Development
LogInit: Branch Name: UE4
LogInit: Command Line: 
LogInit: Base Directory: Q:/UnrealEngine-staging-4.20/Engine/Binaries/Win64/
LogInit: Installed Engine Build: 0
LogDevObjectVersion: Number of dev versions registered: 20
LogDevObjectVersion:   Dev-Blueprints (B0D832E4-1F89-4F0D-ACCF-7EB736FD4AA2): 10
LogDevObjectVersion:   Dev-Build (E1C64328-A22C-4D53-A36C-8E866417BD8C): 0
LogDevObjectVersion:   Dev-Core (375EC13C-06E4-48FB-B500-84F0262A717E): 2
LogDevObjectVersion:   Dev-Editor (E4B068ED-F494-42E9-A231-DA0B2E46BB41): 24
LogDevObjectVersion:   Dev-Framework (CFFC743F-43B0-4480-9391-14DF171D2073): 34
LogDevObjectVersion:   Dev-Mobile (B02B49B5-BB20-44E9-A304-32B752E40360): 2
LogDevObjectVersion:   Dev-Networking (A4E4105C-59A1-49B5-A7C5-40C4547EDFEE): 0
LogDevObjectVersion:   Dev-Online (39C831C9-5AE6-47DC-9A44-9C173E1C8E7C): 0
LogDevObjectVersion:   Dev-Physics (78F01B33-EBEA-4F98-B9B4-84EACCB95AA2): 0
LogDevObjectVersion:   Dev-Platform (6631380F-2D4D-43E0-8009-CF276956A95A): 0
LogDevObjectVersion:   Dev-Rendering (12F88B9F-8875-4AFC-A67C-D90C383ABD29): 26
LogDevObjectVersion:   Dev-Sequencer (7B5AE74C-D270-4C10-A958-57980B212A5A): 9
LogDevObjectVersion:   Dev-VR (D7296918-1DD6-4BDD-9DE2-64A83CC13884): 2
LogDevObjectVersion:   Dev-LoadTimes (C2A15278-BFE7-4AFE-6C17-90FF531DF755): 1
LogDevObjectVersion:   Private-Geometry (6EACA3D4-40EC-4CC1-B786-8BED09428FC5): 3
LogDevObjectVersion:   Dev-AnimPhys (29E575DD-E0A3-4627-9D10-D276232CDCEA): 17
LogDevObjectVersion:   Dev-ReflectionCapture (6B266CEC-1EC7-4B8F-A30B-E4D90942FC07): 1
LogDevObjectVersion:   Dev-Automation (0DF73D61-A23F-47EA-B727-89E90C41499A): 1
LogDevObjectVersion:   FortniteMain (601D1886-AC64-4F84-AA16-D3DE0DEAC7D6): 12
LogDevObjectVersion:   Dev-Enterprise (9DFFBCD6-494F-0158-E221-12823C92A888): 1
LogStreaming: Display: Took  0.084s to delete old logs.
LogInit: Presizing for max 8388607 objects, including 0 objects not considered by GC, pre-allocating 0 bytes for permanent pool.
LogInit: Object subsystem initialized
[2019.01.07-03.10.23:068][  0]LogInit: Selected Device Profile: [Windows]
[2019.01.07-03.10.23:068][  0]LogInit: Applying CVar settings loaded from the selected device profile: [Windows]
[2019.01.07-03.10.23:101][  0]LogHAL: Display: Platform has ~ 16 GB [17088872448 / 17179869184 / 16], which maps to Larger [LargestMinGB=32, LargerMinGB=12, DefaultMinGB=8, SmallerMinGB=6, SmallestMinGB=0)
[2019.01.07-03.10.23:101][  0]LogInit: Setting Device Profile CVar: [[r.Vulkan.UseRealUBs:1]]
[2019.01.07-03.10.23:101][  0]LogInit: Going up to parent DeviceProfile []
[2019.01.07-03.10.23:101][  0]LogInit: Computer: DESKTOP-0U9IS5D
[2019.01.07-03.10.23:101][  0]LogInit: User: aer
[2019.01.07-03.10.23:101][  0]LogInit: CPU Page size=4096, Cores=6
[2019.01.07-03.10.23:101][  0]LogInit: High frequency timer resolution =3.117187 MHz
[2019.01.07-03.10.23:101][  0]LogMemory: Memory total: Physical=15.9GB (16GB approx)
[2019.01.07-03.10.23:101][  0]LogMemory: Platform Memory Stats for Windows
[2019.01.07-03.10.23:101][  0]LogMemory: Process Physical Memory: 101.58 MB used, 101.58 MB peak
[2019.01.07-03.10.23:101][  0]LogMemory: Process Virtual Memory: 94.29 MB used, 94.29 MB peak
[2019.01.07-03.10.23:101][  0]LogMemory: Physical Memory: 4918.64 MB used,  11378.58 MB free, 16297.22 MB total
[2019.01.07-03.10.23:101][  0]LogMemory: Virtual Memory: 4658.27 MB used,  11378.58 MB free, 134217728.00 MB total
[2019.01.07-03.10.23:120][  0]LogInit: Overriding language with editor language configuration option (en).
[2019.01.07-03.10.23:120][  0]LogInit: Overriding locale with editor locale configuration option (en).
[2019.01.07-03.10.23:424][  0]LogStreaming: Display: Took  0.304s to InitEngineTextLocalization.
[2019.01.07-03.10.23:424][  0]LogInit: Setting process to per monitor DPI aware
[2019.01.07-03.10.23:451][  0]LogSlate: New Slate User Created.  User Index 0, Is Virtual User: 0
[2019.01.07-03.10.23:451][  0]LogSlate: Slate User Registered.  User Index 0, Is Virtual User: 0
[2019.01.07-03.10.23:581][  0]LogHMD: Failed to initialize OpenVR with code 110
[2019.01.07-03.10.23:581][  0]LogD3D11RHI: D3D11 adapters:
[2019.01.07-03.10.23:638][  0]LogD3D11RHI:    0. 'NVIDIA GeForce GTX 1060 6GB' (Feature Level 11_0)
[2019.01.07-03.10.23:638][  0]LogD3D11RHI:       6052/0/8148 MB DedicatedVideo/DedicatedSystem/SharedSystem, Outputs:2, VendorId:0x10de
[2019.01.07-03.10.23:639][  0]LogD3D11RHI:    1. 'Microsoft Basic Render Driver' (Feature Level 11_0)
[2019.01.07-03.10.23:639][  0]LogD3D11RHI:       0/0/8148 MB DedicatedVideo/DedicatedSystem/SharedSystem, Outputs:0, VendorId:0x1414
[2019.01.07-03.10.23:639][  0]LogD3D11RHI: Chosen D3D11 Adapter: 0
[2019.01.07-03.10.23:645][  0]LogD3D11RHI: Creating new Direct3DDevice
[2019.01.07-03.10.23:645][  0]LogD3D11RHI:     GPU DeviceId: 0x1c03 (for the marketing name, search the web for "GPU Device Id")
[2019.01.07-03.10.23:645][  0]LogWindows: EnumDisplayDevices:
[2019.01.07-03.10.23:645][  0]LogWindows:    0. 'NVIDIA GeForce GTX 1060 6GB' (P:0 D:1)
[2019.01.07-03.10.23:645][  0]LogWindows:    1. 'NVIDIA GeForce GTX 1060 6GB' (P:1 D:1)
[2019.01.07-03.10.23:646][  0]LogWindows:    2. 'NVIDIA GeForce GTX 1060 6GB' (P:0 D:0)
[2019.01.07-03.10.23:646][  0]LogWindows:    3. 'NVIDIA GeForce GTX 1060 6GB' (P:0 D:0)
[2019.01.07-03.10.23:646][  0]LogWindows: DebugString: FoundDriverCount:4 
[2019.01.07-03.10.23:646][  0]LogD3D11RHI:     Adapter Name: NVIDIA GeForce GTX 1060 6GB
[2019.01.07-03.10.23:646][  0]LogD3D11RHI:   Driver Version: 397.31 (internal:24.21.13.9731, unified:397.31)
[2019.01.07-03.10.23:646][  0]LogD3D11RHI:      Driver Date: 4-22-2018
[2019.01.07-03.10.23:646][  0]LogRHI: Texture pool is 4236 MB (70% of 6052 MB)
[2019.01.07-03.10.23:679][  0]LogD3D11RHI: Async texture creation enabled
[2019.01.07-03.10.23:731][  0]LogD3D11RHI: GPU Timing Frequency: 1000.000000 (Debug: 2 2)
[2019.01.07-03.10.23:826][  0]LogShaderCompilers: Guid format shader working directory is 17 characters bigger than the processId version (../../../../Work/Warframe_A/Intermediate/Shaders/WorkingDirectory/2620/).
[2019.01.07-03.10.23:826][  0]LogShaderCompilers: Cleaned the shader compiler working directory 'C:/Users/aer/AppData/Local/Temp/UnrealShaderWorkingDir/CFB2E578417F12350BE512A150CD096A/'.
[2019.01.07-03.10.23:991][  0]LogTemp: Display: Loaded TP AllDesktopTargetPlatform
[2019.01.07-03.10.24:000][  0]LogTemp: Display: Loaded TP MacClientTargetPlatform
[2019.01.07-03.10.24:007][  0]LogTemp: Display: Loaded TP MacNoEditorTargetPlatform
[2019.01.07-03.10.24:017][  0]LogTemp: Display: Loaded TP MacServerTargetPlatform
[2019.01.07-03.10.24:025][  0]LogTemp: Display: Loaded TP MacTargetPlatform
[2019.01.07-03.10.24:032][  0]LogTemp: Display: Loaded TP WindowsClientTargetPlatform
[2019.01.07-03.10.24:040][  0]LogTemp: Display: Loaded TP WindowsNoEditorTargetPlatform
[2019.01.07-03.10.24:051][  0]LogTemp: Display: Loaded TP WindowsServerTargetPlatform
[2019.01.07-03.10.24:054][  0]LogTemp: Display: Loaded TP WindowsTargetPlatform
[2019.01.07-03.10.24:095][  0]LogTemp: Display: Loaded TP AndroidTargetPlatform
[2019.01.07-03.10.24:096][  0]LogTemp: Display: Loaded TP AndroidTargetPlatform
[2019.01.07-03.10.24:096][  0]LogTemp: Display: Loaded TP AndroidTargetPlatform
[2019.01.07-03.10.24:096][  0]LogTemp: Display: Loaded TP AndroidTargetPlatform
[2019.01.07-03.10.24:096][  0]LogTemp: Display: Loaded TP AndroidTargetPlatform
[2019.01.07-03.10.24:096][  0]LogTemp: Display: Loaded TP AndroidTargetPlatform
[2019.01.07-03.10.24:096][  0]LogTemp: Display: Loaded TP AndroidTargetPlatform
[2019.01.07-03.10.24:096][  0]LogTemp: Display: Loaded TP AndroidTargetPlatform
[2019.01.07-03.10.24:096][  0]LogTemp: Display: Loaded TP AndroidTargetPlatform
[2019.01.07-03.10.24:096][  0]LogTemp: Display: Loaded TP AndroidTargetPlatform
[2019.01.07-03.10.24:096][  0]LogTemp: Display: Loaded TP AndroidTargetPlatform
[2019.01.07-03.10.24:096][  0]LogTemp: Display: Loaded TP AndroidTargetPlatform
[2019.01.07-03.10.24:096][  0]LogTemp: Display: Loaded TP AndroidTargetPlatform
[2019.01.07-03.10.24:096][  0]LogTemp: Display: Loaded TP AndroidTargetPlatform
[2019.01.07-03.10.24:096][  0]LogTemp: Display: Loaded TP AndroidTargetPlatform
[2019.01.07-03.10.24:096][  0]LogTemp: Display: Loaded TP AndroidTargetPlatform
[2019.01.07-03.10.24:096][  0]LogTemp: Display: Loaded TP AndroidTargetPlatform
[2019.01.07-03.10.24:096][  0]LogTemp: Display: Loaded TP AndroidTargetPlatform
[2019.01.07-03.10.24:096][  0]LogTemp: Display: Loaded TP HTML5TargetPlatform
[2019.01.07-03.10.24:145][  0]LogTemp: Display: Loaded TP IOSTargetPlatform
[2019.01.07-03.10.24:145][  0]LogTemp: Display: Loaded TP IOSTargetPlatform
[2019.01.07-03.10.24:158][  0]LogTemp: Display: Loaded TP TVOSTargetPlatform
[2019.01.07-03.10.24:158][  0]LogTemp: Display: Loaded TP TVOSTargetPlatform
[2019.01.07-03.10.24:164][  0]LogTemp: Display: Loaded TP LuminTargetPlatform
[2019.01.07-03.10.24:164][  0]LogTargetPlatformManager: Display: Building Assets For Windows
[2019.01.07-03.10.24:205][  0]LogXGEController: Cannot use XGE Controller as Incredibuild is not installed on this machine.
[2019.01.07-03.10.24:205][  0]LogShaderCompilers: Cannot use XGE Shader Compiler as Incredibuild is not installed on this machine.
[2019.01.07-03.10.24:205][  0]LogShaderCompilers: Display: Using Local Shader Compiler.
[2019.01.07-03.10.24:745][  0]LogDerivedDataCache: Display: Max Cache Size: 512 MB
[2019.01.07-03.10.26:056][  0]LogDerivedDataCache: Loaded boot cache 1.28s 71MB ../../../../Work/Warframe_A/DerivedDataCache/Boot.ddc.
[2019.01.07-03.10.26:057][  0]LogDerivedDataCache: Display: Loaded Boot cache: ../../../../Work/Warframe_A/DerivedDataCache/Boot.ddc
[2019.01.07-03.10.26:057][  0]LogDerivedDataCache: FDerivedDataBackendGraph:  Pak pak cache file ../../../../Work/Warframe_A/DerivedDataCache/DDC.ddp not found, will not use a pak cache.
[2019.01.07-03.10.26:057][  0]LogDerivedDataCache: Unable to find inner node Pak for hierarchical cache Hierarchy.
[2019.01.07-03.10.26:057][  0]LogDerivedDataCache: FDerivedDataBackendGraph:  EnginePak pak cache file ../../../Engine/DerivedDataCache/DDC.ddp not found, will not use a pak cache.
[2019.01.07-03.10.26:057][  0]LogDerivedDataCache: Unable to find inner node EnginePak for hierarchical cache Hierarchy.
[2019.01.07-03.10.26:069][  0]LogDerivedDataCache: Using Local data cache path ../../../Engine/DerivedDataCache: Writable
[2019.01.07-03.10.26:069][  0]LogDerivedDataCache: Shared data cache path not found in *engine.ini, will not use an Shared cache.
[2019.01.07-03.10.26:069][  0]LogDerivedDataCache: Unable to find inner node Shared for hierarchical cache Hierarchy.
[2019.01.07-03.10.26:083][  0]LogMaterial: Verifying Global Shaders for PCD3D_SM5
[2019.01.07-03.10.26:084][  0]LogSlate: Using FreeType 2.6.0
[2019.01.07-03.10.26:085][  0]LogSlate: SlateFontServices - WITH_FREETYPE: 1, WITH_HARFBUZZ: 1
[2019.01.07-03.10.26:146][  0]LogAssetRegistry: FAssetRegistry took 0.0240 seconds to start up
[2019.01.07-03.10.26:361][  0]LogInit: Selected Device Profile: [Windows]
[2019.01.07-03.10.26:469][  0]LogMeshReduction: Using ProxyLODMeshReduction for automatic mesh merging
[2019.01.07-03.10.26:469][  0]LogMeshReduction: Using QuadricMeshReduction for automatic static mesh reduction
[2019.01.07-03.10.26:469][  0]LogMeshReduction: No automatic skeletal mesh reduction module available
[2019.01.07-03.10.26:469][  0]LogMeshReduction: No distributed automatic mesh merging module available
[2019.01.07-03.10.26:469][  0]LogMeshMerging: No distributed automatic mesh merging module available
[2019.01.07-03.10.26:485][  0]LogNetVersion: Warframe_A 1.0.0, NetCL: 0, EngineNetVer: 5, GameNetVer: 0 (Checksum: 1079098011)
[2019.01.07-03.10.26:992][  0]LogPackageLocalizationCache: Processed 11 localized package path(s) for 1 prioritized culture(s) in 0.119275 seconds
[2019.01.07-03.10.26:998][  0]LogUObjectArray: 38381 objects as part of root set at end of initial load.
[2019.01.07-03.10.26:998][  0]LogUObjectAllocator: 6683936 out of 0 bytes used by permanent object pool.
[2019.01.07-03.10.26:998][  0]LogUObjectArray: CloseDisregardForGC: 0/0 objects in disregard for GC pool
[2019.01.07-03.10.27:341][  0]LogStreaming: Warning: Failed to read file '../../../Engine/Content/Editor/Slate/Launcher/Mac/Platform_Mac_24x.png' error.
[2019.01.07-03.10.27:341][  0]LogSlate: Could not find file for Slate resource: ../../../Engine/Content/Editor/Slate/Launcher/Mac/Platform_Mac_24x.png
[2019.01.07-03.10.27:341][  0]LogStreaming: Warning: Failed to read file '../../../Engine/Content/Editor/Slate/Launcher/Mac/Platform_Mac_128x.png' error.
[2019.01.07-03.10.27:341][  0]LogSlate: Could not find file for Slate resource: ../../../Engine/Content/Editor/Slate/Launcher/Mac/Platform_Mac_128x.png
[2019.01.07-03.10.27:341][  0]LogStreaming: Warning: Failed to read file '../../../Engine/Content/Editor/Slate/Launcher/Mac/Platform_Mac_128x.png' error.
[2019.01.07-03.10.27:341][  0]LogSlate: Could not find file for Slate resource: ../../../Engine/Content/Editor/Slate/Launcher/Mac/Platform_Mac_128x.png
[2019.01.07-03.10.27:341][  0]LogStreaming: Warning: Failed to read file '../../../Engine/Content/Editor/Slate/Launcher/Mac/Platform_Mac_24x.png' error.
[2019.01.07-03.10.27:341][  0]LogSlate: Could not find file for Slate resource: ../../../Engine/Content/Editor/Slate/Launcher/Mac/Platform_Mac_24x.png
[2019.01.07-03.10.27:341][  0]LogStreaming: Warning: Failed to read file '../../../Engine/Content/Editor/Slate/Launcher/Mac/Platform_Mac_128x.png' error.
[2019.01.07-03.10.27:341][  0]LogSlate: Could not find file for Slate resource: ../../../Engine/Content/Editor/Slate/Launcher/Mac/Platform_Mac_128x.png
[2019.01.07-03.10.27:341][  0]LogStreaming: Warning: Failed to read file '../../../Engine/Content/Editor/Slate/Launcher/Mac/Platform_Mac_128x.png' error.
[2019.01.07-03.10.27:341][  0]LogSlate: Could not find file for Slate resource: ../../../Engine/Content/Editor/Slate/Launcher/Mac/Platform_Mac_128x.png
[2019.01.07-03.10.27:341][  0]LogStreaming: Warning: Failed to read file '../../../Engine/Content/Editor/Slate/Launcher/Mac/Platform_Mac_24x.png' error.
[2019.01.07-03.10.27:341][  0]LogSlate: Could not find file for Slate resource: ../../../Engine/Content/Editor/Slate/Launcher/Mac/Platform_Mac_24x.png
[2019.01.07-03.10.27:341][  0]LogStreaming: Warning: Failed to read file '../../../Engine/Content/Editor/Slate/Launcher/Mac/Platform_Mac_128x.png' error.
[2019.01.07-03.10.27:341][  0]LogSlate: Could not find file for Slate resource: ../../../Engine/Content/Editor/Slate/Launcher/Mac/Platform_Mac_128x.png
[2019.01.07-03.10.27:341][  0]LogStreaming: Warning: Failed to read file '../../../Engine/Content/Editor/Slate/Launcher/Mac/Platform_Mac_128x.png' error.
[2019.01.07-03.10.27:341][  0]LogSlate: Could not find file for Slate resource: ../../../Engine/Content/Editor/Slate/Launcher/Mac/Platform_Mac_128x.png
[2019.01.07-03.10.27:341][  0]LogStreaming: Warning: Failed to read file '../../../Engine/Content/Editor/Slate/Launcher/Mac/Platform_Mac_24x.png' error.
[2019.01.07-03.10.27:341][  0]LogSlate: Could not find file for Slate resource: ../../../Engine/Content/Editor/Slate/Launcher/Mac/Platform_Mac_24x.png
[2019.01.07-03.10.27:341][  0]LogStreaming: Warning: Failed to read file '../../../Engine/Content/Editor/Slate/Launcher/Mac/Platform_Mac_128x.png' error.
[2019.01.07-03.10.27:341][  0]LogSlate: Could not find file for Slate resource: ../../../Engine/Content/Editor/Slate/Launcher/Mac/Platform_Mac_128x.png
[2019.01.07-03.10.27:341][  0]LogStreaming: Warning: Failed to read file '../../../Engine/Content/Editor/Slate/Launcher/Mac/Platform_Mac_128x.png' error.
[2019.01.07-03.10.27:341][  0]LogSlate: Could not find file for Slate resource: ../../../Engine/Content/Editor/Slate/Launcher/Mac/Platform_Mac_128x.png
[2019.01.07-03.10.27:341][  0]LogStreaming: Warning: Failed to read file '../../../Engine/Content/Editor/Slate/Launcher/Linux/Platform_Linux_24x.png' error.
[2019.01.07-03.10.27:341][  0]LogSlate: Could not find file for Slate resource: ../../../Engine/Content/Editor/Slate/Launcher/Linux/Platform_Linux_24x.png
[2019.01.07-03.10.27:342][  0]LogStreaming: Warning: Failed to read file '../../../Engine/Content/Editor/Slate/Launcher/Linux/Platform_Linux_128x.png' error.
[2019.01.07-03.10.27:342][  0]LogSlate: Could not find file for Slate resource: ../../../Engine/Content/Editor/Slate/Launcher/Linux/Platform_Linux_128x.png
[2019.01.07-03.10.27:342][  0]LogStreaming: Warning: Failed to read file '../../../Engine/Content/Editor/Slate/Launcher/Linux/Platform_Linux_128x.png' error.
[2019.01.07-03.10.27:342][  0]LogSlate: Could not find file for Slate resource: ../../../Engine/Content/Editor/Slate/Launcher/Linux/Platform_Linux_128x.png
[2019.01.07-03.10.27:342][  0]LogStreaming: Warning: Failed to read file '../../../Engine/Content/Editor/Slate/Launcher/Linux/Platform_Linux_24x.png' error.
[2019.01.07-03.10.27:342][  0]LogSlate: Could not find file for Slate resource: ../../../Engine/Content/Editor/Slate/Launcher/Linux/Platform_Linux_24x.png
[2019.01.07-03.10.27:342][  0]LogStreaming: Warning: Failed to read file '../../../Engine/Content/Editor/Slate/Launcher/Linux/Platform_Linux_128x.png' error.
[2019.01.07-03.10.27:342][  0]LogSlate: Could not find file for Slate resource: ../../../Engine/Content/Editor/Slate/Launcher/Linux/Platform_Linux_128x.png
[2019.01.07-03.10.27:342][  0]LogStreaming: Warning: Failed to read file '../../../Engine/Content/Editor/Slate/Launcher/Linux/Platform_Linux_128x.png' error.
[2019.01.07-03.10.27:342][  0]LogSlate: Could not find file for Slate resource: ../../../Engine/Content/Editor/Slate/Launcher/Linux/Platform_Linux_128x.png
[2019.01.07-03.10.27:342][  0]LogStreaming: Warning: Failed to read file '../../../Engine/Content/Editor/Slate/Launcher/Linux/Platform_Linux_24x.png' error.
[2019.01.07-03.10.27:342][  0]LogSlate: Could not find file for Slate resource: ../../../Engine/Content/Editor/Slate/Launcher/Linux/Platform_Linux_24x.png
[2019.01.07-03.10.27:342][  0]LogStreaming: Warning: Failed to read file '../../../Engine/Content/Editor/Slate/Launcher/Linux/Platform_Linux_128x.png' error.
[2019.01.07-03.10.27:342][  0]LogSlate: Could not find file for Slate resource: ../../../Engine/Content/Editor/Slate/Launcher/Linux/Platform_Linux_128x.png
[2019.01.07-03.10.27:342][  0]LogStreaming: Warning: Failed to read file '../../../Engine/Content/Editor/Slate/Launcher/Linux/Platform_Linux_128x.png' error.
[2019.01.07-03.10.27:342][  0]LogSlate: Could not find file for Slate resource: ../../../Engine/Content/Editor/Slate/Launcher/Linux/Platform_Linux_128x.png
[2019.01.07-03.10.27:342][  0]LogStreaming: Warning: Failed to read file '../../../Engine/Content/Editor/Slate/Launcher/Linux/Platform_Linux_24x.png' error.
[2019.01.07-03.10.27:342][  0]LogSlate: Could not find file for Slate resource: ../../../Engine/Content/Editor/Slate/Launcher/Linux/Platform_Linux_24x.png
[2019.01.07-03.10.27:342][  0]LogStreaming: Warning: Failed to read file '../../../Engine/Content/Editor/Slate/Launcher/Linux/Platform_Linux_128x.png' error.
[2019.01.07-03.10.27:342][  0]LogSlate: Could not find file for Slate resource: ../../../Engine/Content/Editor/Slate/Launcher/Linux/Platform_Linux_128x.png
[2019.01.07-03.10.27:342][  0]LogStreaming: Warning: Failed to read file '../../../Engine/Content/Editor/Slate/Launcher/Linux/Platform_Linux_128x.png' error.
[2019.01.07-03.10.27:342][  0]LogSlate: Could not find file for Slate resource: ../../../Engine/Content/Editor/Slate/Launcher/Linux/Platform_Linux_128x.png
[2019.01.07-03.10.27:343][  0]LogStreaming: Warning: Failed to read file '../../../Engine/Content/Editor/Slate/Launcher/Android/Platform_Android_24x.png' error.
[2019.01.07-03.10.27:343][  0]LogSlate: Could not find file for Slate resource: ../../../Engine/Content/Editor/Slate/Launcher/Android/Platform_Android_24x.png
[2019.01.07-03.10.27:343][  0]LogStreaming: Warning: Failed to read file '../../../Engine/Content/Editor/Slate/Launcher/Android/Platform_Android_128x.png' error.
[2019.01.07-03.10.27:343][  0]LogSlate: Could not find file for Slate resource: ../../../Engine/Content/Editor/Slate/Launcher/Android/Platform_Android_128x.png
[2019.01.07-03.10.27:343][  0]LogStreaming: Warning: Failed to read file '../../../Engine/Content/Editor/Slate/Launcher/Android/Platform_Android_128x.png' error.
[2019.01.07-03.10.27:343][  0]LogSlate: Could not find file for Slate resource: ../../../Engine/Content/Editor/Slate/Launcher/Android/Platform_Android_128x.png
[2019.01.07-03.10.27:343][  0]LogStreaming: Warning: Failed to read file '../../../Engine/Content/Editor/Slate/Launcher/Android/Platform_Android_24x.png' error.
[2019.01.07-03.10.27:343][  0]LogSlate: Could not find file for Slate resource: ../../../Engine/Content/Editor/Slate/Launcher/Android/Platform_Android_24x.png
[2019.01.07-03.10.27:343][  0]LogStreaming: Warning: Failed to read file '../../../Engine/Content/Editor/Slate/Launcher/Android/Platform_Android_128x.png' error.
[2019.01.07-03.10.27:343][  0]LogSlate: Could not find file for Slate resource: ../../../Engine/Content/Editor/Slate/Launcher/Android/Platform_Android_128x.png
[2019.01.07-03.10.27:343][  0]LogStreaming: Warning: Failed to read file '../../../Engine/Content/Editor/Slate/Launcher/Android/Platform_Android_128x.png' error.
[2019.01.07-03.10.27:343][  0]LogSlate: Could not find file for Slate resource: ../../../Engine/Content/Editor/Slate/Launcher/Android/Platform_Android_128x.png
[2019.01.07-03.10.27:343][  0]LogStreaming: Warning: Failed to read file '../../../Engine/Content/Editor/Slate/Launcher/Android/Platform_Android_ATC_24x.png' error.
[2019.01.07-03.10.27:343][  0]LogSlate: Could not find file for Slate resource: ../../../Engine/Content/Editor/Slate/Launcher/Android/Platform_Android_ATC_24x.png
[2019.01.07-03.10.27:343][  0]LogStreaming: Warning: Failed to read file '../../../Engine/Content/Editor/Slate/Launcher/Android/Platform_Android_128x.png' error.
[2019.01.07-03.10.27:343][  0]LogSlate: Could not find file for Slate resource: ../../../Engine/Content/Editor/Slate/Launcher/Android/Platform_Android_128x.png
[2019.01.07-03.10.27:343][  0]LogStreaming: Warning: Failed to read file '../../../Engine/Content/Editor/Slate/Launcher/Android/Platform_Android_128x.png' error.
[2019.01.07-03.10.27:343][  0]LogSlate: Could not find file for Slate resource: ../../../Engine/Content/Editor/Slate/Launcher/Android/Platform_Android_128x.png
[2019.01.07-03.10.27:343][  0]LogStreaming: Warning: Failed to read file '../../../Engine/Content/Editor/Slate/Launcher/Android/Platform_Android_DXT_24x.png' error.
[2019.01.07-03.10.27:343][  0]LogSlate: Could not find file for Slate resource: ../../../Engine/Content/Editor/Slate/Launcher/Android/Platform_Android_DXT_24x.png
[2019.01.07-03.10.27:343][  0]LogStreaming: Warning: Failed to read file '../../../Engine/Content/Editor/Slate/Launcher/Android/Platform_Android_128x.png' error.
[2019.01.07-03.10.27:343][  0]LogSlate: Could not find file for Slate resource: ../../../Engine/Content/Editor/Slate/Launcher/Android/Platform_Android_128x.png
[2019.01.07-03.10.27:343][  0]LogStreaming: Warning: Failed to read file '../../../Engine/Content/Editor/Slate/Launcher/Android/Platform_Android_128x.png' error.
[2019.01.07-03.10.27:343][  0]LogSlate: Could not find file for Slate resource: ../../../Engine/Content/Editor/Slate/Launcher/Android/Platform_Android_128x.png
[2019.01.07-03.10.27:343][  0]LogStreaming: Warning: Failed to read file '../../../Engine/Content/Editor/Slate/Launcher/Android/Platform_Android_ETC1_24x.png' error.
[2019.01.07-03.10.27:343][  0]LogSlate: Could not find file for Slate resource: ../../../Engine/Content/Editor/Slate/Launcher/Android/Platform_Android_ETC1_24x.png
[2019.01.07-03.10.27:343][  0]LogStreaming: Warning: Failed to read file '../../../Engine/Content/Editor/Slate/Launcher/Android/Platform_Android_128x.png' error.
[2019.01.07-03.10.27:343][  0]LogSlate: Could not find file for Slate resource: ../../../Engine/Content/Editor/Slate/Launcher/Android/Platform_Android_128x.png
[2019.01.07-03.10.27:343][  0]LogStreaming: Warning: Failed to read file '../../../Engine/Content/Editor/Slate/Launcher/Android/Platform_Android_128x.png' error.
[2019.01.07-03.10.27:343][  0]LogSlate: Could not find file for Slate resource: ../../../Engine/Content/Editor/Slate/Launcher/Android/Platform_Android_128x.png
[2019.01.07-03.10.27:343][  0]LogStreaming: Warning: Failed to read file '../../../Engine/Content/Editor/Slate/Launcher/Android/Platform_Android_ETC1_24x.png' error.
[2019.01.07-03.10.27:343][  0]LogSlate: Could not find file for Slate resource: ../../../Engine/Content/Editor/Slate/Launcher/Android/Platform_Android_ETC1_24x.png
[2019.01.07-03.10.27:344][  0]LogStreaming: Warning: Failed to read file '../../../Engine/Content/Editor/Slate/Launcher/Android/Platform_Android_128x.png' error.
[2019.01.07-03.10.27:344][  0]LogSlate: Could not find file for Slate resource: ../../../Engine/Content/Editor/Slate/Launcher/Android/Platform_Android_128x.png
[2019.01.07-03.10.27:344][  0]LogStreaming: Warning: Failed to read file '../../../Engine/Content/Editor/Slate/Launcher/Android/Platform_Android_128x.png' error.
[2019.01.07-03.10.27:344][  0]LogSlate: Could not find file for Slate resource: ../../../Engine/Content/Editor/Slate/Launcher/Android/Platform_Android_128x.png
[2019.01.07-03.10.27:344][  0]LogStreaming: Warning: Failed to read file '../../../Engine/Content/Editor/Slate/Launcher/Android/Platform_Android_ETC2_24x.png' error.
[2019.01.07-03.10.27:344][  0]LogSlate: Could not find file for Slate resource: ../../../Engine/Content/Editor/Slate/Launcher/Android/Platform_Android_ETC2_24x.png
[2019.01.07-03.10.27:344][  0]LogStreaming: Warning: Failed to read file '../../../Engine/Content/Editor/Slate/Launcher/Android/Platform_Android_128x.png' error.
[2019.01.07-03.10.27:344][  0]LogSlate: Could not find file for Slate resource: ../../../Engine/Content/Editor/Slate/Launcher/Android/Platform_Android_128x.png
[2019.01.07-03.10.27:344][  0]LogStreaming: Warning: Failed to read file '../../../Engine/Content/Editor/Slate/Launcher/Android/Platform_Android_128x.png' error.
[2019.01.07-03.10.27:344][  0]LogSlate: Could not find file for Slate resource: ../../../Engine/Content/Editor/Slate/Launcher/Android/Platform_Android_128x.png
[2019.01.07-03.10.27:344][  0]LogStreaming: Warning: Failed to read file '../../../Engine/Content/Editor/Slate/Launcher/Android/Platform_Android_PVRTC_24x.png' error.
[2019.01.07-03.10.27:344][  0]LogSlate: Could not find file for Slate resource: ../../../Engine/Content/Editor/Slate/Launcher/Android/Platform_Android_PVRTC_24x.png
[2019.01.07-03.10.27:344][  0]LogStreaming: Warning: Failed to read file '../../../Engine/Content/Editor/Slate/Launcher/Android/Platform_Android_128x.png' error.
[2019.01.07-03.10.27:344][  0]LogSlate: Could not find file for Slate resource: ../../../Engine/Content/Editor/Slate/Launcher/Android/Platform_Android_128x.png
[2019.01.07-03.10.27:344][  0]LogStreaming: Warning: Failed to read file '../../../Engine/Content/Editor/Slate/Launcher/Android/Platform_Android_128x.png' error.
[2019.01.07-03.10.27:344][  0]LogSlate: Could not find file for Slate resource: ../../../Engine/Content/Editor/Slate/Launcher/Android/Platform_Android_128x.png
[2019.01.07-03.10.27:344][  0]LogStreaming: Warning: Failed to read file '../../../Engine/Content/Editor/Slate/Launcher/Android/Platform_Android_ASTC_24x.png' error.
[2019.01.07-03.10.27:344][  0]LogSlate: Could not find file for Slate resource: ../../../Engine/Content/Editor/Slate/Launcher/Android/Platform_Android_ASTC_24x.png
[2019.01.07-03.10.27:344][  0]LogStreaming: Warning: Failed to read file '../../../Engine/Content/Editor/Slate/Launcher/Android/Platform_Android_128x.png' error.
[2019.01.07-03.10.27:344][  0]LogSlate: Could not find file for Slate resource: ../../../Engine/Content/Editor/Slate/Launcher/Android/Platform_Android_128x.png
[2019.01.07-03.10.27:344][  0]LogStreaming: Warning: Failed to read file '../../../Engine/Content/Editor/Slate/Launcher/Android/Platform_Android_128x.png' error.
[2019.01.07-03.10.27:344][  0]LogSlate: Could not find file for Slate resource: ../../../Engine/Content/Editor/Slate/Launcher/Android/Platform_Android_128x.png
[2019.01.07-03.10.27:344][  0]LogStreaming: Warning: Failed to read file '../../../Engine/Content/Editor/Slate/Launcher/Android/Platform_Android_24x.png' error.
[2019.01.07-03.10.27:344][  0]LogSlate: Could not find file for Slate resource: ../../../Engine/Content/Editor/Slate/Launcher/Android/Platform_Android_24x.png
[2019.01.07-03.10.27:344][  0]LogStreaming: Warning: Failed to read file '../../../Engine/Content/Editor/Slate/Launcher/Android/Platform_Android_128x.png' error.
[2019.01.07-03.10.27:344][  0]LogSlate: Could not find file for Slate resource: ../../../Engine/Content/Editor/Slate/Launcher/Android/Platform_Android_128x.png
[2019.01.07-03.10.27:344][  0]LogStreaming: Warning: Failed to read file '../../../Engine/Content/Editor/Slate/Launcher/Android/Platform_Android_128x.png' error.
[2019.01.07-03.10.27:344][  0]LogSlate: Could not find file for Slate resource: ../../../Engine/Content/Editor/Slate/Launcher/Android/Platform_Android_128x.png
[2019.01.07-03.10.27:344][  0]LogStreaming: Warning: Failed to read file '../../../Engine/Content/Editor/Slate/Launcher/Android/Platform_Android_24x.png' error.
[2019.01.07-03.10.27:344][  0]LogSlate: Could not find file for Slate resource: ../../../Engine/Content/Editor/Slate/Launcher/Android/Platform_Android_24x.png
[2019.01.07-03.10.27:344][  0]LogStreaming: Warning: Failed to read file '../../../Engine/Content/Editor/Slate/Launcher/Android/Platform_Android_128x.png' error.
[2019.01.07-03.10.27:344][  0]LogSlate: Could not find file for Slate resource: ../../../Engine/Content/Editor/Slate/Launcher/Android/Platform_Android_128x.png
[2019.01.07-03.10.27:344][  0]LogStreaming: Warning: Failed to read file '../../../Engine/Content/Editor/Slate/Launcher/Android/Platform_Android_128x.png' error.
[2019.01.07-03.10.27:344][  0]LogSlate: Could not find file for Slate resource: ../../../Engine/Content/Editor/Slate/Launcher/Android/Platform_Android_128x.png
[2019.01.07-03.10.27:344][  0]LogStreaming: Warning: Failed to read file '../../../Engine/Content/Editor/Slate/Launcher/Android/Platform_Android_ATC_24x.png' error.
[2019.01.07-03.10.27:344][  0]LogSlate: Could not find file for Slate resource: ../../../Engine/Content/Editor/Slate/Launcher/Android/Platform_Android_ATC_24x.png
[2019.01.07-03.10.27:344][  0]LogStreaming: Warning: Failed to read file '../../../Engine/Content/Editor/Slate/Launcher/Android/Platform_Android_128x.png' error.
[2019.01.07-03.10.27:345][  0]LogSlate: Could not find file for Slate resource: ../../../Engine/Content/Editor/Slate/Launcher/Android/Platform_Android_128x.png
[2019.01.07-03.10.27:345][  0]LogStreaming: Warning: Failed to read file '../../../Engine/Content/Editor/Slate/Launcher/Android/Platform_Android_128x.png' error.
[2019.01.07-03.10.27:345][  0]LogSlate: Could not find file for Slate resource: ../../../Engine/Content/Editor/Slate/Launcher/Android/Platform_Android_128x.png
[2019.01.07-03.10.27:345][  0]LogStreaming: Warning: Failed to read file '../../../Engine/Content/Editor/Slate/Launcher/Android/Platform_Android_DXT_24x.png' error.
[2019.01.07-03.10.27:345][  0]LogSlate: Could not find file for Slate resource: ../../../Engine/Content/Editor/Slate/Launcher/Android/Platform_Android_DXT_24x.png
[2019.01.07-03.10.27:345][  0]LogStreaming: Warning: Failed to read file '../../../Engine/Content/Editor/Slate/Launcher/Android/Platform_Android_128x.png' error.
[2019.01.07-03.10.27:345][  0]LogSlate: Could not find file for Slate resource: ../../../Engine/Content/Editor/Slate/Launcher/Android/Platform_Android_128x.png
[2019.01.07-03.10.27:345][  0]LogStreaming: Warning: Failed to read file '../../../Engine/Content/Editor/Slate/Launcher/Android/Platform_Android_128x.png' error.
[2019.01.07-03.10.27:345][  0]LogSlate: Could not find file for Slate resource: ../../../Engine/Content/Editor/Slate/Launcher/Android/Platform_Android_128x.png
[2019.01.07-03.10.27:345][  0]LogStreaming: Warning: Failed to read file '../../../Engine/Content/Editor/Slate/Launcher/Android/Platform_Android_ETC1_24x.png' error.
[2019.01.07-03.10.27:345][  0]LogSlate: Could not find file for Slate resource: ../../../Engine/Content/Editor/Slate/Launcher/Android/Platform_Android_ETC1_24x.png
[2019.01.07-03.10.27:345][  0]LogStreaming: Warning: Failed to read file '../../../Engine/Content/Editor/Slate/Launcher/Android/Platform_Android_128x.png' error.
[2019.01.07-03.10.27:345][  0]LogSlate: Could not find file for Slate resource: ../../../Engine/Content/Editor/Slate/Launcher/Android/Platform_Android_128x.png
[2019.01.07-03.10.27:345][  0]LogStreaming: Warning: Failed to read file '../../../Engine/Content/Editor/Slate/Launcher/Android/Platform_Android_128x.png' error.
[2019.01.07-03.10.27:345][  0]LogSlate: Could not find file for Slate resource: ../../../Engine/Content/Editor/Slate/Launcher/Android/Platform_Android_128x.png
[2019.01.07-03.10.27:345][  0]LogStreaming: Warning: Failed to read file '../../../Engine/Content/Editor/Slate/Launcher/Android/Platform_Android_ETC1_24x.png' error.
[2019.01.07-03.10.27:345][  0]LogSlate: Could not find file for Slate resource: ../../../Engine/Content/Editor/Slate/Launcher/Android/Platform_Android_ETC1_24x.png
[2019.01.07-03.10.27:345][  0]LogStreaming: Warning: Failed to read file '../../../Engine/Content/Editor/Slate/Launcher/Android/Platform_Android_128x.png' error.
[2019.01.07-03.10.27:345][  0]LogSlate: Could not find file for Slate resource: ../../../Engine/Content/Editor/Slate/Launcher/Android/Platform_Android_128x.png
[2019.01.07-03.10.27:345][  0]LogStreaming: Warning: Failed to read file '../../../Engine/Content/Editor/Slate/Launcher/Android/Platform_Android_128x.png' error.
[2019.01.07-03.10.27:345][  0]LogSlate: Could not find file for Slate resource: ../../../Engine/Content/Editor/Slate/Launcher/Android/Platform_Android_128x.png
[2019.01.07-03.10.27:345][  0]LogStreaming: Warning: Failed to read file '../../../Engine/Content/Editor/Slate/Launcher/Android/Platform_Android_ETC2_24x.png' error.
[2019.01.07-03.10.27:345][  0]LogSlate: Could not find file for Slate resource: ../../../Engine/Content/Editor/Slate/Launcher/Android/Platform_Android_ETC2_24x.png
[2019.01.07-03.10.27:345][  0]LogStreaming: Warning: Failed to read file '../../../Engine/Content/Editor/Slate/Launcher/Android/Platform_Android_128x.png' error.
[2019.01.07-03.10.27:345][  0]LogSlate: Could not find file for Slate resource: ../../../Engine/Content/Editor/Slate/Launcher/Android/Platform_Android_128x.png
[2019.01.07-03.10.27:345][  0]LogStreaming: Warning: Failed to read file '../../../Engine/Content/Editor/Slate/Launcher/Android/Platform_Android_128x.png' error.
[2019.01.07-03.10.27:345][  0]LogSlate: Could not find file for Slate resource: ../../../Engine/Content/Editor/Slate/Launcher/Android/Platform_Android_128x.png
[2019.01.07-03.10.27:345][  0]LogStreaming: Warning: Failed to read file '../../../Engine/Content/Editor/Slate/Launcher/Android/Platform_Android_PVRTC_24x.png' error.
[2019.01.07-03.10.27:345][  0]LogSlate: Could not find file for Slate resource: ../../../Engine/Content/Editor/Slate/Launcher/Android/Platform_Android_PVRTC_24x.png
[2019.01.07-03.10.27:345][  0]LogStreaming: Warning: Failed to read file '../../../Engine/Content/Editor/Slate/Launcher/Android/Platform_Android_128x.png' error.
[2019.01.07-03.10.27:345][  0]LogSlate: Could not find file for Slate resource: ../../../Engine/Content/Editor/Slate/Launcher/Android/Platform_Android_128x.png
[2019.01.07-03.10.27:345][  0]LogStreaming: Warning: Failed to read file '../../../Engine/Content/Editor/Slate/Launcher/Android/Platform_Android_128x.png' error.
[2019.01.07-03.10.27:345][  0]LogSlate: Could not find file for Slate resource: ../../../Engine/Content/Editor/Slate/Launcher/Android/Platform_Android_128x.png
[2019.01.07-03.10.27:345][  0]LogStreaming: Warning: Failed to read file '../../../Engine/Content/Editor/Slate/Launcher/Android/Platform_Android_ASTC_24x.png' error.
[2019.01.07-03.10.27:345][  0]LogSlate: Could not find file for Slate resource: ../../../Engine/Content/Editor/Slate/Launcher/Android/Platform_Android_ASTC_24x.png
[2019.01.07-03.10.27:345][  0]LogStreaming: Warning: Failed to read file '../../../Engine/Content/Editor/Slate/Launcher/Android/Platform_Android_128x.png' error.
[2019.01.07-03.10.27:345][  0]LogSlate: Could not find file for Slate resource: ../../../Engine/Content/Editor/Slate/Launcher/Android/Platform_Android_128x.png
[2019.01.07-03.10.27:345][  0]LogStreaming: Warning: Failed to read file '../../../Engine/Content/Editor/Slate/Launcher/Android/Platform_Android_128x.png' error.
[2019.01.07-03.10.27:345][  0]LogSlate: Could not find file for Slate resource: ../../../Engine/Content/Editor/Slate/Launcher/Android/Platform_Android_128x.png
[2019.01.07-03.10.27:632][  0]LogTcpMessaging: Initializing TcpMessaging bridge
[2019.01.07-03.10.27:645][  0]LogUdpMessaging: Initializing bridge on interface 0.0.0.0:0 to multicast group 230.0.0.1:6666.
[2019.01.07-03.10.27:766][  0]SourceControl: Source control is disabled
[2019.01.07-03.10.27:766][  0]SourceControl: Source control is disabled
[2019.01.07-03.10.27:767][  0]SourceControl: Source control is disabled
[2019.01.07-03.10.27:768][  0]SourceControl: Source control is disabled
[2019.01.07-03.10.27:911][  0]LogAndroidPermission: UAndroidPermissionCallbackProxy::GetInstance
[2019.01.07-03.10.27:983][  0]LogOcInput: OculusInput pre-init called
[2019.01.07-03.10.28:033][  0]LogEngine: Initializing Engine...
[2019.01.07-03.10.28:033][  0]LogHMD: Failed to initialize OpenVR with code 110
[2019.01.07-03.10.28:034][  0]LogStats: UGameplayTagsManager::ConstructGameplayTagTree: ImportINI prefixes -  0.000 s
[2019.01.07-03.10.28:034][  0]LogStats: UGameplayTagsManager::ConstructGameplayTagTree: Construct from data asset -  0.000 s
[2019.01.07-03.10.28:034][  0]LogStats: UGameplayTagsManager::ConstructGameplayTagTree: ImportINI -  0.000 s
[2019.01.07-03.10.28:034][  0]LogStats: UGameplayTagsManager::ConstructGameplayTagTree: GameplayTagTreeChangedEvent.Broadcast -  0.000 s
[2019.01.07-03.10.28:231][  0]LogInit: Initializing FReadOnlyCVARCache
[2019.01.07-03.10.28:240][  0]LogAIModule: Creating AISystem for world Untitled
[2019.01.07-03.10.28:256][  0]LogInit: XAudio2 using '扬声器 (2- Realtek High Definition Audio)' : 2 channels at 48 kHz using 16 bits per sample (channel mask 0x3)
[2019.01.07-03.10.28:270][  0]LogInit: FAudioDevice initialized.
[2019.01.07-03.10.28:270][  0]LogNetVersion: Set ProjectVersion to 1.0.0.0. Version Checksum will be recalculated on next use.
[2019.01.07-03.10.28:590][  0]LogDerivedDataCache: Saved boot cache 0.32s 71MB ../../../../Work/Warframe_A/DerivedDataCache/Boot.ddc.
[2019.01.07-03.10.28:593][  0]LogInit: Texture streaming: Enabled
[2019.01.07-03.10.28:606][  0]LogEngineSessionManager: EngineSessionManager initialized
[2019.01.07-03.10.28:615][  0]LogInit: Transaction tracking system initialized
[2019.01.07-03.10.28:629][  0]BlueprintLog: New page: Editor Load
[2019.01.07-03.10.28:676][  0]LocalizationService: Localization service is disabled
[2019.01.07-03.10.29:103][  0]LogCook: Display: Max memory allowance for cook 16384mb min free memory 0mb
[2019.01.07-03.10.29:103][  0]LogCook: Display: Mobile HDR setting 1
[2019.01.07-03.10.29:103][  0]LogGameplayTags: Display: UGameplayTagsManager::DoneAddingNativeTags. DelegateIsBound: 0
[2019.01.07-03.10.29:103][  0]LogStats: UGameplayTagsManager::ConstructGameplayTagTree: ImportINI prefixes -  0.000 s
[2019.01.07-03.10.29:103][  0]LogStats: UGameplayTagsManager::ConstructGameplayTagTree: Construct from data asset -  0.000 s
[2019.01.07-03.10.29:103][  0]LogStats: UGameplayTagsManager::ConstructGameplayTagTree: ImportINI -  0.000 s
[2019.01.07-03.10.29:103][  0]LogStats: UGameplayTagsManager::ConstructGameplayTagTree: GameplayTagTreeChangedEvent.Broadcast -  0.000 s
[2019.01.07-03.10.29:179][  0]LogFileCache: Scanning file cache for directory 'Q:/Work/Warframe_A/Content/' took 0.03s
[2019.01.07-03.10.29:179][  0]SourceControl: Source control is disabled
[2019.01.07-03.10.29:179][  0]Cmd: MAP LOAD FILE="../../../../Work/Warframe_A/Content/ThirdPersonBP/Maps/ThirdPersonExampleMap.umap" TEMPLATE=0 SHOWPROGRESS=1 FEATURELEVEL=3
[2019.01.07-03.10.29:179][  0]LightingResults: New page: Lighting Build
[2019.01.07-03.10.29:181][  0]MapCheck: New page: Map Check
[2019.01.07-03.10.29:181][  0]LightingResults: New page: Lighting Build
[2019.01.07-03.10.33:373][  0]LogAIModule: Creating AISystem for world ThirdPersonExampleMap
[2019.01.07-03.10.33:571][  0]LogEditorServer: Finished looking for orphan Actors (0.000 secs)
[2019.01.07-03.10.33:595][  0]Cmd: MAP CHECKDEP NOCLEARLOG
[2019.01.07-03.10.33:639][  0]MapCheck: Map check complete: 0 Error(s), 0 Warning(s), took 42.887ms to complete.
[2019.01.07-03.10.33:639][  0]LogFileHelpers: Loading map 'ThirdPersonExampleMap' took 4.460
[2019.01.07-03.10.34:109][  0]LogSlate: Updating window title bar state: overlay mode, drag disabled, window buttons hidden, title bar hidden
[2019.01.07-03.10.34:131][  0]LogSlate: Updating window title bar state: overlay mode, drag disabled, window buttons hidden, title bar hidden
[2019.01.07-03.10.34:136][  0]LogSlate: Updating window title bar state: overlay mode, drag disabled, window buttons hidden, title bar hidden
[2019.01.07-03.10.34:141][  0]LogSlate: Updating window title bar state: overlay mode, drag disabled, window buttons hidden, title bar hidden
[2019.01.07-03.10.34:148][  0]LogCollectionManager: Loaded 0 collections in 0.000755 seconds
[2019.01.07-03.10.34:243][  0]LogFileCache: Scanning file cache for directory 'Q:/Work/Warframe_A/Saved/Collections/' took 0.01s
[2019.01.07-03.10.34:243][  0]LogFileCache: Scanning file cache for directory 'Q:/Work/Warframe_A/Content/Developers/aer/Collections/' took 0.01s
[2019.01.07-03.10.34:243][  0]LogFileCache: Scanning file cache for directory 'Q:/Work/Warframe_A/Content/Collections/' took 0.01s
[2019.01.07-03.10.34:243][  0]LogCollectionManager: Rebuilt the GUID cache for 0 collections in 0.000000 seconds
[2019.01.07-03.10.34:250][  0]LogContentBrowser: Native class hierarchy populated in 0.0069 seconds. Added 2571 classes and 601 folders.
[2019.01.07-03.10.34:318][  0]LogContentBrowser: Native class hierarchy updated for 'WidgetCarousel' in 0.0002 seconds. Added 0 classes and 0 folders.
[2019.01.07-03.10.37:178][  0]LogContentBrowser: Native class hierarchy updated for 'AddContentDialog' in 0.0002 seconds. Added 0 classes and 0 folders.
[2019.01.07-03.10.37:226][  0]LogContentBrowser: Native class hierarchy updated for 'SceneOutliner' in 0.0002 seconds. Added 1 classes and 2 folders.
[2019.01.07-03.10.37:543][  0]LogSlate: Took 0.000160 seconds to synchronously load lazily loaded font '../../../Engine/Content/Slate/Fonts/Roboto-Regular.ttf' (155K)
[2019.01.07-03.10.37:544][  0]LogSlate: Took 0.000121 seconds to synchronously load lazily loaded font '../../../Engine/Content/Slate/Fonts/Roboto-Bold.ttf' (160K)
[2019.01.07-03.10.37:604][  0]LogSlate: Took 0.015623 seconds to synchronously load lazily loaded font '../../../Engine/Content/Editor/Slate/Fonts/FontAwesome.ttf' (139K)
[2019.01.07-03.10.38:130][  0]LogRenderer: Reallocating scene render targets to support 1208x576 Format 10 NumSamples 1 (Frame:1).
[2019.01.07-03.10.38:351][  0]LogContentBrowser: Native class hierarchy updated for 'HierarchicalLODOutliner' in 0.0002 seconds. Added 0 classes and 0 folders.
[2019.01.07-03.10.38:351][  0]LogLoad: (Engine Initialization) Total time: 17.99 seconds
[2019.01.07-03.10.38:351][  0]LogLoad: (Engine Initialization) Total Blueprint compile time: 0.00 seconds
[2019.01.07-03.10.38:410][  0]LogContentStreaming: Texture pool size now 3000 MB
[2019.01.07-03.10.38:519][  0]LogSlate: Took 0.031431 seconds to synchronously load lazily loaded font '../../../Engine/Content/Slate/Fonts/Roboto-Light.ttf' (167K)
[2019.01.07-03.10.38:558][  1]LogAssetRegistry: Asset discovery search completed in 12.4348 seconds
[2019.01.07-03.10.38:560][  1]LogCollectionManager: Rebuilt the object cache for 0 collections in 0.000004 seconds (found 0 objects)
[2019.01.07-03.10.38:560][  1]LogCollectionManager: Fixed up redirectors for 0 collections in 0.000040 seconds (updated 0 objects)
[2019.01.07-03.10.59:303][ 63]LogEditorViewport: Clicking on Actor (LMB): StaticMeshActor (Floor)
